<?xml version="1.0" encoding="UTF-8"?>
<testsuite xmlns:xsi="http://www.w3.org/2001/XMLSchema-instance" xsi:noNamespaceSchemaLocation="https://maven.apache.org/surefire/maven-surefire-plugin/xsd/surefire-test-report.xsd" name="com.itmuch.contentcenter.ContentCenterApplicationTests" time="27.445" tests="1" errors="1" skipped="0" failures="0">
  <properties>
    <property name="gopherProxySet" value="false"/>
    <property name="awt.toolkit" value="sun.lwawt.macosx.LWCToolkit"/>
    <property name="file.encoding.pkg" value="sun.io"/>
    <property name="java.specification.version" value="1.8"/>
    <property name="sun.cpu.isalist" value=""/>
    <property name="sun.jnu.encoding" value="UTF-8"/>
    <property name="java.class.path" value="/Users/newhans/studyShare/content-center-12/target/test-classes:/Users/newhans/studyShare/content-center-12/target/classes:/Users/newhans/.m2/repository/org/springframework/boot/spring-boot-starter-web/2.1.5.RELEASE/spring-boot-starter-web-2.1.5.RELEASE.jar:/Users/newhans/.m2/repository/org/springframework/boot/spring-boot-starter/2.1.5.RELEASE/spring-boot-starter-2.1.5.RELEASE.jar:/Users/newhans/.m2/repository/org/springframework/boot/spring-boot/2.1.5.RELEASE/spring-boot-2.1.5.RELEASE.jar:/Users/newhans/.m2/repository/org/springframework/boot/spring-boot-autoconfigure/2.1.5.RELEASE/spring-boot-autoconfigure-2.1.5.RELEASE.jar:/Users/newhans/.m2/repository/org/springframework/boot/spring-boot-starter-logging/2.1.5.RELEASE/spring-boot-starter-logging-2.1.5.RELEASE.jar:/Users/newhans/.m2/repository/ch/qos/logback/logback-classic/1.2.3/logback-classic-1.2.3.jar:/Users/newhans/.m2/repository/ch/qos/logback/logback-core/1.2.3/logback-core-1.2.3.jar:/Users/newhans/.m2/repository/org/apache/logging/log4j/log4j-to-slf4j/2.11.2/log4j-to-slf4j-2.11.2.jar:/Users/newhans/.m2/repository/org/apache/logging/log4j/log4j-api/2.11.2/log4j-api-2.11.2.jar:/Users/newhans/.m2/repository/org/slf4j/jul-to-slf4j/1.7.26/jul-to-slf4j-1.7.26.jar:/Users/newhans/.m2/repository/javax/annotation/javax.annotation-api/1.3.2/javax.annotation-api-1.3.2.jar:/Users/newhans/.m2/repository/org/yaml/snakeyaml/1.23/snakeyaml-1.23.jar:/Users/newhans/.m2/repository/org/springframework/boot/spring-boot-starter-json/2.1.5.RELEASE/spring-boot-starter-json-2.1.5.RELEASE.jar:/Users/newhans/.m2/repository/com/fasterxml/jackson/datatype/jackson-datatype-jdk8/2.9.8/jackson-datatype-jdk8-2.9.8.jar:/Users/newhans/.m2/repository/com/fasterxml/jackson/datatype/jackson-datatype-jsr310/2.9.8/jackson-datatype-jsr310-2.9.8.jar:/Users/newhans/.m2/repository/com/fasterxml/jackson/module/jackson-module-parameter-names/2.9.8/jackson-module-parameter-names-2.9.8.jar:/Users/newhans/.m2/repository/org/springframework/boot/spring-boot-starter-tomcat/2.1.5.RELEASE/spring-boot-starter-tomcat-2.1.5.RELEASE.jar:/Users/newhans/.m2/repository/org/apache/tomcat/embed/tomcat-embed-core/9.0.19/tomcat-embed-core-9.0.19.jar:/Users/newhans/.m2/repository/org/apache/tomcat/embed/tomcat-embed-el/9.0.19/tomcat-embed-el-9.0.19.jar:/Users/newhans/.m2/repository/org/apache/tomcat/embed/tomcat-embed-websocket/9.0.19/tomcat-embed-websocket-9.0.19.jar:/Users/newhans/.m2/repository/org/hibernate/validator/hibernate-validator/6.0.16.Final/hibernate-validator-6.0.16.Final.jar:/Users/newhans/.m2/repository/javax/validation/validation-api/2.0.1.Final/validation-api-2.0.1.Final.jar:/Users/newhans/.m2/repository/org/jboss/logging/jboss-logging/3.3.2.Final/jboss-logging-3.3.2.Final.jar:/Users/newhans/.m2/repository/com/fasterxml/classmate/1.4.0/classmate-1.4.0.jar:/Users/newhans/.m2/repository/org/springframework/spring-web/5.1.7.RELEASE/spring-web-5.1.7.RELEASE.jar:/Users/newhans/.m2/repository/org/springframework/spring-beans/5.1.7.RELEASE/spring-beans-5.1.7.RELEASE.jar:/Users/newhans/.m2/repository/org/springframework/spring-webmvc/5.1.7.RELEASE/spring-webmvc-5.1.7.RELEASE.jar:/Users/newhans/.m2/repository/org/springframework/spring-context/5.1.7.RELEASE/spring-context-5.1.7.RELEASE.jar:/Users/newhans/.m2/repository/org/springframework/spring-expression/5.1.7.RELEASE/spring-expression-5.1.7.RELEASE.jar:/Users/newhans/.m2/repository/tk/mybatis/mapper-spring-boot-starter/2.1.5/mapper-spring-boot-starter-2.1.5.jar:/Users/newhans/.m2/repository/org/springframework/boot/spring-boot-starter-jdbc/2.1.5.RELEASE/spring-boot-starter-jdbc-2.1.5.RELEASE.jar:/Users/newhans/.m2/repository/com/zaxxer/HikariCP/3.2.0/HikariCP-3.2.0.jar:/Users/newhans/.m2/repository/org/springframework/spring-jdbc/5.1.7.RELEASE/spring-jdbc-5.1.7.RELEASE.jar:/Users/newhans/.m2/repository/org/springframework/spring-tx/5.1.7.RELEASE/spring-tx-5.1.7.RELEASE.jar:/Users/newhans/.m2/repository/org/mybatis/mybatis/3.4.6/mybatis-3.4.6.jar:/Users/newhans/.m2/repository/org/mybatis/mybatis-spring/1.3.2/mybatis-spring-1.3.2.jar:/Users/newhans/.m2/repository/tk/mybatis/mapper-core/1.1.5/mapper-core-1.1.5.jar:/Users/newhans/.m2/repository/javax/persistence/persistence-api/1.0/persistence-api-1.0.jar:/Users/newhans/.m2/repository/tk/mybatis/mapper-base/1.1.5/mapper-base-1.1.5.jar:/Users/newhans/.m2/repository/tk/mybatis/mapper-weekend/1.1.5/mapper-weekend-1.1.5.jar:/Users/newhans/.m2/repository/tk/mybatis/mapper-spring/1.1.5/mapper-spring-1.1.5.jar:/Users/newhans/.m2/repository/tk/mybatis/mapper-extra/1.1.5/mapper-extra-1.1.5.jar:/Users/newhans/.m2/repository/tk/mybatis/mapper-spring-boot-autoconfigure/2.1.5/mapper-spring-boot-autoconfigure-2.1.5.jar:/Users/newhans/.m2/repository/mysql/mysql-connector-java/8.0.16/mysql-connector-java-8.0.16.jar:/Users/newhans/.m2/repository/org/springframework/boot/spring-boot-starter-test/2.1.5.RELEASE/spring-boot-starter-test-2.1.5.RELEASE.jar:/Users/newhans/.m2/repository/org/springframework/boot/spring-boot-test/2.1.5.RELEASE/spring-boot-test-2.1.5.RELEASE.jar:/Users/newhans/.m2/repository/org/springframework/boot/spring-boot-test-autoconfigure/2.1.5.RELEASE/spring-boot-test-autoconfigure-2.1.5.RELEASE.jar:/Users/newhans/.m2/repository/com/jayway/jsonpath/json-path/2.4.0/json-path-2.4.0.jar:/Users/newhans/.m2/repository/net/minidev/json-smart/2.3/json-smart-2.3.jar:/Users/newhans/.m2/repository/net/minidev/accessors-smart/1.2/accessors-smart-1.2.jar:/Users/newhans/.m2/repository/org/ow2/asm/asm/5.0.4/asm-5.0.4.jar:/Users/newhans/.m2/repository/org/slf4j/slf4j-api/1.7.26/slf4j-api-1.7.26.jar:/Users/newhans/.m2/repository/junit/junit/4.12/junit-4.12.jar:/Users/newhans/.m2/repository/org/assertj/assertj-core/3.11.1/assertj-core-3.11.1.jar:/Users/newhans/.m2/repository/org/mockito/mockito-core/2.23.4/mockito-core-2.23.4.jar:/Users/newhans/.m2/repository/net/bytebuddy/byte-buddy/1.9.12/byte-buddy-1.9.12.jar:/Users/newhans/.m2/repository/net/bytebuddy/byte-buddy-agent/1.9.12/byte-buddy-agent-1.9.12.jar:/Users/newhans/.m2/repository/org/objenesis/objenesis/2.6/objenesis-2.6.jar:/Users/newhans/.m2/repository/org/hamcrest/hamcrest-core/1.3/hamcrest-core-1.3.jar:/Users/newhans/.m2/repository/org/hamcrest/hamcrest-library/1.3/hamcrest-library-1.3.jar:/Users/newhans/.m2/repository/org/skyscreamer/jsonassert/1.5.0/jsonassert-1.5.0.jar:/Users/newhans/.m2/repository/com/vaadin/external/google/android-json/0.0.20131108.vaadin1/android-json-0.0.20131108.vaadin1.jar:/Users/newhans/.m2/repository/org/springframework/spring-core/5.1.7.RELEASE/spring-core-5.1.7.RELEASE.jar:/Users/newhans/.m2/repository/org/springframework/spring-jcl/5.1.7.RELEASE/spring-jcl-5.1.7.RELEASE.jar:/Users/newhans/.m2/repository/org/springframework/spring-test/5.1.7.RELEASE/spring-test-5.1.7.RELEASE.jar:/Users/newhans/.m2/repository/org/xmlunit/xmlunit-core/2.6.2/xmlunit-core-2.6.2.jar:/Users/newhans/.m2/repository/org/projectlombok/lombok/1.18.8/lombok-1.18.8.jar:/Users/newhans/.m2/repository/org/springframework/cloud/spring-cloud-starter-alibaba-nacos-discovery/0.9.0.RELEASE/spring-cloud-starter-alibaba-nacos-discovery-0.9.0.RELEASE.jar:/Users/newhans/.m2/repository/org/springframework/cloud/spring-cloud-alibaba-nacos-discovery/0.9.0.RELEASE/spring-cloud-alibaba-nacos-discovery-0.9.0.RELEASE.jar:/Users/newhans/.m2/repository/com/alibaba/nacos/nacos-client/1.0.0/nacos-client-1.0.0.jar:/Users/newhans/.m2/repository/com/alibaba/nacos/nacos-common/1.0.0/nacos-common-1.0.0.jar:/Users/newhans/.m2/repository/commons-io/commons-io/2.2/commons-io-2.2.jar:/Users/newhans/.m2/repository/com/alibaba/nacos/nacos-api/1.0.0/nacos-api-1.0.0.jar:/Users/newhans/.m2/repository/com/alibaba/fastjson/1.2.47/fastjson-1.2.47.jar:/Users/newhans/.m2/repository/com/google/guava/guava/19.0/guava-19.0.jar:/Users/newhans/.m2/repository/io/prometheus/simpleclient/0.5.0/simpleclient-0.5.0.jar:/Users/newhans/.m2/repository/org/springframework/cloud/spring-cloud-context/2.1.1.RELEASE/spring-cloud-context-2.1.1.RELEASE.jar:/Users/newhans/.m2/repository/org/springframework/cloud/spring-cloud-starter-netflix-ribbon/2.1.1.RELEASE/spring-cloud-starter-netflix-ribbon-2.1.1.RELEASE.jar:/Users/newhans/.m2/repository/org/springframework/cloud/spring-cloud-starter-netflix-archaius/2.1.1.RELEASE/spring-cloud-starter-netflix-archaius-2.1.1.RELEASE.jar:/Users/newhans/.m2/repository/com/netflix/ribbon/ribbon/2.3.0/ribbon-2.3.0.jar:/Users/newhans/.m2/repository/com/netflix/ribbon/ribbon-transport/2.3.0/ribbon-transport-2.3.0.jar:/Users/newhans/.m2/repository/io/reactivex/rxnetty-contexts/0.4.9/rxnetty-contexts-0.4.9.jar:/Users/newhans/.m2/repository/io/reactivex/rxnetty-servo/0.4.9/rxnetty-servo-0.4.9.jar:/Users/newhans/.m2/repository/javax/inject/javax.inject/1/javax.inject-1.jar:/Users/newhans/.m2/repository/io/reactivex/rxnetty/0.4.9/rxnetty-0.4.9.jar:/Users/newhans/.m2/repository/com/netflix/ribbon/ribbon-core/2.3.0/ribbon-core-2.3.0.jar:/Users/newhans/.m2/repository/commons-lang/commons-lang/2.6/commons-lang-2.6.jar:/Users/newhans/.m2/repository/com/netflix/ribbon/ribbon-httpclient/2.3.0/ribbon-httpclient-2.3.0.jar:/Users/newhans/.m2/repository/commons-collections/commons-collections/3.2.2/commons-collections-3.2.2.jar:/Users/newhans/.m2/repository/com/sun/jersey/jersey-client/1.19.1/jersey-client-1.19.1.jar:/Users/newhans/.m2/repository/com/sun/jersey/jersey-core/1.19.1/jersey-core-1.19.1.jar:/Users/newhans/.m2/repository/javax/ws/rs/jsr311-api/1.1.1/jsr311-api-1.1.1.jar:/Users/newhans/.m2/repository/com/sun/jersey/contribs/jersey-apache-client4/1.19.1/jersey-apache-client4-1.19.1.jar:/Users/newhans/.m2/repository/com/netflix/servo/servo-core/0.12.21/servo-core-0.12.21.jar:/Users/newhans/.m2/repository/com/netflix/netflix-commons/netflix-commons-util/0.3.0/netflix-commons-util-0.3.0.jar:/Users/newhans/.m2/repository/com/netflix/ribbon/ribbon-loadbalancer/2.3.0/ribbon-loadbalancer-2.3.0.jar:/Users/newhans/.m2/repository/com/netflix/netflix-commons/netflix-statistics/0.1.1/netflix-statistics-0.1.1.jar:/Users/newhans/.m2/repository/io/reactivex/rxjava/1.3.8/rxjava-1.3.8.jar:/Users/newhans/.m2/repository/org/springframework/cloud/spring-cloud-starter-openfeign/2.1.1.RELEASE/spring-cloud-starter-openfeign-2.1.1.RELEASE.jar:/Users/newhans/.m2/repository/org/springframework/cloud/spring-cloud-starter/2.1.1.RELEASE/spring-cloud-starter-2.1.1.RELEASE.jar:/Users/newhans/.m2/repository/org/springframework/security/spring-security-rsa/1.0.7.RELEASE/spring-security-rsa-1.0.7.RELEASE.jar:/Users/newhans/.m2/repository/org/bouncycastle/bcpkix-jdk15on/1.60/bcpkix-jdk15on-1.60.jar:/Users/newhans/.m2/repository/org/bouncycastle/bcprov-jdk15on/1.60/bcprov-jdk15on-1.60.jar:/Users/newhans/.m2/repository/org/springframework/cloud/spring-cloud-openfeign-core/2.1.1.RELEASE/spring-cloud-openfeign-core-2.1.1.RELEASE.jar:/Users/newhans/.m2/repository/org/springframework/cloud/spring-cloud-netflix-ribbon/2.1.1.RELEASE/spring-cloud-netflix-ribbon-2.1.1.RELEASE.jar:/Users/newhans/.m2/repository/org/springframework/cloud/spring-cloud-netflix-archaius/2.1.1.RELEASE/spring-cloud-netflix-archaius-2.1.1.RELEASE.jar:/Users/newhans/.m2/repository/io/github/openfeign/form/feign-form-spring/3.5.0/feign-form-spring-3.5.0.jar:/Users/newhans/.m2/repository/io/github/openfeign/form/feign-form/3.5.0/feign-form-3.5.0.jar:/Users/newhans/.m2/repository/commons-fileupload/commons-fileupload/1.3.3/commons-fileupload-1.3.3.jar:/Users/newhans/.m2/repository/org/springframework/cloud/spring-cloud-commons/2.1.1.RELEASE/spring-cloud-commons-2.1.1.RELEASE.jar:/Users/newhans/.m2/repository/org/springframework/security/spring-security-crypto/5.1.5.RELEASE/spring-security-crypto-5.1.5.RELEASE.jar:/Users/newhans/.m2/repository/io/github/openfeign/feign-core/10.1.0/feign-core-10.1.0.jar:/Users/newhans/.m2/repository/io/github/openfeign/feign-slf4j/10.1.0/feign-slf4j-10.1.0.jar:/Users/newhans/.m2/repository/io/github/openfeign/feign-hystrix/10.1.0/feign-hystrix-10.1.0.jar:/Users/newhans/.m2/repository/com/netflix/archaius/archaius-core/0.7.6/archaius-core-0.7.6.jar:/Users/newhans/.m2/repository/com/google/code/findbugs/jsr305/3.0.1/jsr305-3.0.1.jar:/Users/newhans/.m2/repository/commons-configuration/commons-configuration/1.8/commons-configuration-1.8.jar:/Users/newhans/.m2/repository/com/netflix/hystrix/hystrix-core/1.5.18/hystrix-core-1.5.18.jar:/Users/newhans/.m2/repository/io/github/openfeign/feign-httpclient/10.1.0/feign-httpclient-10.1.0.jar:/Users/newhans/.m2/repository/org/apache/httpcomponents/httpclient/4.5.8/httpclient-4.5.8.jar:/Users/newhans/.m2/repository/org/apache/httpcomponents/httpcore/4.4.11/httpcore-4.4.11.jar:/Users/newhans/.m2/repository/commons-codec/commons-codec/1.11/commons-codec-1.11.jar:/Users/newhans/.m2/repository/org/springframework/cloud/spring-cloud-starter-alibaba-sentinel/0.9.0.RELEASE/spring-cloud-starter-alibaba-sentinel-0.9.0.RELEASE.jar:/Users/newhans/.m2/repository/org/springframework/cloud/spring-cloud-alibaba-sentinel/0.9.0.RELEASE/spring-cloud-alibaba-sentinel-0.9.0.RELEASE.jar:/Users/newhans/.m2/repository/com/alibaba/csp/sentinel-web-servlet/1.5.2/sentinel-web-servlet-1.5.2.jar:/Users/newhans/.m2/repository/com/alibaba/csp/sentinel-core/1.5.2/sentinel-core-1.5.2.jar:/Users/newhans/.m2/repository/com/alibaba/csp/sentinel-transport-simple-http/1.5.2/sentinel-transport-simple-http-1.5.2.jar:/Users/newhans/.m2/repository/com/alibaba/csp/sentinel-transport-common/1.5.2/sentinel-transport-common-1.5.2.jar:/Users/newhans/.m2/repository/com/alibaba/csp/sentinel-datasource-extension/1.5.2/sentinel-datasource-extension-1.5.2.jar:/Users/newhans/.m2/repository/com/alibaba/csp/sentinel-annotation-aspectj/1.5.2/sentinel-annotation-aspectj-1.5.2.jar:/Users/newhans/.m2/repository/org/aspectj/aspectjrt/1.9.4/aspectjrt-1.9.4.jar:/Users/newhans/.m2/repository/com/alibaba/csp/sentinel-parameter-flow-control/1.5.2/sentinel-parameter-flow-control-1.5.2.jar:/Users/newhans/.m2/repository/com/googlecode/concurrentlinkedhashmap/concurrentlinkedhashmap-lru/1.4.2/concurrentlinkedhashmap-lru-1.4.2.jar:/Users/newhans/.m2/repository/com/alibaba/csp/sentinel-cluster-server-default/1.5.2/sentinel-cluster-server-default-1.5.2.jar:/Users/newhans/.m2/repository/com/alibaba/csp/sentinel-cluster-common-default/1.5.2/sentinel-cluster-common-default-1.5.2.jar:/Users/newhans/.m2/repository/io/netty/netty-handler/4.1.36.Final/netty-handler-4.1.36.Final.jar:/Users/newhans/.m2/repository/io/netty/netty-common/4.1.36.Final/netty-common-4.1.36.Final.jar:/Users/newhans/.m2/repository/io/netty/netty-buffer/4.1.36.Final/netty-buffer-4.1.36.Final.jar:/Users/newhans/.m2/repository/io/netty/netty-transport/4.1.36.Final/netty-transport-4.1.36.Final.jar:/Users/newhans/.m2/repository/io/netty/netty-resolver/4.1.36.Final/netty-resolver-4.1.36.Final.jar:/Users/newhans/.m2/repository/io/netty/netty-codec/4.1.36.Final/netty-codec-4.1.36.Final.jar:/Users/newhans/.m2/repository/com/alibaba/csp/sentinel-cluster-client-default/1.5.2/sentinel-cluster-client-default-1.5.2.jar:/Users/newhans/.m2/repository/org/springframework/cloud/spring-cloud-alibaba-sentinel-datasource/0.9.0.RELEASE/spring-cloud-alibaba-sentinel-datasource-0.9.0.RELEASE.jar:/Users/newhans/.m2/repository/org/springframework/boot/spring-boot-starter-actuator/2.1.5.RELEASE/spring-boot-starter-actuator-2.1.5.RELEASE.jar:/Users/newhans/.m2/repository/org/springframework/boot/spring-boot-actuator-autoconfigure/2.1.5.RELEASE/spring-boot-actuator-autoconfigure-2.1.5.RELEASE.jar:/Users/newhans/.m2/repository/org/springframework/boot/spring-boot-actuator/2.1.5.RELEASE/spring-boot-actuator-2.1.5.RELEASE.jar:/Users/newhans/.m2/repository/io/micrometer/micrometer-core/1.1.4/micrometer-core-1.1.4.jar:/Users/newhans/.m2/repository/org/hdrhistogram/HdrHistogram/2.1.9/HdrHistogram-2.1.9.jar:/Users/newhans/.m2/repository/org/latencyutils/LatencyUtils/2.0.3/LatencyUtils-2.0.3.jar:/Users/newhans/.m2/repository/org/apache/rocketmq/rocketmq-spring-boot-starter/2.0.3/rocketmq-spring-boot-starter-2.0.3.jar:/Users/newhans/.m2/repository/org/apache/rocketmq/rocketmq-spring-boot/2.0.3/rocketmq-spring-boot-2.0.3.jar:/Users/newhans/.m2/repository/org/apache/rocketmq/rocketmq-client/4.5.1/rocketmq-client-4.5.1.jar:/Users/newhans/.m2/repository/org/apache/rocketmq/rocketmq-common/4.5.1/rocketmq-common-4.5.1.jar:/Users/newhans/.m2/repository/org/apache/commons/commons-lang3/3.8.1/commons-lang3-3.8.1.jar:/Users/newhans/.m2/repository/org/apache/rocketmq/rocketmq-acl/4.5.1/rocketmq-acl-4.5.1.jar:/Users/newhans/.m2/repository/org/apache/rocketmq/rocketmq-remoting/4.5.1/rocketmq-remoting-4.5.1.jar:/Users/newhans/.m2/repository/io/netty/netty-all/4.1.36.Final/netty-all-4.1.36.Final.jar:/Users/newhans/.m2/repository/io/netty/netty-tcnative-boringssl-static/2.0.25.Final/netty-tcnative-boringssl-static-2.0.25.Final.jar:/Users/newhans/.m2/repository/org/apache/rocketmq/rocketmq-logging/4.5.1/rocketmq-logging-4.5.1.jar:/Users/newhans/.m2/repository/org/apache/rocketmq/rocketmq-srvutil/4.5.1/rocketmq-srvutil-4.5.1.jar:/Users/newhans/.m2/repository/commons-cli/commons-cli/1.2/commons-cli-1.2.jar:/Users/newhans/.m2/repository/org/springframework/spring-messaging/5.1.7.RELEASE/spring-messaging-5.1.7.RELEASE.jar:/Users/newhans/.m2/repository/org/springframework/boot/spring-boot-starter-validation/2.1.5.RELEASE/spring-boot-starter-validation-2.1.5.RELEASE.jar:/Users/newhans/.m2/repository/org/springframework/cloud/spring-cloud-starter-stream-rocketmq/0.9.0.RELEASE/spring-cloud-starter-stream-rocketmq-0.9.0.RELEASE.jar:/Users/newhans/.m2/repository/org/springframework/cloud/spring-cloud-stream-binder-rocketmq/0.9.0.RELEASE/spring-cloud-stream-binder-rocketmq-0.9.0.RELEASE.jar:/Users/newhans/.m2/repository/org/springframework/cloud/spring-cloud-stream/2.1.2.RELEASE/spring-cloud-stream-2.1.2.RELEASE.jar:/Users/newhans/.m2/repository/org/springframework/integration/spring-integration-core/5.1.5.RELEASE/spring-integration-core-5.1.5.RELEASE.jar:/Users/newhans/.m2/repository/io/projectreactor/reactor-core/3.2.9.RELEASE/reactor-core-3.2.9.RELEASE.jar:/Users/newhans/.m2/repository/org/reactivestreams/reactive-streams/1.0.2/reactive-streams-1.0.2.jar:/Users/newhans/.m2/repository/org/springframework/integration/spring-integration-jmx/5.1.5.RELEASE/spring-integration-jmx-5.1.5.RELEASE.jar:/Users/newhans/.m2/repository/org/springframework/spring-tuple/1.0.0.RELEASE/spring-tuple-1.0.0.RELEASE.jar:/Users/newhans/.m2/repository/com/esotericsoftware/kryo-shaded/3.0.3/kryo-shaded-3.0.3.jar:/Users/newhans/.m2/repository/com/esotericsoftware/minlog/1.3.0/minlog-1.3.0.jar:/Users/newhans/.m2/repository/org/springframework/integration/spring-integration-tuple/1.0.0.RELEASE/spring-integration-tuple-1.0.0.RELEASE.jar:/Users/newhans/.m2/repository/org/springframework/retry/spring-retry/1.2.4.RELEASE/spring-retry-1.2.4.RELEASE.jar:/Users/newhans/.m2/repository/org/springframework/cloud/spring-cloud-function-context/2.0.1.RELEASE/spring-cloud-function-context-2.0.1.RELEASE.jar:/Users/newhans/.m2/repository/org/springframework/cloud/spring-cloud-function-core/2.0.1.RELEASE/spring-cloud-function-core-2.0.1.RELEASE.jar:/Users/newhans/.m2/repository/io/jsonwebtoken/jjwt-api/0.10.7/jjwt-api-0.10.7.jar:/Users/newhans/.m2/repository/io/jsonwebtoken/jjwt-impl/0.10.7/jjwt-impl-0.10.7.jar:/Users/newhans/.m2/repository/io/jsonwebtoken/jjwt-jackson/0.10.7/jjwt-jackson-0.10.7.jar:/Users/newhans/.m2/repository/com/fasterxml/jackson/core/jackson-databind/2.9.8/jackson-databind-2.9.8.jar:/Users/newhans/.m2/repository/com/fasterxml/jackson/core/jackson-annotations/2.9.0/jackson-annotations-2.9.0.jar:/Users/newhans/.m2/repository/com/fasterxml/jackson/core/jackson-core/2.9.8/jackson-core-2.9.8.jar:/Users/newhans/.m2/repository/org/springframework/boot/spring-boot-starter-aop/2.1.5.RELEASE/spring-boot-starter-aop-2.1.5.RELEASE.jar:/Users/newhans/.m2/repository/org/springframework/spring-aop/5.1.7.RELEASE/spring-aop-5.1.7.RELEASE.jar:/Users/newhans/.m2/repository/org/aspectj/aspectjweaver/1.9.4/aspectjweaver-1.9.4.jar:/Users/newhans/.m2/repository/org/springframework/cloud/spring-cloud-starter-alibaba-nacos-config/0.9.0.RELEASE/spring-cloud-starter-alibaba-nacos-config-0.9.0.RELEASE.jar:/Users/newhans/.m2/repository/org/springframework/cloud/spring-cloud-alibaba-nacos-config/0.9.0.RELEASE/spring-cloud-alibaba-nacos-config-0.9.0.RELEASE.jar:/Users/newhans/.m2/repository/org/springframework/cloud/spring-cloud-starter-zipkin/2.1.1.RELEASE/spring-cloud-starter-zipkin-2.1.1.RELEASE.jar:/Users/newhans/.m2/repository/org/springframework/cloud/spring-cloud-starter-sleuth/2.1.1.RELEASE/spring-cloud-starter-sleuth-2.1.1.RELEASE.jar:/Users/newhans/.m2/repository/org/springframework/cloud/spring-cloud-sleuth-core/2.1.1.RELEASE/spring-cloud-sleuth-core-2.1.1.RELEASE.jar:/Users/newhans/.m2/repository/io/zipkin/brave/brave/5.6.1/brave-5.6.1.jar:/Users/newhans/.m2/repository/io/zipkin/brave/brave-context-log4j2/5.6.1/brave-context-log4j2-5.6.1.jar:/Users/newhans/.m2/repository/io/zipkin/brave/brave-instrumentation-spring-web/5.6.1/brave-instrumentation-spring-web-5.6.1.jar:/Users/newhans/.m2/repository/io/zipkin/brave/brave-instrumentation-http/5.6.1/brave-instrumentation-http-5.6.1.jar:/Users/newhans/.m2/repository/io/zipkin/brave/brave-instrumentation-spring-rabbit/5.6.1/brave-instrumentation-spring-rabbit-5.6.1.jar:/Users/newhans/.m2/repository/io/zipkin/brave/brave-instrumentation-kafka-clients/5.6.1/brave-instrumentation-kafka-clients-5.6.1.jar:/Users/newhans/.m2/repository/io/zipkin/brave/brave-instrumentation-httpclient/5.6.1/brave-instrumentation-httpclient-5.6.1.jar:/Users/newhans/.m2/repository/io/zipkin/brave/brave-instrumentation-httpasyncclient/5.6.1/brave-instrumentation-httpasyncclient-5.6.1.jar:/Users/newhans/.m2/repository/io/zipkin/brave/brave-instrumentation-spring-webmvc/5.6.1/brave-instrumentation-spring-webmvc-5.6.1.jar:/Users/newhans/.m2/repository/io/zipkin/brave/brave-instrumentation-servlet/5.6.1/brave-instrumentation-servlet-5.6.1.jar:/Users/newhans/.m2/repository/io/zipkin/brave/brave-instrumentation-jms/5.6.1/brave-instrumentation-jms-5.6.1.jar:/Users/newhans/.m2/repository/org/springframework/cloud/spring-cloud-sleuth-zipkin/2.1.1.RELEASE/spring-cloud-sleuth-zipkin-2.1.1.RELEASE.jar:/Users/newhans/.m2/repository/io/zipkin/zipkin2/zipkin/2.12.0/zipkin-2.12.0.jar:/Users/newhans/.m2/repository/io/zipkin/reporter2/zipkin-reporter/2.7.14/zipkin-reporter-2.7.14.jar:/Users/newhans/.m2/repository/io/zipkin/reporter2/zipkin-sender-kafka11/2.7.14/zipkin-sender-kafka11-2.7.14.jar:/Users/newhans/.m2/repository/io/zipkin/reporter2/zipkin-sender-amqp-client/2.7.14/zipkin-sender-amqp-client-2.7.14.jar:/Users/newhans/.m2/repository/com/github/pagehelper/pagehelper-spring-boot-starter/1.2.10/pagehelper-spring-boot-starter-1.2.10.jar:/Users/newhans/.m2/repository/org/mybatis/spring/boot/mybatis-spring-boot-starter/1.3.2/mybatis-spring-boot-starter-1.3.2.jar:/Users/newhans/.m2/repository/org/mybatis/spring/boot/mybatis-spring-boot-autoconfigure/1.3.2/mybatis-spring-boot-autoconfigure-1.3.2.jar:/Users/newhans/.m2/repository/com/github/pagehelper/pagehelper-spring-boot-autoconfigure/1.2.10/pagehelper-spring-boot-autoconfigure-1.2.10.jar:/Users/newhans/.m2/repository/com/github/pagehelper/pagehelper/5.1.8/pagehelper-5.1.8.jar:/Users/newhans/.m2/repository/com/github/jsqlparser/jsqlparser/1.2/jsqlparser-1.2.jar:"/>
    <property name="java.vm.vendor" value="Oracle Corporation"/>
    <property name="sun.arch.data.model" value="64"/>
    <property name="java.vendor.url" value="http://java.oracle.com/"/>
    <property name="user.timezone" value=""/>
    <property name="java.vm.specification.version" value="1.8"/>
    <property name="os.name" value="Mac OS X"/>
    <property name="user.country" value="CN"/>
    <property name="sun.java.launcher" value="SUN_STANDARD"/>
    <property name="sun.boot.library.path" value="/Library/Java/JavaVirtualMachines/jdk1.8.0_202.jdk/Contents/Home/jre/lib"/>
    <property name="sun.java.command" value="/Users/newhans/studyShare/content-center-12/target/surefire/surefirebooter1409736551427123605.jar /Users/newhans/studyShare/content-center-12/target/surefire 2021-02-18T10-24-23_186-jvmRun1 surefire2177711144918586515tmp surefire_05923893010973245677tmp"/>
    <property name="http.nonProxyHosts" value="local|*.local|169.254/16|*.169.254/16"/>
    <property name="surefire.test.class.path" value="/Users/newhans/studyShare/content-center-12/target/test-classes:/Users/newhans/studyShare/content-center-12/target/classes:/Users/newhans/.m2/repository/org/springframework/boot/spring-boot-starter-web/2.1.5.RELEASE/spring-boot-starter-web-2.1.5.RELEASE.jar:/Users/newhans/.m2/repository/org/springframework/boot/spring-boot-starter/2.1.5.RELEASE/spring-boot-starter-2.1.5.RELEASE.jar:/Users/newhans/.m2/repository/org/springframework/boot/spring-boot/2.1.5.RELEASE/spring-boot-2.1.5.RELEASE.jar:/Users/newhans/.m2/repository/org/springframework/boot/spring-boot-autoconfigure/2.1.5.RELEASE/spring-boot-autoconfigure-2.1.5.RELEASE.jar:/Users/newhans/.m2/repository/org/springframework/boot/spring-boot-starter-logging/2.1.5.RELEASE/spring-boot-starter-logging-2.1.5.RELEASE.jar:/Users/newhans/.m2/repository/ch/qos/logback/logback-classic/1.2.3/logback-classic-1.2.3.jar:/Users/newhans/.m2/repository/ch/qos/logback/logback-core/1.2.3/logback-core-1.2.3.jar:/Users/newhans/.m2/repository/org/apache/logging/log4j/log4j-to-slf4j/2.11.2/log4j-to-slf4j-2.11.2.jar:/Users/newhans/.m2/repository/org/apache/logging/log4j/log4j-api/2.11.2/log4j-api-2.11.2.jar:/Users/newhans/.m2/repository/org/slf4j/jul-to-slf4j/1.7.26/jul-to-slf4j-1.7.26.jar:/Users/newhans/.m2/repository/javax/annotation/javax.annotation-api/1.3.2/javax.annotation-api-1.3.2.jar:/Users/newhans/.m2/repository/org/yaml/snakeyaml/1.23/snakeyaml-1.23.jar:/Users/newhans/.m2/repository/org/springframework/boot/spring-boot-starter-json/2.1.5.RELEASE/spring-boot-starter-json-2.1.5.RELEASE.jar:/Users/newhans/.m2/repository/com/fasterxml/jackson/datatype/jackson-datatype-jdk8/2.9.8/jackson-datatype-jdk8-2.9.8.jar:/Users/newhans/.m2/repository/com/fasterxml/jackson/datatype/jackson-datatype-jsr310/2.9.8/jackson-datatype-jsr310-2.9.8.jar:/Users/newhans/.m2/repository/com/fasterxml/jackson/module/jackson-module-parameter-names/2.9.8/jackson-module-parameter-names-2.9.8.jar:/Users/newhans/.m2/repository/org/springframework/boot/spring-boot-starter-tomcat/2.1.5.RELEASE/spring-boot-starter-tomcat-2.1.5.RELEASE.jar:/Users/newhans/.m2/repository/org/apache/tomcat/embed/tomcat-embed-core/9.0.19/tomcat-embed-core-9.0.19.jar:/Users/newhans/.m2/repository/org/apache/tomcat/embed/tomcat-embed-el/9.0.19/tomcat-embed-el-9.0.19.jar:/Users/newhans/.m2/repository/org/apache/tomcat/embed/tomcat-embed-websocket/9.0.19/tomcat-embed-websocket-9.0.19.jar:/Users/newhans/.m2/repository/org/hibernate/validator/hibernate-validator/6.0.16.Final/hibernate-validator-6.0.16.Final.jar:/Users/newhans/.m2/repository/javax/validation/validation-api/2.0.1.Final/validation-api-2.0.1.Final.jar:/Users/newhans/.m2/repository/org/jboss/logging/jboss-logging/3.3.2.Final/jboss-logging-3.3.2.Final.jar:/Users/newhans/.m2/repository/com/fasterxml/classmate/1.4.0/classmate-1.4.0.jar:/Users/newhans/.m2/repository/org/springframework/spring-web/5.1.7.RELEASE/spring-web-5.1.7.RELEASE.jar:/Users/newhans/.m2/repository/org/springframework/spring-beans/5.1.7.RELEASE/spring-beans-5.1.7.RELEASE.jar:/Users/newhans/.m2/repository/org/springframework/spring-webmvc/5.1.7.RELEASE/spring-webmvc-5.1.7.RELEASE.jar:/Users/newhans/.m2/repository/org/springframework/spring-context/5.1.7.RELEASE/spring-context-5.1.7.RELEASE.jar:/Users/newhans/.m2/repository/org/springframework/spring-expression/5.1.7.RELEASE/spring-expression-5.1.7.RELEASE.jar:/Users/newhans/.m2/repository/tk/mybatis/mapper-spring-boot-starter/2.1.5/mapper-spring-boot-starter-2.1.5.jar:/Users/newhans/.m2/repository/org/springframework/boot/spring-boot-starter-jdbc/2.1.5.RELEASE/spring-boot-starter-jdbc-2.1.5.RELEASE.jar:/Users/newhans/.m2/repository/com/zaxxer/HikariCP/3.2.0/HikariCP-3.2.0.jar:/Users/newhans/.m2/repository/org/springframework/spring-jdbc/5.1.7.RELEASE/spring-jdbc-5.1.7.RELEASE.jar:/Users/newhans/.m2/repository/org/springframework/spring-tx/5.1.7.RELEASE/spring-tx-5.1.7.RELEASE.jar:/Users/newhans/.m2/repository/org/mybatis/mybatis/3.4.6/mybatis-3.4.6.jar:/Users/newhans/.m2/repository/org/mybatis/mybatis-spring/1.3.2/mybatis-spring-1.3.2.jar:/Users/newhans/.m2/repository/tk/mybatis/mapper-core/1.1.5/mapper-core-1.1.5.jar:/Users/newhans/.m2/repository/javax/persistence/persistence-api/1.0/persistence-api-1.0.jar:/Users/newhans/.m2/repository/tk/mybatis/mapper-base/1.1.5/mapper-base-1.1.5.jar:/Users/newhans/.m2/repository/tk/mybatis/mapper-weekend/1.1.5/mapper-weekend-1.1.5.jar:/Users/newhans/.m2/repository/tk/mybatis/mapper-spring/1.1.5/mapper-spring-1.1.5.jar:/Users/newhans/.m2/repository/tk/mybatis/mapper-extra/1.1.5/mapper-extra-1.1.5.jar:/Users/newhans/.m2/repository/tk/mybatis/mapper-spring-boot-autoconfigure/2.1.5/mapper-spring-boot-autoconfigure-2.1.5.jar:/Users/newhans/.m2/repository/mysql/mysql-connector-java/8.0.16/mysql-connector-java-8.0.16.jar:/Users/newhans/.m2/repository/org/springframework/boot/spring-boot-starter-test/2.1.5.RELEASE/spring-boot-starter-test-2.1.5.RELEASE.jar:/Users/newhans/.m2/repository/org/springframework/boot/spring-boot-test/2.1.5.RELEASE/spring-boot-test-2.1.5.RELEASE.jar:/Users/newhans/.m2/repository/org/springframework/boot/spring-boot-test-autoconfigure/2.1.5.RELEASE/spring-boot-test-autoconfigure-2.1.5.RELEASE.jar:/Users/newhans/.m2/repository/com/jayway/jsonpath/json-path/2.4.0/json-path-2.4.0.jar:/Users/newhans/.m2/repository/net/minidev/json-smart/2.3/json-smart-2.3.jar:/Users/newhans/.m2/repository/net/minidev/accessors-smart/1.2/accessors-smart-1.2.jar:/Users/newhans/.m2/repository/org/ow2/asm/asm/5.0.4/asm-5.0.4.jar:/Users/newhans/.m2/repository/org/slf4j/slf4j-api/1.7.26/slf4j-api-1.7.26.jar:/Users/newhans/.m2/repository/junit/junit/4.12/junit-4.12.jar:/Users/newhans/.m2/repository/org/assertj/assertj-core/3.11.1/assertj-core-3.11.1.jar:/Users/newhans/.m2/repository/org/mockito/mockito-core/2.23.4/mockito-core-2.23.4.jar:/Users/newhans/.m2/repository/net/bytebuddy/byte-buddy/1.9.12/byte-buddy-1.9.12.jar:/Users/newhans/.m2/repository/net/bytebuddy/byte-buddy-agent/1.9.12/byte-buddy-agent-1.9.12.jar:/Users/newhans/.m2/repository/org/objenesis/objenesis/2.6/objenesis-2.6.jar:/Users/newhans/.m2/repository/org/hamcrest/hamcrest-core/1.3/hamcrest-core-1.3.jar:/Users/newhans/.m2/repository/org/hamcrest/hamcrest-library/1.3/hamcrest-library-1.3.jar:/Users/newhans/.m2/repository/org/skyscreamer/jsonassert/1.5.0/jsonassert-1.5.0.jar:/Users/newhans/.m2/repository/com/vaadin/external/google/android-json/0.0.20131108.vaadin1/android-json-0.0.20131108.vaadin1.jar:/Users/newhans/.m2/repository/org/springframework/spring-core/5.1.7.RELEASE/spring-core-5.1.7.RELEASE.jar:/Users/newhans/.m2/repository/org/springframework/spring-jcl/5.1.7.RELEASE/spring-jcl-5.1.7.RELEASE.jar:/Users/newhans/.m2/repository/org/springframework/spring-test/5.1.7.RELEASE/spring-test-5.1.7.RELEASE.jar:/Users/newhans/.m2/repository/org/xmlunit/xmlunit-core/2.6.2/xmlunit-core-2.6.2.jar:/Users/newhans/.m2/repository/org/projectlombok/lombok/1.18.8/lombok-1.18.8.jar:/Users/newhans/.m2/repository/org/springframework/cloud/spring-cloud-starter-alibaba-nacos-discovery/0.9.0.RELEASE/spring-cloud-starter-alibaba-nacos-discovery-0.9.0.RELEASE.jar:/Users/newhans/.m2/repository/org/springframework/cloud/spring-cloud-alibaba-nacos-discovery/0.9.0.RELEASE/spring-cloud-alibaba-nacos-discovery-0.9.0.RELEASE.jar:/Users/newhans/.m2/repository/com/alibaba/nacos/nacos-client/1.0.0/nacos-client-1.0.0.jar:/Users/newhans/.m2/repository/com/alibaba/nacos/nacos-common/1.0.0/nacos-common-1.0.0.jar:/Users/newhans/.m2/repository/commons-io/commons-io/2.2/commons-io-2.2.jar:/Users/newhans/.m2/repository/com/alibaba/nacos/nacos-api/1.0.0/nacos-api-1.0.0.jar:/Users/newhans/.m2/repository/com/alibaba/fastjson/1.2.47/fastjson-1.2.47.jar:/Users/newhans/.m2/repository/com/google/guava/guava/19.0/guava-19.0.jar:/Users/newhans/.m2/repository/io/prometheus/simpleclient/0.5.0/simpleclient-0.5.0.jar:/Users/newhans/.m2/repository/org/springframework/cloud/spring-cloud-context/2.1.1.RELEASE/spring-cloud-context-2.1.1.RELEASE.jar:/Users/newhans/.m2/repository/org/springframework/cloud/spring-cloud-starter-netflix-ribbon/2.1.1.RELEASE/spring-cloud-starter-netflix-ribbon-2.1.1.RELEASE.jar:/Users/newhans/.m2/repository/org/springframework/cloud/spring-cloud-starter-netflix-archaius/2.1.1.RELEASE/spring-cloud-starter-netflix-archaius-2.1.1.RELEASE.jar:/Users/newhans/.m2/repository/com/netflix/ribbon/ribbon/2.3.0/ribbon-2.3.0.jar:/Users/newhans/.m2/repository/com/netflix/ribbon/ribbon-transport/2.3.0/ribbon-transport-2.3.0.jar:/Users/newhans/.m2/repository/io/reactivex/rxnetty-contexts/0.4.9/rxnetty-contexts-0.4.9.jar:/Users/newhans/.m2/repository/io/reactivex/rxnetty-servo/0.4.9/rxnetty-servo-0.4.9.jar:/Users/newhans/.m2/repository/javax/inject/javax.inject/1/javax.inject-1.jar:/Users/newhans/.m2/repository/io/reactivex/rxnetty/0.4.9/rxnetty-0.4.9.jar:/Users/newhans/.m2/repository/com/netflix/ribbon/ribbon-core/2.3.0/ribbon-core-2.3.0.jar:/Users/newhans/.m2/repository/commons-lang/commons-lang/2.6/commons-lang-2.6.jar:/Users/newhans/.m2/repository/com/netflix/ribbon/ribbon-httpclient/2.3.0/ribbon-httpclient-2.3.0.jar:/Users/newhans/.m2/repository/commons-collections/commons-collections/3.2.2/commons-collections-3.2.2.jar:/Users/newhans/.m2/repository/com/sun/jersey/jersey-client/1.19.1/jersey-client-1.19.1.jar:/Users/newhans/.m2/repository/com/sun/jersey/jersey-core/1.19.1/jersey-core-1.19.1.jar:/Users/newhans/.m2/repository/javax/ws/rs/jsr311-api/1.1.1/jsr311-api-1.1.1.jar:/Users/newhans/.m2/repository/com/sun/jersey/contribs/jersey-apache-client4/1.19.1/jersey-apache-client4-1.19.1.jar:/Users/newhans/.m2/repository/com/netflix/servo/servo-core/0.12.21/servo-core-0.12.21.jar:/Users/newhans/.m2/repository/com/netflix/netflix-commons/netflix-commons-util/0.3.0/netflix-commons-util-0.3.0.jar:/Users/newhans/.m2/repository/com/netflix/ribbon/ribbon-loadbalancer/2.3.0/ribbon-loadbalancer-2.3.0.jar:/Users/newhans/.m2/repository/com/netflix/netflix-commons/netflix-statistics/0.1.1/netflix-statistics-0.1.1.jar:/Users/newhans/.m2/repository/io/reactivex/rxjava/1.3.8/rxjava-1.3.8.jar:/Users/newhans/.m2/repository/org/springframework/cloud/spring-cloud-starter-openfeign/2.1.1.RELEASE/spring-cloud-starter-openfeign-2.1.1.RELEASE.jar:/Users/newhans/.m2/repository/org/springframework/cloud/spring-cloud-starter/2.1.1.RELEASE/spring-cloud-starter-2.1.1.RELEASE.jar:/Users/newhans/.m2/repository/org/springframework/security/spring-security-rsa/1.0.7.RELEASE/spring-security-rsa-1.0.7.RELEASE.jar:/Users/newhans/.m2/repository/org/bouncycastle/bcpkix-jdk15on/1.60/bcpkix-jdk15on-1.60.jar:/Users/newhans/.m2/repository/org/bouncycastle/bcprov-jdk15on/1.60/bcprov-jdk15on-1.60.jar:/Users/newhans/.m2/repository/org/springframework/cloud/spring-cloud-openfeign-core/2.1.1.RELEASE/spring-cloud-openfeign-core-2.1.1.RELEASE.jar:/Users/newhans/.m2/repository/org/springframework/cloud/spring-cloud-netflix-ribbon/2.1.1.RELEASE/spring-cloud-netflix-ribbon-2.1.1.RELEASE.jar:/Users/newhans/.m2/repository/org/springframework/cloud/spring-cloud-netflix-archaius/2.1.1.RELEASE/spring-cloud-netflix-archaius-2.1.1.RELEASE.jar:/Users/newhans/.m2/repository/io/github/openfeign/form/feign-form-spring/3.5.0/feign-form-spring-3.5.0.jar:/Users/newhans/.m2/repository/io/github/openfeign/form/feign-form/3.5.0/feign-form-3.5.0.jar:/Users/newhans/.m2/repository/commons-fileupload/commons-fileupload/1.3.3/commons-fileupload-1.3.3.jar:/Users/newhans/.m2/repository/org/springframework/cloud/spring-cloud-commons/2.1.1.RELEASE/spring-cloud-commons-2.1.1.RELEASE.jar:/Users/newhans/.m2/repository/org/springframework/security/spring-security-crypto/5.1.5.RELEASE/spring-security-crypto-5.1.5.RELEASE.jar:/Users/newhans/.m2/repository/io/github/openfeign/feign-core/10.1.0/feign-core-10.1.0.jar:/Users/newhans/.m2/repository/io/github/openfeign/feign-slf4j/10.1.0/feign-slf4j-10.1.0.jar:/Users/newhans/.m2/repository/io/github/openfeign/feign-hystrix/10.1.0/feign-hystrix-10.1.0.jar:/Users/newhans/.m2/repository/com/netflix/archaius/archaius-core/0.7.6/archaius-core-0.7.6.jar:/Users/newhans/.m2/repository/com/google/code/findbugs/jsr305/3.0.1/jsr305-3.0.1.jar:/Users/newhans/.m2/repository/commons-configuration/commons-configuration/1.8/commons-configuration-1.8.jar:/Users/newhans/.m2/repository/com/netflix/hystrix/hystrix-core/1.5.18/hystrix-core-1.5.18.jar:/Users/newhans/.m2/repository/io/github/openfeign/feign-httpclient/10.1.0/feign-httpclient-10.1.0.jar:/Users/newhans/.m2/repository/org/apache/httpcomponents/httpclient/4.5.8/httpclient-4.5.8.jar:/Users/newhans/.m2/repository/org/apache/httpcomponents/httpcore/4.4.11/httpcore-4.4.11.jar:/Users/newhans/.m2/repository/commons-codec/commons-codec/1.11/commons-codec-1.11.jar:/Users/newhans/.m2/repository/org/springframework/cloud/spring-cloud-starter-alibaba-sentinel/0.9.0.RELEASE/spring-cloud-starter-alibaba-sentinel-0.9.0.RELEASE.jar:/Users/newhans/.m2/repository/org/springframework/cloud/spring-cloud-alibaba-sentinel/0.9.0.RELEASE/spring-cloud-alibaba-sentinel-0.9.0.RELEASE.jar:/Users/newhans/.m2/repository/com/alibaba/csp/sentinel-web-servlet/1.5.2/sentinel-web-servlet-1.5.2.jar:/Users/newhans/.m2/repository/com/alibaba/csp/sentinel-core/1.5.2/sentinel-core-1.5.2.jar:/Users/newhans/.m2/repository/com/alibaba/csp/sentinel-transport-simple-http/1.5.2/sentinel-transport-simple-http-1.5.2.jar:/Users/newhans/.m2/repository/com/alibaba/csp/sentinel-transport-common/1.5.2/sentinel-transport-common-1.5.2.jar:/Users/newhans/.m2/repository/com/alibaba/csp/sentinel-datasource-extension/1.5.2/sentinel-datasource-extension-1.5.2.jar:/Users/newhans/.m2/repository/com/alibaba/csp/sentinel-annotation-aspectj/1.5.2/sentinel-annotation-aspectj-1.5.2.jar:/Users/newhans/.m2/repository/org/aspectj/aspectjrt/1.9.4/aspectjrt-1.9.4.jar:/Users/newhans/.m2/repository/com/alibaba/csp/sentinel-parameter-flow-control/1.5.2/sentinel-parameter-flow-control-1.5.2.jar:/Users/newhans/.m2/repository/com/googlecode/concurrentlinkedhashmap/concurrentlinkedhashmap-lru/1.4.2/concurrentlinkedhashmap-lru-1.4.2.jar:/Users/newhans/.m2/repository/com/alibaba/csp/sentinel-cluster-server-default/1.5.2/sentinel-cluster-server-default-1.5.2.jar:/Users/newhans/.m2/repository/com/alibaba/csp/sentinel-cluster-common-default/1.5.2/sentinel-cluster-common-default-1.5.2.jar:/Users/newhans/.m2/repository/io/netty/netty-handler/4.1.36.Final/netty-handler-4.1.36.Final.jar:/Users/newhans/.m2/repository/io/netty/netty-common/4.1.36.Final/netty-common-4.1.36.Final.jar:/Users/newhans/.m2/repository/io/netty/netty-buffer/4.1.36.Final/netty-buffer-4.1.36.Final.jar:/Users/newhans/.m2/repository/io/netty/netty-transport/4.1.36.Final/netty-transport-4.1.36.Final.jar:/Users/newhans/.m2/repository/io/netty/netty-resolver/4.1.36.Final/netty-resolver-4.1.36.Final.jar:/Users/newhans/.m2/repository/io/netty/netty-codec/4.1.36.Final/netty-codec-4.1.36.Final.jar:/Users/newhans/.m2/repository/com/alibaba/csp/sentinel-cluster-client-default/1.5.2/sentinel-cluster-client-default-1.5.2.jar:/Users/newhans/.m2/repository/org/springframework/cloud/spring-cloud-alibaba-sentinel-datasource/0.9.0.RELEASE/spring-cloud-alibaba-sentinel-datasource-0.9.0.RELEASE.jar:/Users/newhans/.m2/repository/org/springframework/boot/spring-boot-starter-actuator/2.1.5.RELEASE/spring-boot-starter-actuator-2.1.5.RELEASE.jar:/Users/newhans/.m2/repository/org/springframework/boot/spring-boot-actuator-autoconfigure/2.1.5.RELEASE/spring-boot-actuator-autoconfigure-2.1.5.RELEASE.jar:/Users/newhans/.m2/repository/org/springframework/boot/spring-boot-actuator/2.1.5.RELEASE/spring-boot-actuator-2.1.5.RELEASE.jar:/Users/newhans/.m2/repository/io/micrometer/micrometer-core/1.1.4/micrometer-core-1.1.4.jar:/Users/newhans/.m2/repository/org/hdrhistogram/HdrHistogram/2.1.9/HdrHistogram-2.1.9.jar:/Users/newhans/.m2/repository/org/latencyutils/LatencyUtils/2.0.3/LatencyUtils-2.0.3.jar:/Users/newhans/.m2/repository/org/apache/rocketmq/rocketmq-spring-boot-starter/2.0.3/rocketmq-spring-boot-starter-2.0.3.jar:/Users/newhans/.m2/repository/org/apache/rocketmq/rocketmq-spring-boot/2.0.3/rocketmq-spring-boot-2.0.3.jar:/Users/newhans/.m2/repository/org/apache/rocketmq/rocketmq-client/4.5.1/rocketmq-client-4.5.1.jar:/Users/newhans/.m2/repository/org/apache/rocketmq/rocketmq-common/4.5.1/rocketmq-common-4.5.1.jar:/Users/newhans/.m2/repository/org/apache/commons/commons-lang3/3.8.1/commons-lang3-3.8.1.jar:/Users/newhans/.m2/repository/org/apache/rocketmq/rocketmq-acl/4.5.1/rocketmq-acl-4.5.1.jar:/Users/newhans/.m2/repository/org/apache/rocketmq/rocketmq-remoting/4.5.1/rocketmq-remoting-4.5.1.jar:/Users/newhans/.m2/repository/io/netty/netty-all/4.1.36.Final/netty-all-4.1.36.Final.jar:/Users/newhans/.m2/repository/io/netty/netty-tcnative-boringssl-static/2.0.25.Final/netty-tcnative-boringssl-static-2.0.25.Final.jar:/Users/newhans/.m2/repository/org/apache/rocketmq/rocketmq-logging/4.5.1/rocketmq-logging-4.5.1.jar:/Users/newhans/.m2/repository/org/apache/rocketmq/rocketmq-srvutil/4.5.1/rocketmq-srvutil-4.5.1.jar:/Users/newhans/.m2/repository/commons-cli/commons-cli/1.2/commons-cli-1.2.jar:/Users/newhans/.m2/repository/org/springframework/spring-messaging/5.1.7.RELEASE/spring-messaging-5.1.7.RELEASE.jar:/Users/newhans/.m2/repository/org/springframework/boot/spring-boot-starter-validation/2.1.5.RELEASE/spring-boot-starter-validation-2.1.5.RELEASE.jar:/Users/newhans/.m2/repository/org/springframework/cloud/spring-cloud-starter-stream-rocketmq/0.9.0.RELEASE/spring-cloud-starter-stream-rocketmq-0.9.0.RELEASE.jar:/Users/newhans/.m2/repository/org/springframework/cloud/spring-cloud-stream-binder-rocketmq/0.9.0.RELEASE/spring-cloud-stream-binder-rocketmq-0.9.0.RELEASE.jar:/Users/newhans/.m2/repository/org/springframework/cloud/spring-cloud-stream/2.1.2.RELEASE/spring-cloud-stream-2.1.2.RELEASE.jar:/Users/newhans/.m2/repository/org/springframework/integration/spring-integration-core/5.1.5.RELEASE/spring-integration-core-5.1.5.RELEASE.jar:/Users/newhans/.m2/repository/io/projectreactor/reactor-core/3.2.9.RELEASE/reactor-core-3.2.9.RELEASE.jar:/Users/newhans/.m2/repository/org/reactivestreams/reactive-streams/1.0.2/reactive-streams-1.0.2.jar:/Users/newhans/.m2/repository/org/springframework/integration/spring-integration-jmx/5.1.5.RELEASE/spring-integration-jmx-5.1.5.RELEASE.jar:/Users/newhans/.m2/repository/org/springframework/spring-tuple/1.0.0.RELEASE/spring-tuple-1.0.0.RELEASE.jar:/Users/newhans/.m2/repository/com/esotericsoftware/kryo-shaded/3.0.3/kryo-shaded-3.0.3.jar:/Users/newhans/.m2/repository/com/esotericsoftware/minlog/1.3.0/minlog-1.3.0.jar:/Users/newhans/.m2/repository/org/springframework/integration/spring-integration-tuple/1.0.0.RELEASE/spring-integration-tuple-1.0.0.RELEASE.jar:/Users/newhans/.m2/repository/org/springframework/retry/spring-retry/1.2.4.RELEASE/spring-retry-1.2.4.RELEASE.jar:/Users/newhans/.m2/repository/org/springframework/cloud/spring-cloud-function-context/2.0.1.RELEASE/spring-cloud-function-context-2.0.1.RELEASE.jar:/Users/newhans/.m2/repository/org/springframework/cloud/spring-cloud-function-core/2.0.1.RELEASE/spring-cloud-function-core-2.0.1.RELEASE.jar:/Users/newhans/.m2/repository/io/jsonwebtoken/jjwt-api/0.10.7/jjwt-api-0.10.7.jar:/Users/newhans/.m2/repository/io/jsonwebtoken/jjwt-impl/0.10.7/jjwt-impl-0.10.7.jar:/Users/newhans/.m2/repository/io/jsonwebtoken/jjwt-jackson/0.10.7/jjwt-jackson-0.10.7.jar:/Users/newhans/.m2/repository/com/fasterxml/jackson/core/jackson-databind/2.9.8/jackson-databind-2.9.8.jar:/Users/newhans/.m2/repository/com/fasterxml/jackson/core/jackson-annotations/2.9.0/jackson-annotations-2.9.0.jar:/Users/newhans/.m2/repository/com/fasterxml/jackson/core/jackson-core/2.9.8/jackson-core-2.9.8.jar:/Users/newhans/.m2/repository/org/springframework/boot/spring-boot-starter-aop/2.1.5.RELEASE/spring-boot-starter-aop-2.1.5.RELEASE.jar:/Users/newhans/.m2/repository/org/springframework/spring-aop/5.1.7.RELEASE/spring-aop-5.1.7.RELEASE.jar:/Users/newhans/.m2/repository/org/aspectj/aspectjweaver/1.9.4/aspectjweaver-1.9.4.jar:/Users/newhans/.m2/repository/org/springframework/cloud/spring-cloud-starter-alibaba-nacos-config/0.9.0.RELEASE/spring-cloud-starter-alibaba-nacos-config-0.9.0.RELEASE.jar:/Users/newhans/.m2/repository/org/springframework/cloud/spring-cloud-alibaba-nacos-config/0.9.0.RELEASE/spring-cloud-alibaba-nacos-config-0.9.0.RELEASE.jar:/Users/newhans/.m2/repository/org/springframework/cloud/spring-cloud-starter-zipkin/2.1.1.RELEASE/spring-cloud-starter-zipkin-2.1.1.RELEASE.jar:/Users/newhans/.m2/repository/org/springframework/cloud/spring-cloud-starter-sleuth/2.1.1.RELEASE/spring-cloud-starter-sleuth-2.1.1.RELEASE.jar:/Users/newhans/.m2/repository/org/springframework/cloud/spring-cloud-sleuth-core/2.1.1.RELEASE/spring-cloud-sleuth-core-2.1.1.RELEASE.jar:/Users/newhans/.m2/repository/io/zipkin/brave/brave/5.6.1/brave-5.6.1.jar:/Users/newhans/.m2/repository/io/zipkin/brave/brave-context-log4j2/5.6.1/brave-context-log4j2-5.6.1.jar:/Users/newhans/.m2/repository/io/zipkin/brave/brave-instrumentation-spring-web/5.6.1/brave-instrumentation-spring-web-5.6.1.jar:/Users/newhans/.m2/repository/io/zipkin/brave/brave-instrumentation-http/5.6.1/brave-instrumentation-http-5.6.1.jar:/Users/newhans/.m2/repository/io/zipkin/brave/brave-instrumentation-spring-rabbit/5.6.1/brave-instrumentation-spring-rabbit-5.6.1.jar:/Users/newhans/.m2/repository/io/zipkin/brave/brave-instrumentation-kafka-clients/5.6.1/brave-instrumentation-kafka-clients-5.6.1.jar:/Users/newhans/.m2/repository/io/zipkin/brave/brave-instrumentation-httpclient/5.6.1/brave-instrumentation-httpclient-5.6.1.jar:/Users/newhans/.m2/repository/io/zipkin/brave/brave-instrumentation-httpasyncclient/5.6.1/brave-instrumentation-httpasyncclient-5.6.1.jar:/Users/newhans/.m2/repository/io/zipkin/brave/brave-instrumentation-spring-webmvc/5.6.1/brave-instrumentation-spring-webmvc-5.6.1.jar:/Users/newhans/.m2/repository/io/zipkin/brave/brave-instrumentation-servlet/5.6.1/brave-instrumentation-servlet-5.6.1.jar:/Users/newhans/.m2/repository/io/zipkin/brave/brave-instrumentation-jms/5.6.1/brave-instrumentation-jms-5.6.1.jar:/Users/newhans/.m2/repository/org/springframework/cloud/spring-cloud-sleuth-zipkin/2.1.1.RELEASE/spring-cloud-sleuth-zipkin-2.1.1.RELEASE.jar:/Users/newhans/.m2/repository/io/zipkin/zipkin2/zipkin/2.12.0/zipkin-2.12.0.jar:/Users/newhans/.m2/repository/io/zipkin/reporter2/zipkin-reporter/2.7.14/zipkin-reporter-2.7.14.jar:/Users/newhans/.m2/repository/io/zipkin/reporter2/zipkin-sender-kafka11/2.7.14/zipkin-sender-kafka11-2.7.14.jar:/Users/newhans/.m2/repository/io/zipkin/reporter2/zipkin-sender-amqp-client/2.7.14/zipkin-sender-amqp-client-2.7.14.jar:/Users/newhans/.m2/repository/com/github/pagehelper/pagehelper-spring-boot-starter/1.2.10/pagehelper-spring-boot-starter-1.2.10.jar:/Users/newhans/.m2/repository/org/mybatis/spring/boot/mybatis-spring-boot-starter/1.3.2/mybatis-spring-boot-starter-1.3.2.jar:/Users/newhans/.m2/repository/org/mybatis/spring/boot/mybatis-spring-boot-autoconfigure/1.3.2/mybatis-spring-boot-autoconfigure-1.3.2.jar:/Users/newhans/.m2/repository/com/github/pagehelper/pagehelper-spring-boot-autoconfigure/1.2.10/pagehelper-spring-boot-autoconfigure-1.2.10.jar:/Users/newhans/.m2/repository/com/github/pagehelper/pagehelper/5.1.8/pagehelper-5.1.8.jar:/Users/newhans/.m2/repository/com/github/jsqlparser/jsqlparser/1.2/jsqlparser-1.2.jar:"/>
    <property name="sun.cpu.endian" value="little"/>
    <property name="user.home" value="/Users/newhans"/>
    <property name="user.language" value="zh"/>
    <property name="java.specification.vendor" value="Oracle Corporation"/>
    <property name="java.home" value="/Library/Java/JavaVirtualMachines/jdk1.8.0_202.jdk/Contents/Home/jre"/>
    <property name="basedir" value="/Users/newhans/studyShare/content-center-12"/>
    <property name="file.separator" value="/"/>
    <property name="line.separator" value="&#10;"/>
    <property name="java.vm.specification.vendor" value="Oracle Corporation"/>
    <property name="java.specification.name" value="Java Platform API Specification"/>
    <property name="java.awt.graphicsenv" value="sun.awt.CGraphicsEnvironment"/>
    <property name="surefire.real.class.path" value="/Users/newhans/studyShare/content-center-12/target/surefire/surefirebooter1409736551427123605.jar"/>
    <property name="sun.boot.class.path" value="/Library/Java/JavaVirtualMachines/jdk1.8.0_202.jdk/Contents/Home/jre/lib/resources.jar:/Library/Java/JavaVirtualMachines/jdk1.8.0_202.jdk/Contents/Home/jre/lib/rt.jar:/Library/Java/JavaVirtualMachines/jdk1.8.0_202.jdk/Contents/Home/jre/lib/sunrsasign.jar:/Library/Java/JavaVirtualMachines/jdk1.8.0_202.jdk/Contents/Home/jre/lib/jsse.jar:/Library/Java/JavaVirtualMachines/jdk1.8.0_202.jdk/Contents/Home/jre/lib/jce.jar:/Library/Java/JavaVirtualMachines/jdk1.8.0_202.jdk/Contents/Home/jre/lib/charsets.jar:/Library/Java/JavaVirtualMachines/jdk1.8.0_202.jdk/Contents/Home/jre/lib/jfr.jar:/Library/Java/JavaVirtualMachines/jdk1.8.0_202.jdk/Contents/Home/jre/classes"/>
    <property name="sun.management.compiler" value="HotSpot 64-Bit Tiered Compilers"/>
    <property name="ftp.nonProxyHosts" value="local|*.local|169.254/16|*.169.254/16"/>
    <property name="java.runtime.version" value="1.8.0_202-b08"/>
    <property name="user.name" value="newhans"/>
    <property name="path.separator" value=":"/>
    <property name="os.version" value="10.16"/>
    <property name="java.endorsed.dirs" value="/Library/Java/JavaVirtualMachines/jdk1.8.0_202.jdk/Contents/Home/jre/lib/endorsed"/>
    <property name="java.runtime.name" value="Java(TM) SE Runtime Environment"/>
    <property name="file.encoding" value="UTF-8"/>
    <property name="java.vm.name" value="Java HotSpot(TM) 64-Bit Server VM"/>
    <property name="localRepository" value="/Users/newhans/.m2/repository"/>
    <property name="java.vendor.url.bug" value="http://bugreport.sun.com/bugreport/"/>
    <property name="java.io.tmpdir" value="/var/folders/66/rdr8p8k92q12gzblrytzjsvc0000gn/T/"/>
    <property name="java.version" value="1.8.0_202"/>
    <property name="user.dir" value="/Users/newhans/studyShare/content-center-12"/>
    <property name="os.arch" value="x86_64"/>
    <property name="java.vm.specification.name" value="Java Virtual Machine Specification"/>
    <property name="java.awt.printerjob" value="sun.lwawt.macosx.CPrinterJob"/>
    <property name="sun.os.patch.level" value="unknown"/>
    <property name="java.library.path" value="/Users/newhans/Library/Java/Extensions:/Library/Java/Extensions:/Network/Library/Java/Extensions:/System/Library/Java/Extensions:/usr/lib/java:."/>
    <property name="java.vm.info" value="mixed mode"/>
    <property name="java.vendor" value="Oracle Corporation"/>
    <property name="java.vm.version" value="25.202-b08"/>
    <property name="java.ext.dirs" value="/Users/newhans/Library/Java/Extensions:/Library/Java/JavaVirtualMachines/jdk1.8.0_202.jdk/Contents/Home/jre/lib/ext:/Library/Java/Extensions:/Network/Library/Java/Extensions:/System/Library/Java/Extensions:/usr/lib/java"/>
    <property name="sun.io.unicode.encoding" value="UnicodeBig"/>
    <property name="java.class.version" value="52.0"/>
    <property name="socksNonProxyHosts" value="local|*.local|169.254/16|*.169.254/16"/>
  </properties>
  <testcase name="contextLoads" classname="com.itmuch.contentcenter.ContentCenterApplicationTests" time="0.001">
    <error message="Failed to load ApplicationContext" type="java.lang.IllegalStateException">java.lang.IllegalStateException: Failed to load ApplicationContext
Caused by: org.springframework.beans.factory.BeanCreationException: Error creating bean with name 'scopedTarget.testController': Injection of autowired dependencies failed; nested exception is java.lang.IllegalArgumentException: Could not resolve placeholder 'your.configuration' in value "${your.configuration}"
Caused by: java.lang.IllegalArgumentException: Could not resolve placeholder 'your.configuration' in value "${your.configuration}"
</error>
    <system-out><![CDATA[10:24:24.085 [main] DEBUG org.springframework.test.context.junit4.SpringJUnit4ClassRunner - SpringJUnit4ClassRunner constructor called with [class com.itmuch.contentcenter.ContentCenterApplicationTests]
10:24:24.091 [main] DEBUG org.springframework.test.context.BootstrapUtils - Instantiating CacheAwareContextLoaderDelegate from class [org.springframework.test.context.cache.DefaultCacheAwareContextLoaderDelegate]
10:24:24.101 [main] DEBUG org.springframework.test.context.BootstrapUtils - Instantiating BootstrapContext using constructor [public org.springframework.test.context.support.DefaultBootstrapContext(java.lang.Class,org.springframework.test.context.CacheAwareContextLoaderDelegate)]
10:24:24.124 [main] DEBUG org.springframework.test.context.BootstrapUtils - Instantiating TestContextBootstrapper for test class [com.itmuch.contentcenter.ContentCenterApplicationTests] from class [org.springframework.boot.test.context.SpringBootTestContextBootstrapper]
10:24:24.147 [main] INFO org.springframework.boot.test.context.SpringBootTestContextBootstrapper - Neither @ContextConfiguration nor @ContextHierarchy found for test class [com.itmuch.contentcenter.ContentCenterApplicationTests], using SpringBootContextLoader
10:24:24.152 [main] DEBUG org.springframework.test.context.support.AbstractContextLoader - Did not detect default resource location for test class [com.itmuch.contentcenter.ContentCenterApplicationTests]: class path resource [com/itmuch/contentcenter/ContentCenterApplicationTests-context.xml] does not exist
10:24:24.153 [main] DEBUG org.springframework.test.context.support.AbstractContextLoader - Did not detect default resource location for test class [com.itmuch.contentcenter.ContentCenterApplicationTests]: class path resource [com/itmuch/contentcenter/ContentCenterApplicationTestsContext.groovy] does not exist
10:24:24.153 [main] INFO org.springframework.test.context.support.AbstractContextLoader - Could not detect default resource locations for test class [com.itmuch.contentcenter.ContentCenterApplicationTests]: no resource found for suffixes {-context.xml, Context.groovy}.
10:24:24.154 [main] INFO org.springframework.test.context.support.AnnotationConfigContextLoaderUtils - Could not detect default configuration classes for test class [com.itmuch.contentcenter.ContentCenterApplicationTests]: ContentCenterApplicationTests does not declare any static, non-private, non-final, nested classes annotated with @Configuration.
10:24:24.214 [main] DEBUG org.springframework.test.context.support.ActiveProfilesUtils - Could not find an 'annotation declaring class' for annotation type [org.springframework.test.context.ActiveProfiles] and class [com.itmuch.contentcenter.ContentCenterApplicationTests]
10:24:24.330 [main] DEBUG org.springframework.context.annotation.ClassPathScanningCandidateComponentProvider - Identified candidate component class: file [/Users/newhans/studyShare/content-center-12/target/classes/com/itmuch/contentcenter/ContentCenterApplication.class]
10:24:24.349 [main] INFO org.springframework.boot.test.context.SpringBootTestContextBootstrapper - Found @SpringBootConfiguration com.itmuch.contentcenter.ContentCenterApplication for test class com.itmuch.contentcenter.ContentCenterApplicationTests
10:24:24.469 [main] DEBUG org.springframework.boot.test.context.SpringBootTestContextBootstrapper - @TestExecutionListeners is not present for class [com.itmuch.contentcenter.ContentCenterApplicationTests]: using defaults.
10:24:24.470 [main] INFO org.springframework.boot.test.context.SpringBootTestContextBootstrapper - Loaded default TestExecutionListener class names from location [META-INF/spring.factories]: [org.springframework.boot.test.mock.mockito.MockitoTestExecutionListener, org.springframework.boot.test.mock.mockito.ResetMocksTestExecutionListener, org.springframework.boot.test.autoconfigure.restdocs.RestDocsTestExecutionListener, org.springframework.boot.test.autoconfigure.web.client.MockRestServiceServerResetTestExecutionListener, org.springframework.boot.test.autoconfigure.web.servlet.MockMvcPrintOnlyOnFailureTestExecutionListener, org.springframework.boot.test.autoconfigure.web.servlet.WebDriverTestExecutionListener, org.springframework.test.context.web.ServletTestExecutionListener, org.springframework.test.context.support.DirtiesContextBeforeModesTestExecutionListener, org.springframework.test.context.support.DependencyInjectionTestExecutionListener, org.springframework.test.context.support.DirtiesContextTestExecutionListener, org.springframework.test.context.transaction.TransactionalTestExecutionListener, org.springframework.test.context.jdbc.SqlScriptsTestExecutionListener]
10:24:24.487 [main] INFO org.springframework.boot.test.context.SpringBootTestContextBootstrapper - Using TestExecutionListeners: [org.springframework.test.context.web.ServletTestExecutionListener@1dac5ef, org.springframework.test.context.support.DirtiesContextBeforeModesTestExecutionListener@5c90e579, org.springframework.boot.test.mock.mockito.MockitoTestExecutionListener@58ea606c, org.springframework.boot.test.autoconfigure.SpringBootDependencyInjectionTestExecutionListener@6f45df59, org.springframework.test.context.support.DirtiesContextTestExecutionListener@38e79ae3, org.springframework.test.context.transaction.TransactionalTestExecutionListener@63070bab, org.springframework.test.context.jdbc.SqlScriptsTestExecutionListener@68e5eea7, org.springframework.boot.test.mock.mockito.ResetMocksTestExecutionListener@291b4bf5, org.springframework.boot.test.autoconfigure.restdocs.RestDocsTestExecutionListener@2d2ffcb7, org.springframework.boot.test.autoconfigure.web.client.MockRestServiceServerResetTestExecutionListener@762ef0ea, org.springframework.boot.test.autoconfigure.web.servlet.MockMvcPrintOnlyOnFailureTestExecutionListener@31f9b85e, org.springframework.boot.test.autoconfigure.web.servlet.WebDriverTestExecutionListener@424e1977]
10:24:24.489 [main] DEBUG org.springframework.test.annotation.ProfileValueUtils - Retrieved @ProfileValueSourceConfiguration [null] for test class [com.itmuch.contentcenter.ContentCenterApplicationTests]
10:24:24.489 [main] DEBUG org.springframework.test.annotation.ProfileValueUtils - Retrieved ProfileValueSource type [class org.springframework.test.annotation.SystemProfileValueSource] for class [com.itmuch.contentcenter.ContentCenterApplicationTests]
10:24:24.491 [main] DEBUG org.springframework.test.annotation.ProfileValueUtils - Retrieved @ProfileValueSourceConfiguration [null] for test class [com.itmuch.contentcenter.ContentCenterApplicationTests]
10:24:24.491 [main] DEBUG org.springframework.test.annotation.ProfileValueUtils - Retrieved ProfileValueSource type [class org.springframework.test.annotation.SystemProfileValueSource] for class [com.itmuch.contentcenter.ContentCenterApplicationTests]
10:24:24.492 [main] DEBUG org.springframework.test.annotation.ProfileValueUtils - Retrieved @ProfileValueSourceConfiguration [null] for test class [com.itmuch.contentcenter.ContentCenterApplicationTests]
10:24:24.492 [main] DEBUG org.springframework.test.annotation.ProfileValueUtils - Retrieved ProfileValueSource type [class org.springframework.test.annotation.SystemProfileValueSource] for class [com.itmuch.contentcenter.ContentCenterApplicationTests]
10:24:24.499 [main] DEBUG org.springframework.test.context.support.AbstractDirtiesContextTestExecutionListener - Before test class: context [DefaultTestContext@fa36558 testClass = ContentCenterApplicationTests, testInstance = [null], testMethod = [null], testException = [null], mergedContextConfiguration = [WebMergedContextConfiguration@672872e1 testClass = ContentCenterApplicationTests, locations = '{}', classes = '{class com.itmuch.contentcenter.ContentCenterApplication}', contextInitializerClasses = '[]', activeProfiles = '{}', propertySourceLocations = '{}', propertySourceProperties = '{org.springframework.boot.test.context.SpringBootTestContextBootstrapper=true}', contextCustomizers = set[org.springframework.boot.test.context.filter.ExcludeFilterContextCustomizer@140e5a13, org.springframework.boot.test.json.DuplicateJsonObjectContextCustomizerFactory$DuplicateJsonObjectContextCustomizer@71d15f18, org.springframework.boot.test.mock.mockito.MockitoContextCustomizer@0, org.springframework.boot.test.web.client.TestRestTemplateContextCustomizer@76a4d6c, org.springframework.boot.test.autoconfigure.properties.PropertyMappingContextCustomizer@0, org.springframework.boot.test.autoconfigure.web.servlet.WebDriverContextCustomizerFactory$Customizer@5e25a92e], resourceBasePath = 'src/main/webapp', contextLoader = 'org.springframework.boot.test.context.SpringBootContextLoader', parent = [null]], attributes = map['org.springframework.test.context.web.ServletTestExecutionListener.activateListener' -> true]], class annotated with @DirtiesContext [false] with mode [null].
10:24:24.499 [main] DEBUG org.springframework.test.annotation.ProfileValueUtils - Retrieved @ProfileValueSourceConfiguration [null] for test class [com.itmuch.contentcenter.ContentCenterApplicationTests]
10:24:24.500 [main] DEBUG org.springframework.test.annotation.ProfileValueUtils - Retrieved ProfileValueSource type [class org.springframework.test.annotation.SystemProfileValueSource] for class [com.itmuch.contentcenter.ContentCenterApplicationTests]
10:24:24.534 [main] DEBUG org.springframework.test.context.support.TestPropertySourceUtils - Adding inlined properties to environment: {spring.jmx.enabled=false, org.springframework.boot.test.context.SpringBootTestContextBootstrapper=true, server.port=-1}
2021-02-18 10:24:25.244  INFO [content-center,,,] 23693 --- [           main] trationDelegate$BeanPostProcessorChecker : Bean 'org.springframework.cloud.autoconfigure.ConfigurationPropertiesRebinderAutoConfiguration' of type [org.springframework.cloud.autoconfigure.ConfigurationPropertiesRebinderAutoConfiguration$$EnhancerBySpringCGLIB$$6ae31a2e] is not eligible for getting processed by all BeanPostProcessors (for example: not eligible for auto-proxying)

  .   ____          _            __ _ _
 /\\ / ___'_ __ _ _(_)_ __  __ _ \ \ \ \
( ( )\___ | '_ | '_| | '_ \/ _` | \ \ \ \
 \\/  ___)| |_)| | | | | || (_| |  ) ) ) )
  '  |____| .__|_| |_|_| |_\__, | / / / /
 =========|_|==============|___/=/_/_/_/
 :: Spring Boot ::        (v2.1.5.RELEASE)

2021-02-18 10:24:31.700  INFO [content-center,,,] 23693 --- [           main] b.c.PropertySourceBootstrapConfiguration : Located property source: CompositePropertySource {name='NACOS', propertySources=[NacosPropertySource {name='content-center-dev.yaml'}, NacosPropertySource {name='content-center.yaml'}]}
2021-02-18 10:24:31.769  INFO [content-center,,,] 23693 --- [           main] c.i.c.ContentCenterApplicationTests      : The following profiles are active: dev
2021-02-18 10:24:32.575  WARN [content-center,,,] 23693 --- [           main] o.m.s.mapper.ClassPathMapperScanner      : No MyBatis mapper was found in '[com.itmuch.contentcenter]' package. Please check your configuration.
2021-02-18 10:24:32.893  WARN [content-center,,,] 23693 --- [           main] o.s.boot.actuate.endpoint.EndpointId     : Endpoint ID 'nacos-config' contains invalid characters, please migrate to a valid format.
2021-02-18 10:24:32.895  WARN [content-center,,,] 23693 --- [           main] o.s.boot.actuate.endpoint.EndpointId     : Endpoint ID 'nacos-discovery' contains invalid characters, please migrate to a valid format.
2021-02-18 10:24:32.946  WARN [content-center,,,] 23693 --- [           main] o.s.boot.actuate.endpoint.EndpointId     : Endpoint ID 'service-registry' contains invalid characters, please migrate to a valid format.
2021-02-18 10:24:33.458  INFO [content-center,,,] 23693 --- [           main] o.s.cloud.context.scope.GenericScope     : BeanFactory id=fbf21005-baa3-39c7-af24-7552663315c6
2021-02-18 10:24:33.543  INFO [content-center,,,] 23693 --- [           main] faultConfiguringBeanFactoryPostProcessor : No bean named 'errorChannel' has been explicitly defined. Therefore, a default PublishSubscribeChannel will be created.
2021-02-18 10:24:33.551  INFO [content-center,,,] 23693 --- [           main] faultConfiguringBeanFactoryPostProcessor : No bean named 'taskScheduler' has been explicitly defined. Therefore, a default ThreadPoolTaskScheduler will be created.
2021-02-18 10:24:33.562  INFO [content-center,,,] 23693 --- [           main] faultConfiguringBeanFactoryPostProcessor : No bean named 'integrationHeaderChannelRegistry' has been explicitly defined. Therefore, a default DefaultHeaderChannelRegistry will be created.
2021-02-18 10:24:33.670  INFO [content-center,,,] 23693 --- [           main] trationDelegate$BeanPostProcessorChecker : Bean 'org.springframework.cloud.stream.binder.rocketmq.config.RocketMQComponent4BinderAutoConfiguration' of type [org.springframework.cloud.stream.binder.rocketmq.config.RocketMQComponent4BinderAutoConfiguration$$EnhancerBySpringCGLIB$$fe9a8ed8] is not eligible for getting processed by all BeanPostProcessors (for example: not eligible for auto-proxying)
2021-02-18 10:24:33.727  INFO [content-center,,,] 23693 --- [           main] trationDelegate$BeanPostProcessorChecker : Bean 'defaultMQProducer' of type [org.apache.rocketmq.client.producer.DefaultMQProducer] is not eligible for getting processed by all BeanPostProcessors (for example: not eligible for auto-proxying)
2021-02-18 10:24:33.736  INFO [content-center,,,] 23693 --- [           main] trationDelegate$BeanPostProcessorChecker : Bean 'org.springframework.boot.autoconfigure.jackson.JacksonAutoConfiguration$JacksonObjectMapperConfiguration' of type [org.springframework.boot.autoconfigure.jackson.JacksonAutoConfiguration$JacksonObjectMapperConfiguration$$EnhancerBySpringCGLIB$$aa5c96c2] is not eligible for getting processed by all BeanPostProcessors (for example: not eligible for auto-proxying)
2021-02-18 10:24:33.745  INFO [content-center,,,] 23693 --- [           main] trationDelegate$BeanPostProcessorChecker : Bean 'org.springframework.boot.autoconfigure.jackson.JacksonAutoConfiguration$JacksonObjectMapperBuilderConfiguration' of type [org.springframework.boot.autoconfigure.jackson.JacksonAutoConfiguration$JacksonObjectMapperBuilderConfiguration$$EnhancerBySpringCGLIB$$5ca958db] is not eligible for getting processed by all BeanPostProcessors (for example: not eligible for auto-proxying)
2021-02-18 10:24:33.752  INFO [content-center,,,] 23693 --- [           main] trationDelegate$BeanPostProcessorChecker : Bean 'org.springframework.boot.autoconfigure.jackson.JacksonAutoConfiguration$Jackson2ObjectMapperBuilderCustomizerConfiguration' of type [org.springframework.boot.autoconfigure.jackson.JacksonAutoConfiguration$Jackson2ObjectMapperBuilderCustomizerConfiguration$$EnhancerBySpringCGLIB$$17c03eca] is not eligible for getting processed by all BeanPostProcessors (for example: not eligible for auto-proxying)
2021-02-18 10:24:33.791  INFO [content-center,,,] 23693 --- [           main] trationDelegate$BeanPostProcessorChecker : Bean 'org.springframework.cloud.stream.config.BindersHealthIndicatorAutoConfiguration' of type [org.springframework.cloud.stream.config.BindersHealthIndicatorAutoConfiguration$$EnhancerBySpringCGLIB$$92a3b0d5] is not eligible for getting processed by all BeanPostProcessors (for example: not eligible for auto-proxying)
2021-02-18 10:24:33.805  INFO [content-center,,,] 23693 --- [           main] trationDelegate$BeanPostProcessorChecker : Bean 'bindersHealthIndicator' of type [org.springframework.boot.actuate.health.CompositeHealthIndicator] is not eligible for getting processed by all BeanPostProcessors (for example: not eligible for auto-proxying)
2021-02-18 10:24:33.809  INFO [content-center,,,] 23693 --- [           main] trationDelegate$BeanPostProcessorChecker : Bean 'bindersHealthIndicatorListener' of type [org.springframework.cloud.stream.config.BindersHealthIndicatorAutoConfiguration$BindersHealthIndicatorListener] is not eligible for getting processed by all BeanPostProcessors (for example: not eligible for auto-proxying)
2021-02-18 10:24:33.850  INFO [content-center,,,] 23693 --- [           main] trationDelegate$BeanPostProcessorChecker : Bean 'BindingHandlerAdvise' of type [org.springframework.cloud.stream.config.BindingHandlerAdvise] is not eligible for getting processed by all BeanPostProcessors (for example: not eligible for auto-proxying)
2021-02-18 10:24:33.866  INFO [content-center,,,] 23693 --- [           main] trationDelegate$BeanPostProcessorChecker : Bean 'spelConverter' of type [org.springframework.cloud.stream.config.SpelExpressionConverterConfiguration$SpelConverter] is not eligible for getting processed by all BeanPostProcessors (for example: not eligible for auto-proxying)
2021-02-18 10:24:33.920  INFO [content-center,,,] 23693 --- [           main] trationDelegate$BeanPostProcessorChecker : Bean 'spring.jackson-org.springframework.boot.autoconfigure.jackson.JacksonProperties' of type [org.springframework.boot.autoconfigure.jackson.JacksonProperties] is not eligible for getting processed by all BeanPostProcessors (for example: not eligible for auto-proxying)
2021-02-18 10:24:33.926  INFO [content-center,,,] 23693 --- [           main] trationDelegate$BeanPostProcessorChecker : Bean 'standardJacksonObjectMapperBuilderCustomizer' of type [org.springframework.boot.autoconfigure.jackson.JacksonAutoConfiguration$Jackson2ObjectMapperBuilderCustomizerConfiguration$StandardJackson2ObjectMapperBuilderCustomizer] is not eligible for getting processed by all BeanPostProcessors (for example: not eligible for auto-proxying)
2021-02-18 10:24:33.935  INFO [content-center,,,] 23693 --- [           main] trationDelegate$BeanPostProcessorChecker : Bean 'org.springframework.boot.autoconfigure.jackson.JacksonAutoConfiguration$ParameterNamesModuleConfiguration' of type [org.springframework.boot.autoconfigure.jackson.JacksonAutoConfiguration$ParameterNamesModuleConfiguration$$EnhancerBySpringCGLIB$$3e8bb5f8] is not eligible for getting processed by all BeanPostProcessors (for example: not eligible for auto-proxying)
2021-02-18 10:24:33.954  INFO [content-center,,,] 23693 --- [           main] trationDelegate$BeanPostProcessorChecker : Bean 'parameterNamesModule' of type [com.fasterxml.jackson.module.paramnames.ParameterNamesModule] is not eligible for getting processed by all BeanPostProcessors (for example: not eligible for auto-proxying)
2021-02-18 10:24:33.959  INFO [content-center,,,] 23693 --- [           main] trationDelegate$BeanPostProcessorChecker : Bean 'org.springframework.boot.autoconfigure.jackson.JacksonAutoConfiguration' of type [org.springframework.boot.autoconfigure.jackson.JacksonAutoConfiguration$$EnhancerBySpringCGLIB$$8c683451] is not eligible for getting processed by all BeanPostProcessors (for example: not eligible for auto-proxying)
2021-02-18 10:24:33.991  INFO [content-center,,,] 23693 --- [           main] trationDelegate$BeanPostProcessorChecker : Bean 'jsonComponentModule' of type [org.springframework.boot.jackson.JsonComponentModule] is not eligible for getting processed by all BeanPostProcessors (for example: not eligible for auto-proxying)
2021-02-18 10:24:33.997  INFO [content-center,,,] 23693 --- [           main] trationDelegate$BeanPostProcessorChecker : Bean 'jacksonObjectMapperBuilder' of type [org.springframework.http.converter.json.Jackson2ObjectMapperBuilder] is not eligible for getting processed by all BeanPostProcessors (for example: not eligible for auto-proxying)
2021-02-18 10:24:34.030  INFO [content-center,,,] 23693 --- [           main] trationDelegate$BeanPostProcessorChecker : Bean 'jacksonObjectMapper' of type [com.fasterxml.jackson.databind.ObjectMapper] is not eligible for getting processed by all BeanPostProcessors (for example: not eligible for auto-proxying)
2021-02-18 10:24:34.227  INFO [content-center,,,] 23693 --- [           main] trationDelegate$BeanPostProcessorChecker : Bean 'rocketMQTemplate' of type [org.apache.rocketmq.spring.core.RocketMQTemplate] is not eligible for getting processed by all BeanPostProcessors (for example: not eligible for auto-proxying)
2021-02-18 10:24:34.231  INFO [content-center,,,] 23693 --- [           main] trationDelegate$BeanPostProcessorChecker : Bean 'transactionHandlerRegistry' of type [org.apache.rocketmq.spring.config.TransactionHandlerRegistry] is not eligible for getting processed by all BeanPostProcessors (for example: not eligible for auto-proxying)
2021-02-18 10:24:34.569  INFO [content-center,,,] 23693 --- [           main] trationDelegate$BeanPostProcessorChecker : Bean 'org.springframework.transaction.annotation.ProxyTransactionManagementConfiguration' of type [org.springframework.transaction.annotation.ProxyTransactionManagementConfiguration$$EnhancerBySpringCGLIB$$4ec91731] is not eligible for getting processed by all BeanPostProcessors (for example: not eligible for auto-proxying)
2021-02-18 10:24:34.636  INFO [content-center,,,] 23693 --- [           main] trationDelegate$BeanPostProcessorChecker : Bean 'integrationDisposableAutoCreatedBeans' of type [org.springframework.integration.config.annotation.Disposables] is not eligible for getting processed by all BeanPostProcessors (for example: not eligible for auto-proxying)
2021-02-18 10:24:34.715  INFO [content-center,,,] 23693 --- [           main] trationDelegate$BeanPostProcessorChecker : Bean 'org.springframework.integration.config.IntegrationManagementConfiguration' of type [org.springframework.integration.config.IntegrationManagementConfiguration$$EnhancerBySpringCGLIB$$b9bad260] is not eligible for getting processed by all BeanPostProcessors (for example: not eligible for auto-proxying)
2021-02-18 10:24:34.839  INFO [content-center,,,] 23693 --- [           main] trationDelegate$BeanPostProcessorChecker : Bean 'spring.cloud.sentinel-org.springframework.cloud.alibaba.sentinel.SentinelProperties' of type [org.springframework.cloud.alibaba.sentinel.SentinelProperties] is not eligible for getting processed by all BeanPostProcessors (for example: not eligible for auto-proxying)
2021-02-18 10:24:34.886  INFO [content-center,,,] 23693 --- [           main] trationDelegate$BeanPostProcessorChecker : Bean 'myUrlCleaner' of type [com.itmuch.contentcenter.sentineltest.MyUrlCleaner] is not eligible for getting processed by all BeanPostProcessors (for example: not eligible for auto-proxying)
2021-02-18 10:24:34.893  INFO [content-center,,,] 23693 --- [           main] trationDelegate$BeanPostProcessorChecker : Bean 'myUrlBlockHandler' of type [com.itmuch.contentcenter.sentineltest.MyUrlBlockHandler] is not eligible for getting processed by all BeanPostProcessors (for example: not eligible for auto-proxying)
2021-02-18 10:24:34.947  INFO [content-center,,,] 23693 --- [           main] trationDelegate$BeanPostProcessorChecker : Bean 'org.springframework.cloud.alibaba.sentinel.custom.SentinelAutoConfiguration' of type [org.springframework.cloud.alibaba.sentinel.custom.SentinelAutoConfiguration$$EnhancerBySpringCGLIB$$c33e354] is not eligible for getting processed by all BeanPostProcessors (for example: not eligible for auto-proxying)
2021-02-18 10:24:34.975  INFO [content-center,,,] 23693 --- [           main] trationDelegate$BeanPostProcessorChecker : Bean 'org.springframework.cloud.autoconfigure.ConfigurationPropertiesRebinderAutoConfiguration' of type [org.springframework.cloud.autoconfigure.ConfigurationPropertiesRebinderAutoConfiguration$$EnhancerBySpringCGLIB$$6ae31a2e] is not eligible for getting processed by all BeanPostProcessors (for example: not eligible for auto-proxying)
2021-02-18 10:24:35.267  INFO [content-center,,,] 23693 --- [lientSelector_1] RocketmqRemoting                         : closeChannel: close the connection to remote address[] result: true
2021-02-18 10:24:36.456  INFO [content-center,,,] 23693 --- [           main] o.s.s.c.ThreadPoolTaskScheduler          : Initializing ExecutorService 'taskScheduler'
2021-02-18 10:24:39.279  INFO [content-center,,,] 23693 --- [lientSelector_1] RocketmqRemoting                         : closeChannel: close the connection to remote address[] result: true
2021-02-18 10:24:39.845  WARN [content-center,,,] 23693 --- [           main] c.n.c.sources.URLConfigurationSource     : No URLs will be polled as dynamic configuration sources.
2021-02-18 10:24:39.846  INFO [content-center,,,] 23693 --- [           main] c.n.c.sources.URLConfigurationSource     : To enable URLs as dynamic configuration sources, define System property archaius.configurationSource.additionalUrls or make config.properties available on classpath.
2021-02-18 10:24:39.853  WARN [content-center,,,] 23693 --- [           main] c.n.c.sources.URLConfigurationSource     : No URLs will be polled as dynamic configuration sources.
2021-02-18 10:24:39.854  INFO [content-center,,,] 23693 --- [           main] c.n.c.sources.URLConfigurationSource     : To enable URLs as dynamic configuration sources, define System property archaius.configurationSource.additionalUrls or make config.properties available on classpath.
2021-02-18 10:24:40.336  INFO [content-center,,,] 23693 --- [           main] o.s.s.concurrent.ThreadPoolTaskExecutor  : Initializing ExecutorService 'applicationTaskExecutor'
2021-02-18 10:24:40.826  INFO [content-center,,,] 23693 --- [           main] t.m.m.autoconfigure.MapperCacheDisabler  : Clear tk.mybatis.mapper.util.MsUtil CLASS_CACHE cache.
2021-02-18 10:24:40.827  INFO [content-center,,,] 23693 --- [           main] t.m.m.autoconfigure.MapperCacheDisabler  : Clear tk.mybatis.mapper.genid.GenIdUtil CACHE cache.
2021-02-18 10:24:40.827  INFO [content-center,,,] 23693 --- [           main] t.m.m.autoconfigure.MapperCacheDisabler  : Clear tk.mybatis.mapper.version.VersionUtil CACHE cache.
2021-02-18 10:24:40.827  INFO [content-center,,,] 23693 --- [           main] t.m.m.autoconfigure.MapperCacheDisabler  : Clear EntityHelper entityTableMap cache.
2021-02-18 10:24:40.939  WARN [content-center,,,] 23693 --- [           main] o.a.r.s.a.RocketMQAutoConfiguration      : The necessary spring property 'rocketmq.name-server' is not defined, all rockertmq beans creation are skipped!
2021-02-18 10:24:41.654  INFO [content-center,,,] 23693 --- [           main] o.s.s.c.ThreadPoolTaskScheduler          : Initializing ExecutorService
2021-02-18 10:24:41.698  INFO [content-center,,,] 23693 --- [           main] o.s.c.a.s.SentinelWebAutoConfiguration   : [Sentinel Starter] register Sentinel with urlPatterns: [/*].
2021-02-18 10:24:42.342  INFO [content-center,,,] 23693 --- [           main] o.s.b.a.e.web.EndpointLinksResolver      : Exposing 25 endpoint(s) beneath base path '/actuator'
2021-02-18 10:24:42.621  INFO [content-center,,,] 23693 --- [           main] o.s.i.endpoint.EventDrivenConsumer       : Adding {logging-channel-adapter:_org.springframework.integration.errorLogger} as a subscriber to the 'errorChannel' channel
2021-02-18 10:24:42.621  INFO [content-center,,,] 23693 --- [           main] o.s.i.channel.PublishSubscribeChannel    : Channel 'content-center-1.errorChannel' has 1 subscriber(s).
2021-02-18 10:24:42.621  INFO [content-center,,,] 23693 --- [           main] o.s.i.endpoint.EventDrivenConsumer       : started _org.springframework.integration.errorLogger
2021-02-18 10:24:43.673 ERROR [content-center,,,] 23693 --- [           main] c.a.n.c.config.http.ServerHttpAgent      : [NACOS ConnectException] currentServerAddr:127.0.0.1:8848
2021-02-18 10:24:44.674 ERROR [content-center,,,] 23693 --- [           main] c.a.n.c.config.http.ServerHttpAgent      : [NACOS ConnectException] currentServerAddr:127.0.0.1:8848
2021-02-18 10:24:45.676 ERROR [content-center,,,] 23693 --- [           main] c.a.n.c.config.http.ServerHttpAgent      : [NACOS ConnectException] currentServerAddr:127.0.0.1:8848
2021-02-18 10:24:45.676 ERROR [content-center,,,] 23693 --- [           main] c.a.n.c.config.http.ServerHttpAgent      : no available server
2021-02-18 10:24:45.678 ERROR [content-center,,,] 23693 --- [           main] c.a.n.client.config.impl.ClientWorker    : [fixed-127.0.0.1_8848] [sub-server] get server config exception, dataId=content-center.yaml, group=DEFAULT_GROUP, tenant=

java.net.ConnectException: no available server
	at com.alibaba.nacos.client.config.http.ServerHttpAgent.httpGet(ServerHttpAgent.java:101) ~[nacos-client-1.0.0.jar:na]
	at com.alibaba.nacos.client.config.http.MetricsHttpAgent.httpGet(MetricsHttpAgent.java:48) ~[nacos-client-1.0.0.jar:na]
	at com.alibaba.nacos.client.config.impl.ClientWorker.getServerConfig(ClientWorker.java:216) ~[nacos-client-1.0.0.jar:na]
	at com.alibaba.nacos.client.config.NacosConfigService.getConfigInner(NacosConfigService.java:158) [nacos-client-1.0.0.jar:na]
	at com.alibaba.nacos.client.config.NacosConfigService.getConfig(NacosConfigService.java:114) [nacos-client-1.0.0.jar:na]
	at org.springframework.cloud.alibaba.nacos.client.NacosPropertySourceBuilder.loadNacosData(NacosPropertySourceBuilder.java:85) [spring-cloud-alibaba-nacos-config-0.9.0.RELEASE.jar:0.9.0.RELEASE]
	at org.springframework.cloud.alibaba.nacos.client.NacosPropertySourceBuilder.build(NacosPropertySourceBuilder.java:75) [spring-cloud-alibaba-nacos-config-0.9.0.RELEASE.jar:0.9.0.RELEASE]
	at org.springframework.cloud.alibaba.nacos.client.NacosPropertySourceLocator.loadNacosDataIfPresent(NacosPropertySourceLocator.java:179) [spring-cloud-alibaba-nacos-config-0.9.0.RELEASE.jar:0.9.0.RELEASE]
	at org.springframework.cloud.alibaba.nacos.client.NacosPropertySourceLocator.loadApplicationConfiguration(NacosPropertySourceLocator.java:155) [spring-cloud-alibaba-nacos-config-0.9.0.RELEASE.jar:0.9.0.RELEASE]
	at org.springframework.cloud.alibaba.nacos.client.NacosPropertySourceLocator.locate(NacosPropertySourceLocator.java:88) [spring-cloud-alibaba-nacos-config-0.9.0.RELEASE.jar:0.9.0.RELEASE]
	at org.springframework.cloud.bootstrap.config.PropertySourceBootstrapConfiguration.initialize(PropertySourceBootstrapConfiguration.java:97) [spring-cloud-context-2.1.1.RELEASE.jar:2.1.1.RELEASE]
	at org.springframework.boot.SpringApplication.applyInitializers(SpringApplication.java:649) [spring-boot-2.1.5.RELEASE.jar:2.1.5.RELEASE]
	at org.springframework.boot.SpringApplication.prepareContext(SpringApplication.java:373) [spring-boot-2.1.5.RELEASE.jar:2.1.5.RELEASE]
	at org.springframework.boot.SpringApplication.run(SpringApplication.java:314) [spring-boot-2.1.5.RELEASE.jar:2.1.5.RELEASE]
	at org.springframework.boot.builder.SpringApplicationBuilder.run(SpringApplicationBuilder.java:139) [spring-boot-2.1.5.RELEASE.jar:2.1.5.RELEASE]
	at org.springframework.cloud.stream.binder.DefaultBinderFactory.getBinderInstance(DefaultBinderFactory.java:291) [spring-cloud-stream-2.1.2.RELEASE.jar:2.1.2.RELEASE]
	at org.springframework.cloud.stream.binder.DefaultBinderFactory.doGetBinder(DefaultBinderFactory.java:192) [spring-cloud-stream-2.1.2.RELEASE.jar:2.1.2.RELEASE]
	at org.springframework.cloud.stream.binder.DefaultBinderFactory.getBinder(DefaultBinderFactory.java:130) [spring-cloud-stream-2.1.2.RELEASE.jar:2.1.2.RELEASE]
	at org.springframework.cloud.stream.binding.BindingService.getBinder(BindingService.java:337) [spring-cloud-stream-2.1.2.RELEASE.jar:2.1.2.RELEASE]
	at org.springframework.cloud.stream.binding.BindingService.bindProducer(BindingService.java:229) [spring-cloud-stream-2.1.2.RELEASE.jar:2.1.2.RELEASE]
	at org.springframework.cloud.stream.binding.BindableProxyFactory.createAndBindOutputs(BindableProxyFactory.java:287) [spring-cloud-stream-2.1.2.RELEASE.jar:2.1.2.RELEASE]
	at org.springframework.cloud.stream.binding.OutputBindingLifecycle.doStartWithBindable(OutputBindingLifecycle.java:58) [spring-cloud-stream-2.1.2.RELEASE.jar:2.1.2.RELEASE]
	at java.util.LinkedHashMap$LinkedValues.forEach(LinkedHashMap.java:608) ~[na:1.8.0_202]
	at org.springframework.cloud.stream.binding.AbstractBindingLifecycle.start(AbstractBindingLifecycle.java:48) ~[spring-cloud-stream-2.1.2.RELEASE.jar:2.1.2.RELEASE]
	at org.springframework.cloud.stream.binding.OutputBindingLifecycle.start(OutputBindingLifecycle.java:34) [spring-cloud-stream-2.1.2.RELEASE.jar:2.1.2.RELEASE]
	at org.springframework.context.support.DefaultLifecycleProcessor.doStart(DefaultLifecycleProcessor.java:182) ~[spring-context-5.1.7.RELEASE.jar:5.1.7.RELEASE]
	at org.springframework.context.support.DefaultLifecycleProcessor.access$200(DefaultLifecycleProcessor.java:53) ~[spring-context-5.1.7.RELEASE.jar:5.1.7.RELEASE]
	at org.springframework.context.support.DefaultLifecycleProcessor$LifecycleGroup.start(DefaultLifecycleProcessor.java:360) ~[spring-context-5.1.7.RELEASE.jar:5.1.7.RELEASE]
	at org.springframework.context.support.DefaultLifecycleProcessor.startBeans(DefaultLifecycleProcessor.java:158) ~[spring-context-5.1.7.RELEASE.jar:5.1.7.RELEASE]
	at org.springframework.context.support.DefaultLifecycleProcessor.onRefresh(DefaultLifecycleProcessor.java:122) ~[spring-context-5.1.7.RELEASE.jar:5.1.7.RELEASE]
	at org.springframework.context.support.AbstractApplicationContext.finishRefresh(AbstractApplicationContext.java:893) ~[spring-context-5.1.7.RELEASE.jar:5.1.7.RELEASE]
	at org.springframework.context.support.AbstractApplicationContext.refresh(AbstractApplicationContext.java:552) ~[spring-context-5.1.7.RELEASE.jar:5.1.7.RELEASE]
	at org.springframework.boot.SpringApplication.refresh(SpringApplication.java:775) [spring-boot-2.1.5.RELEASE.jar:2.1.5.RELEASE]
	at org.springframework.boot.SpringApplication.refreshContext(SpringApplication.java:397) [spring-boot-2.1.5.RELEASE.jar:2.1.5.RELEASE]
	at org.springframework.boot.SpringApplication.run(SpringApplication.java:316) [spring-boot-2.1.5.RELEASE.jar:2.1.5.RELEASE]
	at org.springframework.boot.test.context.SpringBootContextLoader.loadContext(SpringBootContextLoader.java:127) ~[spring-boot-test-2.1.5.RELEASE.jar:2.1.5.RELEASE]
	at org.springframework.test.context.cache.DefaultCacheAwareContextLoaderDelegate.loadContextInternal(DefaultCacheAwareContextLoaderDelegate.java:99) ~[spring-test-5.1.7.RELEASE.jar:5.1.7.RELEASE]
	at org.springframework.test.context.cache.DefaultCacheAwareContextLoaderDelegate.loadContext(DefaultCacheAwareContextLoaderDelegate.java:117) ~[spring-test-5.1.7.RELEASE.jar:5.1.7.RELEASE]
	at org.springframework.test.context.support.DefaultTestContext.getApplicationContext(DefaultTestContext.java:108) ~[spring-test-5.1.7.RELEASE.jar:5.1.7.RELEASE]
	at org.springframework.test.context.web.ServletTestExecutionListener.setUpRequestContextIfNecessary(ServletTestExecutionListener.java:190) ~[spring-test-5.1.7.RELEASE.jar:5.1.7.RELEASE]
	at org.springframework.test.context.web.ServletTestExecutionListener.prepareTestInstance(ServletTestExecutionListener.java:132) ~[spring-test-5.1.7.RELEASE.jar:5.1.7.RELEASE]
	at org.springframework.test.context.TestContextManager.prepareTestInstance(TestContextManager.java:246) ~[spring-test-5.1.7.RELEASE.jar:5.1.7.RELEASE]
	at org.springframework.test.context.junit4.SpringJUnit4ClassRunner.createTest(SpringJUnit4ClassRunner.java:227) ~[spring-test-5.1.7.RELEASE.jar:5.1.7.RELEASE]
	at org.springframework.test.context.junit4.SpringJUnit4ClassRunner$1.runReflectiveCall(SpringJUnit4ClassRunner.java:289) ~[spring-test-5.1.7.RELEASE.jar:5.1.7.RELEASE]
	at org.junit.internal.runners.model.ReflectiveCallable.run(ReflectiveCallable.java:12) ~[junit-4.12.jar:4.12]
	at org.springframework.test.context.junit4.SpringJUnit4ClassRunner.methodBlock(SpringJUnit4ClassRunner.java:291) ~[spring-test-5.1.7.RELEASE.jar:5.1.7.RELEASE]
	at org.springframework.test.context.junit4.SpringJUnit4ClassRunner.runChild(SpringJUnit4ClassRunner.java:246) ~[spring-test-5.1.7.RELEASE.jar:5.1.7.RELEASE]
	at org.springframework.test.context.junit4.SpringJUnit4ClassRunner.runChild(SpringJUnit4ClassRunner.java:97) ~[spring-test-5.1.7.RELEASE.jar:5.1.7.RELEASE]
	at org.junit.runners.ParentRunner$3.run(ParentRunner.java:290) ~[junit-4.12.jar:4.12]
	at org.junit.runners.ParentRunner$1.schedule(ParentRunner.java:71) ~[junit-4.12.jar:4.12]
	at org.junit.runners.ParentRunner.runChildren(ParentRunner.java:288) ~[junit-4.12.jar:4.12]
	at org.junit.runners.ParentRunner.access$000(ParentRunner.java:58) ~[junit-4.12.jar:4.12]
	at org.junit.runners.ParentRunner$2.evaluate(ParentRunner.java:268) ~[junit-4.12.jar:4.12]
	at org.springframework.test.context.junit4.statements.RunBeforeTestClassCallbacks.evaluate(RunBeforeTestClassCallbacks.java:61) ~[spring-test-5.1.7.RELEASE.jar:5.1.7.RELEASE]
	at org.springframework.test.context.junit4.statements.RunAfterTestClassCallbacks.evaluate(RunAfterTestClassCallbacks.java:70) ~[spring-test-5.1.7.RELEASE.jar:5.1.7.RELEASE]
	at org.junit.runners.ParentRunner.run(ParentRunner.java:363) ~[junit-4.12.jar:4.12]
	at org.springframework.test.context.junit4.SpringJUnit4ClassRunner.run(SpringJUnit4ClassRunner.java:190) ~[spring-test-5.1.7.RELEASE.jar:5.1.7.RELEASE]
	at org.apache.maven.surefire.junit4.JUnit4Provider.execute(JUnit4Provider.java:365) ~[surefire-junit4-2.22.2.jar:2.22.2]
	at org.apache.maven.surefire.junit4.JUnit4Provider.executeWithRerun(JUnit4Provider.java:273) ~[surefire-junit4-2.22.2.jar:2.22.2]
	at org.apache.maven.surefire.junit4.JUnit4Provider.executeTestSet(JUnit4Provider.java:238) ~[surefire-junit4-2.22.2.jar:2.22.2]
	at org.apache.maven.surefire.junit4.JUnit4Provider.invoke(JUnit4Provider.java:159) ~[surefire-junit4-2.22.2.jar:2.22.2]
	at org.apache.maven.surefire.booter.ForkedBooter.invokeProviderInSameClassLoader(ForkedBooter.java:384) ~[surefire-booter-2.22.2.jar:2.22.2]
	at org.apache.maven.surefire.booter.ForkedBooter.runSuitesInProcess(ForkedBooter.java:345) ~[surefire-booter-2.22.2.jar:2.22.2]
	at org.apache.maven.surefire.booter.ForkedBooter.execute(ForkedBooter.java:126) ~[surefire-booter-2.22.2.jar:2.22.2]
	at org.apache.maven.surefire.booter.ForkedBooter.main(ForkedBooter.java:418) ~[surefire-booter-2.22.2.jar:2.22.2]

2021-02-18 10:24:46.681 ERROR [content-center,,,] 23693 --- [           main] c.a.n.c.config.http.ServerHttpAgent      : [NACOS ConnectException] currentServerAddr:127.0.0.1:8848
2021-02-18 10:24:47.683 ERROR [content-center,,,] 23693 --- [           main] c.a.n.c.config.http.ServerHttpAgent      : [NACOS ConnectException] currentServerAddr:127.0.0.1:8848
2021-02-18 10:24:48.684 ERROR [content-center,,,] 23693 --- [           main] c.a.n.c.config.http.ServerHttpAgent      : [NACOS ConnectException] currentServerAddr:127.0.0.1:8848
2021-02-18 10:24:48.685 ERROR [content-center,,,] 23693 --- [           main] c.a.n.c.config.http.ServerHttpAgent      : no available server
2021-02-18 10:24:48.686 ERROR [content-center,,,] 23693 --- [           main] c.a.n.client.config.impl.ClientWorker    : [fixed-127.0.0.1_8848] [sub-server] get server config exception, dataId=content-center-dev.yaml, group=DEFAULT_GROUP, tenant=

java.net.ConnectException: no available server
	at com.alibaba.nacos.client.config.http.ServerHttpAgent.httpGet(ServerHttpAgent.java:101) ~[nacos-client-1.0.0.jar:na]
	at com.alibaba.nacos.client.config.http.MetricsHttpAgent.httpGet(MetricsHttpAgent.java:48) ~[nacos-client-1.0.0.jar:na]
	at com.alibaba.nacos.client.config.impl.ClientWorker.getServerConfig(ClientWorker.java:216) ~[nacos-client-1.0.0.jar:na]
	at com.alibaba.nacos.client.config.NacosConfigService.getConfigInner(NacosConfigService.java:158) [nacos-client-1.0.0.jar:na]
	at com.alibaba.nacos.client.config.NacosConfigService.getConfig(NacosConfigService.java:114) [nacos-client-1.0.0.jar:na]
	at org.springframework.cloud.alibaba.nacos.client.NacosPropertySourceBuilder.loadNacosData(NacosPropertySourceBuilder.java:85) [spring-cloud-alibaba-nacos-config-0.9.0.RELEASE.jar:0.9.0.RELEASE]
	at org.springframework.cloud.alibaba.nacos.client.NacosPropertySourceBuilder.build(NacosPropertySourceBuilder.java:75) [spring-cloud-alibaba-nacos-config-0.9.0.RELEASE.jar:0.9.0.RELEASE]
	at org.springframework.cloud.alibaba.nacos.client.NacosPropertySourceLocator.loadNacosDataIfPresent(NacosPropertySourceLocator.java:179) [spring-cloud-alibaba-nacos-config-0.9.0.RELEASE.jar:0.9.0.RELEASE]
	at org.springframework.cloud.alibaba.nacos.client.NacosPropertySourceLocator.loadApplicationConfiguration(NacosPropertySourceLocator.java:159) [spring-cloud-alibaba-nacos-config-0.9.0.RELEASE.jar:0.9.0.RELEASE]
	at org.springframework.cloud.alibaba.nacos.client.NacosPropertySourceLocator.locate(NacosPropertySourceLocator.java:88) [spring-cloud-alibaba-nacos-config-0.9.0.RELEASE.jar:0.9.0.RELEASE]
	at org.springframework.cloud.bootstrap.config.PropertySourceBootstrapConfiguration.initialize(PropertySourceBootstrapConfiguration.java:97) [spring-cloud-context-2.1.1.RELEASE.jar:2.1.1.RELEASE]
	at org.springframework.boot.SpringApplication.applyInitializers(SpringApplication.java:649) [spring-boot-2.1.5.RELEASE.jar:2.1.5.RELEASE]
	at org.springframework.boot.SpringApplication.prepareContext(SpringApplication.java:373) [spring-boot-2.1.5.RELEASE.jar:2.1.5.RELEASE]
	at org.springframework.boot.SpringApplication.run(SpringApplication.java:314) [spring-boot-2.1.5.RELEASE.jar:2.1.5.RELEASE]
	at org.springframework.boot.builder.SpringApplicationBuilder.run(SpringApplicationBuilder.java:139) [spring-boot-2.1.5.RELEASE.jar:2.1.5.RELEASE]
	at org.springframework.cloud.stream.binder.DefaultBinderFactory.getBinderInstance(DefaultBinderFactory.java:291) [spring-cloud-stream-2.1.2.RELEASE.jar:2.1.2.RELEASE]
	at org.springframework.cloud.stream.binder.DefaultBinderFactory.doGetBinder(DefaultBinderFactory.java:192) [spring-cloud-stream-2.1.2.RELEASE.jar:2.1.2.RELEASE]
	at org.springframework.cloud.stream.binder.DefaultBinderFactory.getBinder(DefaultBinderFactory.java:130) [spring-cloud-stream-2.1.2.RELEASE.jar:2.1.2.RELEASE]
	at org.springframework.cloud.stream.binding.BindingService.getBinder(BindingService.java:337) [spring-cloud-stream-2.1.2.RELEASE.jar:2.1.2.RELEASE]
	at org.springframework.cloud.stream.binding.BindingService.bindProducer(BindingService.java:229) [spring-cloud-stream-2.1.2.RELEASE.jar:2.1.2.RELEASE]
	at org.springframework.cloud.stream.binding.BindableProxyFactory.createAndBindOutputs(BindableProxyFactory.java:287) [spring-cloud-stream-2.1.2.RELEASE.jar:2.1.2.RELEASE]
	at org.springframework.cloud.stream.binding.OutputBindingLifecycle.doStartWithBindable(OutputBindingLifecycle.java:58) [spring-cloud-stream-2.1.2.RELEASE.jar:2.1.2.RELEASE]
	at java.util.LinkedHashMap$LinkedValues.forEach(LinkedHashMap.java:608) ~[na:1.8.0_202]
	at org.springframework.cloud.stream.binding.AbstractBindingLifecycle.start(AbstractBindingLifecycle.java:48) ~[spring-cloud-stream-2.1.2.RELEASE.jar:2.1.2.RELEASE]
	at org.springframework.cloud.stream.binding.OutputBindingLifecycle.start(OutputBindingLifecycle.java:34) [spring-cloud-stream-2.1.2.RELEASE.jar:2.1.2.RELEASE]
	at org.springframework.context.support.DefaultLifecycleProcessor.doStart(DefaultLifecycleProcessor.java:182) ~[spring-context-5.1.7.RELEASE.jar:5.1.7.RELEASE]
	at org.springframework.context.support.DefaultLifecycleProcessor.access$200(DefaultLifecycleProcessor.java:53) ~[spring-context-5.1.7.RELEASE.jar:5.1.7.RELEASE]
	at org.springframework.context.support.DefaultLifecycleProcessor$LifecycleGroup.start(DefaultLifecycleProcessor.java:360) ~[spring-context-5.1.7.RELEASE.jar:5.1.7.RELEASE]
	at org.springframework.context.support.DefaultLifecycleProcessor.startBeans(DefaultLifecycleProcessor.java:158) ~[spring-context-5.1.7.RELEASE.jar:5.1.7.RELEASE]
	at org.springframework.context.support.DefaultLifecycleProcessor.onRefresh(DefaultLifecycleProcessor.java:122) ~[spring-context-5.1.7.RELEASE.jar:5.1.7.RELEASE]
	at org.springframework.context.support.AbstractApplicationContext.finishRefresh(AbstractApplicationContext.java:893) ~[spring-context-5.1.7.RELEASE.jar:5.1.7.RELEASE]
	at org.springframework.context.support.AbstractApplicationContext.refresh(AbstractApplicationContext.java:552) ~[spring-context-5.1.7.RELEASE.jar:5.1.7.RELEASE]
	at org.springframework.boot.SpringApplication.refresh(SpringApplication.java:775) [spring-boot-2.1.5.RELEASE.jar:2.1.5.RELEASE]
	at org.springframework.boot.SpringApplication.refreshContext(SpringApplication.java:397) [spring-boot-2.1.5.RELEASE.jar:2.1.5.RELEASE]
	at org.springframework.boot.SpringApplication.run(SpringApplication.java:316) [spring-boot-2.1.5.RELEASE.jar:2.1.5.RELEASE]
	at org.springframework.boot.test.context.SpringBootContextLoader.loadContext(SpringBootContextLoader.java:127) ~[spring-boot-test-2.1.5.RELEASE.jar:2.1.5.RELEASE]
	at org.springframework.test.context.cache.DefaultCacheAwareContextLoaderDelegate.loadContextInternal(DefaultCacheAwareContextLoaderDelegate.java:99) ~[spring-test-5.1.7.RELEASE.jar:5.1.7.RELEASE]
	at org.springframework.test.context.cache.DefaultCacheAwareContextLoaderDelegate.loadContext(DefaultCacheAwareContextLoaderDelegate.java:117) ~[spring-test-5.1.7.RELEASE.jar:5.1.7.RELEASE]
	at org.springframework.test.context.support.DefaultTestContext.getApplicationContext(DefaultTestContext.java:108) ~[spring-test-5.1.7.RELEASE.jar:5.1.7.RELEASE]
	at org.springframework.test.context.web.ServletTestExecutionListener.setUpRequestContextIfNecessary(ServletTestExecutionListener.java:190) ~[spring-test-5.1.7.RELEASE.jar:5.1.7.RELEASE]
	at org.springframework.test.context.web.ServletTestExecutionListener.prepareTestInstance(ServletTestExecutionListener.java:132) ~[spring-test-5.1.7.RELEASE.jar:5.1.7.RELEASE]
	at org.springframework.test.context.TestContextManager.prepareTestInstance(TestContextManager.java:246) ~[spring-test-5.1.7.RELEASE.jar:5.1.7.RELEASE]
	at org.springframework.test.context.junit4.SpringJUnit4ClassRunner.createTest(SpringJUnit4ClassRunner.java:227) ~[spring-test-5.1.7.RELEASE.jar:5.1.7.RELEASE]
	at org.springframework.test.context.junit4.SpringJUnit4ClassRunner$1.runReflectiveCall(SpringJUnit4ClassRunner.java:289) ~[spring-test-5.1.7.RELEASE.jar:5.1.7.RELEASE]
	at org.junit.internal.runners.model.ReflectiveCallable.run(ReflectiveCallable.java:12) ~[junit-4.12.jar:4.12]
	at org.springframework.test.context.junit4.SpringJUnit4ClassRunner.methodBlock(SpringJUnit4ClassRunner.java:291) ~[spring-test-5.1.7.RELEASE.jar:5.1.7.RELEASE]
	at org.springframework.test.context.junit4.SpringJUnit4ClassRunner.runChild(SpringJUnit4ClassRunner.java:246) ~[spring-test-5.1.7.RELEASE.jar:5.1.7.RELEASE]
	at org.springframework.test.context.junit4.SpringJUnit4ClassRunner.runChild(SpringJUnit4ClassRunner.java:97) ~[spring-test-5.1.7.RELEASE.jar:5.1.7.RELEASE]
	at org.junit.runners.ParentRunner$3.run(ParentRunner.java:290) ~[junit-4.12.jar:4.12]
	at org.junit.runners.ParentRunner$1.schedule(ParentRunner.java:71) ~[junit-4.12.jar:4.12]
	at org.junit.runners.ParentRunner.runChildren(ParentRunner.java:288) ~[junit-4.12.jar:4.12]
	at org.junit.runners.ParentRunner.access$000(ParentRunner.java:58) ~[junit-4.12.jar:4.12]
	at org.junit.runners.ParentRunner$2.evaluate(ParentRunner.java:268) ~[junit-4.12.jar:4.12]
	at org.springframework.test.context.junit4.statements.RunBeforeTestClassCallbacks.evaluate(RunBeforeTestClassCallbacks.java:61) ~[spring-test-5.1.7.RELEASE.jar:5.1.7.RELEASE]
	at org.springframework.test.context.junit4.statements.RunAfterTestClassCallbacks.evaluate(RunAfterTestClassCallbacks.java:70) ~[spring-test-5.1.7.RELEASE.jar:5.1.7.RELEASE]
	at org.junit.runners.ParentRunner.run(ParentRunner.java:363) ~[junit-4.12.jar:4.12]
	at org.springframework.test.context.junit4.SpringJUnit4ClassRunner.run(SpringJUnit4ClassRunner.java:190) ~[spring-test-5.1.7.RELEASE.jar:5.1.7.RELEASE]
	at org.apache.maven.surefire.junit4.JUnit4Provider.execute(JUnit4Provider.java:365) ~[surefire-junit4-2.22.2.jar:2.22.2]
	at org.apache.maven.surefire.junit4.JUnit4Provider.executeWithRerun(JUnit4Provider.java:273) ~[surefire-junit4-2.22.2.jar:2.22.2]
	at org.apache.maven.surefire.junit4.JUnit4Provider.executeTestSet(JUnit4Provider.java:238) ~[surefire-junit4-2.22.2.jar:2.22.2]
	at org.apache.maven.surefire.junit4.JUnit4Provider.invoke(JUnit4Provider.java:159) ~[surefire-junit4-2.22.2.jar:2.22.2]
	at org.apache.maven.surefire.booter.ForkedBooter.invokeProviderInSameClassLoader(ForkedBooter.java:384) ~[surefire-booter-2.22.2.jar:2.22.2]
	at org.apache.maven.surefire.booter.ForkedBooter.runSuitesInProcess(ForkedBooter.java:345) ~[surefire-booter-2.22.2.jar:2.22.2]
	at org.apache.maven.surefire.booter.ForkedBooter.execute(ForkedBooter.java:126) ~[surefire-booter-2.22.2.jar:2.22.2]
	at org.apache.maven.surefire.booter.ForkedBooter.main(ForkedBooter.java:418) ~[surefire-booter-2.22.2.jar:2.22.2]

2021-02-18 10:24:48.686  INFO [content-center,,,] 23693 --- [           main] b.c.PropertySourceBootstrapConfiguration : Located property source: CompositePropertySource {name='NACOS', propertySources=[NacosPropertySource {name='content-center-dev.yaml'}, NacosPropertySource {name='content-center.yaml'}]}
2021-02-18 10:24:48.795  WARN [content-center,,,] 23693 --- [           main] o.a.r.s.a.RocketMQAutoConfiguration      : The necessary spring property 'rocketmq.name-server' is not defined, all rockertmq beans creation are skipped!
2021-02-18 10:24:49.048  INFO [content-center,,,] 23693 --- [           main] c.netflix.loadbalancer.BaseLoadBalancer  : Client: user-center instantiated a LoadBalancer: DynamicServerListLoadBalancer:{NFLoadBalancer:name=user-center,current list of Servers=[],Load balancer stats=Zone stats: {},Server stats: []}ServerList:null
2021-02-18 10:24:49.057  INFO [content-center,,,] 23693 --- [           main] c.n.l.DynamicServerListLoadBalancer      : Using serverListUpdater PollingServerListUpdater
2021-02-18 10:24:49.839 ERROR [content-center,,,] 23693 --- [-127.0.0.1_8848] c.a.n.c.config.http.ServerHttpAgent      : [NACOS ConnectException] currentServerAddr: 127.0.0.1:8848
2021-02-18 10:24:50.070 ERROR [content-center,,,] 23693 --- [           main] com.alibaba.nacos.client.naming          : [NA] failed to request 

java.net.ConnectException: Connection refused (Connection refused)
	at java.net.PlainSocketImpl.socketConnect(Native Method) ~[na:1.8.0_202]
	at java.net.AbstractPlainSocketImpl.doConnect(AbstractPlainSocketImpl.java:350) ~[na:1.8.0_202]
	at java.net.AbstractPlainSocketImpl.connectToAddress(AbstractPlainSocketImpl.java:206) ~[na:1.8.0_202]
	at java.net.AbstractPlainSocketImpl.connect(AbstractPlainSocketImpl.java:188) ~[na:1.8.0_202]
	at java.net.SocksSocketImpl.connect(SocksSocketImpl.java:392) ~[na:1.8.0_202]
	at java.net.Socket.connect(Socket.java:589) ~[na:1.8.0_202]
	at sun.net.NetworkClient.doConnect(NetworkClient.java:175) ~[na:1.8.0_202]
	at sun.net.www.http.HttpClient.openServer(HttpClient.java:463) ~[na:1.8.0_202]
	at sun.net.www.http.HttpClient.openServer(HttpClient.java:558) ~[na:1.8.0_202]
	at sun.net.www.http.HttpClient.<init>(HttpClient.java:242) ~[na:1.8.0_202]
	at sun.net.www.http.HttpClient.New(HttpClient.java:339) ~[na:1.8.0_202]
	at sun.net.www.http.HttpClient.New(HttpClient.java:357) ~[na:1.8.0_202]
	at sun.net.www.protocol.http.HttpURLConnection.getNewHttpClient(HttpURLConnection.java:1220) ~[na:1.8.0_202]
	at sun.net.www.protocol.http.HttpURLConnection.plainConnect0(HttpURLConnection.java:1156) ~[na:1.8.0_202]
	at sun.net.www.protocol.http.HttpURLConnection.plainConnect(HttpURLConnection.java:1050) ~[na:1.8.0_202]
	at sun.net.www.protocol.http.HttpURLConnection.connect(HttpURLConnection.java:984) ~[na:1.8.0_202]
	at com.alibaba.nacos.client.naming.net.HttpClient.request(HttpClient.java:89) ~[nacos-client-1.0.0.jar:na]
	at com.alibaba.nacos.client.naming.net.NamingProxy.callServer(NamingProxy.java:326) [nacos-client-1.0.0.jar:na]
	at com.alibaba.nacos.client.naming.net.NamingProxy.reqAPI(NamingProxy.java:367) [nacos-client-1.0.0.jar:na]
	at com.alibaba.nacos.client.naming.net.NamingProxy.reqAPI(NamingProxy.java:304) [nacos-client-1.0.0.jar:na]
	at com.alibaba.nacos.client.naming.net.NamingProxy.queryList(NamingProxy.java:217) [nacos-client-1.0.0.jar:na]
	at com.alibaba.nacos.client.naming.core.HostReactor.updateServiceNow(HostReactor.java:273) [nacos-client-1.0.0.jar:na]
	at com.alibaba.nacos.client.naming.core.HostReactor.getServiceInfo(HostReactor.java:232) [nacos-client-1.0.0.jar:na]
	at com.alibaba.nacos.client.naming.NacosNamingService.selectInstances(NacosNamingService.java:427) [nacos-client-1.0.0.jar:na]
	at com.alibaba.nacos.client.naming.NacosNamingService.selectInstances(NacosNamingService.java:419) [nacos-client-1.0.0.jar:na]
	at com.alibaba.nacos.client.naming.NacosNamingService.selectInstances(NacosNamingService.java:408) [nacos-client-1.0.0.jar:na]
	at com.alibaba.nacos.client.naming.NacosNamingService.selectInstances(NacosNamingService.java:386) [nacos-client-1.0.0.jar:na]
	at org.springframework.cloud.alibaba.nacos.ribbon.NacosServerList.getServers(NacosServerList.java:54) [spring-cloud-alibaba-nacos-discovery-0.9.0.RELEASE.jar:0.9.0.RELEASE]
	at org.springframework.cloud.alibaba.nacos.ribbon.NacosServerList.getUpdatedListOfServers(NacosServerList.java:48) [spring-cloud-alibaba-nacos-discovery-0.9.0.RELEASE.jar:0.9.0.RELEASE]
	at com.netflix.loadbalancer.DynamicServerListLoadBalancer.updateListOfServers(DynamicServerListLoadBalancer.java:240) [ribbon-loadbalancer-2.3.0.jar:2.3.0]
	at com.netflix.loadbalancer.DynamicServerListLoadBalancer.restOfInit(DynamicServerListLoadBalancer.java:144) [ribbon-loadbalancer-2.3.0.jar:2.3.0]
	at com.netflix.loadbalancer.DynamicServerListLoadBalancer.<init>(DynamicServerListLoadBalancer.java:95) [ribbon-loadbalancer-2.3.0.jar:2.3.0]
	at com.netflix.loadbalancer.ZoneAwareLoadBalancer.<init>(ZoneAwareLoadBalancer.java:82) [ribbon-loadbalancer-2.3.0.jar:2.3.0]
	at org.springframework.cloud.netflix.ribbon.RibbonClientConfiguration.ribbonLoadBalancer(RibbonClientConfiguration.java:155) [spring-cloud-netflix-ribbon-2.1.1.RELEASE.jar:2.1.1.RELEASE]
	at org.springframework.cloud.netflix.ribbon.RibbonClientConfiguration$$EnhancerBySpringCGLIB$$2a7a3b6f.CGLIB$ribbonLoadBalancer$7(<generated>) [spring-cloud-netflix-ribbon-2.1.1.RELEASE.jar:2.1.1.RELEASE]
	at org.springframework.cloud.netflix.ribbon.RibbonClientConfiguration$$EnhancerBySpringCGLIB$$2a7a3b6f$$FastClassBySpringCGLIB$$c433e798.invoke(<generated>) [spring-cloud-netflix-ribbon-2.1.1.RELEASE.jar:2.1.1.RELEASE]
	at org.springframework.cglib.proxy.MethodProxy.invokeSuper(MethodProxy.java:244) [spring-core-5.1.7.RELEASE.jar:5.1.7.RELEASE]
	at org.springframework.context.annotation.ConfigurationClassEnhancer$BeanMethodInterceptor.intercept(ConfigurationClassEnhancer.java:363) [spring-context-5.1.7.RELEASE.jar:5.1.7.RELEASE]
	at org.springframework.cloud.netflix.ribbon.RibbonClientConfiguration$$EnhancerBySpringCGLIB$$2a7a3b6f.ribbonLoadBalancer(<generated>) [spring-cloud-netflix-ribbon-2.1.1.RELEASE.jar:2.1.1.RELEASE]
	at sun.reflect.NativeMethodAccessorImpl.invoke0(Native Method) ~[na:1.8.0_202]
	at sun.reflect.NativeMethodAccessorImpl.invoke(NativeMethodAccessorImpl.java:62) ~[na:1.8.0_202]
	at sun.reflect.DelegatingMethodAccessorImpl.invoke(DelegatingMethodAccessorImpl.java:43) ~[na:1.8.0_202]
	at java.lang.reflect.Method.invoke(Method.java:498) ~[na:1.8.0_202]
	at org.springframework.beans.factory.support.SimpleInstantiationStrategy.instantiate(SimpleInstantiationStrategy.java:154) [spring-beans-5.1.7.RELEASE.jar:5.1.7.RELEASE]
	at org.springframework.beans.factory.support.ConstructorResolver.instantiate(ConstructorResolver.java:622) [spring-beans-5.1.7.RELEASE.jar:5.1.7.RELEASE]
	at org.springframework.beans.factory.support.ConstructorResolver.instantiateUsingFactoryMethod(ConstructorResolver.java:607) [spring-beans-5.1.7.RELEASE.jar:5.1.7.RELEASE]
	at org.springframework.beans.factory.support.AbstractAutowireCapableBeanFactory.instantiateUsingFactoryMethod(AbstractAutowireCapableBeanFactory.java:1321) [spring-beans-5.1.7.RELEASE.jar:5.1.7.RELEASE]
	at org.springframework.beans.factory.support.AbstractAutowireCapableBeanFactory.createBeanInstance(AbstractAutowireCapableBeanFactory.java:1160) [spring-beans-5.1.7.RELEASE.jar:5.1.7.RELEASE]
	at org.springframework.beans.factory.support.AbstractAutowireCapableBeanFactory.doCreateBean(AbstractAutowireCapableBeanFactory.java:555) [spring-beans-5.1.7.RELEASE.jar:5.1.7.RELEASE]
	at org.springframework.beans.factory.support.AbstractAutowireCapableBeanFactory.createBean(AbstractAutowireCapableBeanFactory.java:515) [spring-beans-5.1.7.RELEASE.jar:5.1.7.RELEASE]
	at org.springframework.beans.factory.support.AbstractBeanFactory.lambda$doGetBean$0(AbstractBeanFactory.java:320) [spring-beans-5.1.7.RELEASE.jar:5.1.7.RELEASE]
	at org.springframework.beans.factory.support.DefaultSingletonBeanRegistry.getSingleton(DefaultSingletonBeanRegistry.java:222) ~[spring-beans-5.1.7.RELEASE.jar:5.1.7.RELEASE]
	at org.springframework.beans.factory.support.AbstractBeanFactory.doGetBean(AbstractBeanFactory.java:318) [spring-beans-5.1.7.RELEASE.jar:5.1.7.RELEASE]
	at org.springframework.beans.factory.support.AbstractBeanFactory.getBean(AbstractBeanFactory.java:199) [spring-beans-5.1.7.RELEASE.jar:5.1.7.RELEASE]
	at org.springframework.beans.factory.config.DependencyDescriptor.resolveCandidate(DependencyDescriptor.java:277) ~[spring-beans-5.1.7.RELEASE.jar:5.1.7.RELEASE]
	at org.springframework.beans.factory.support.DefaultListableBeanFactory.doResolveDependency(DefaultListableBeanFactory.java:1248) ~[spring-beans-5.1.7.RELEASE.jar:5.1.7.RELEASE]
	at org.springframework.beans.factory.support.DefaultListableBeanFactory.resolveDependency(DefaultListableBeanFactory.java:1168) ~[spring-beans-5.1.7.RELEASE.jar:5.1.7.RELEASE]
	at org.springframework.beans.factory.support.ConstructorResolver.resolveAutowiredArgument(ConstructorResolver.java:857) [spring-beans-5.1.7.RELEASE.jar:5.1.7.RELEASE]
	at org.springframework.beans.factory.support.ConstructorResolver.createArgumentArray(ConstructorResolver.java:760) [spring-beans-5.1.7.RELEASE.jar:5.1.7.RELEASE]
	at org.springframework.beans.factory.support.ConstructorResolver.instantiateUsingFactoryMethod(ConstructorResolver.java:509) [spring-beans-5.1.7.RELEASE.jar:5.1.7.RELEASE]
	at org.springframework.beans.factory.support.AbstractAutowireCapableBeanFactory.instantiateUsingFactoryMethod(AbstractAutowireCapableBeanFactory.java:1321) [spring-beans-5.1.7.RELEASE.jar:5.1.7.RELEASE]
	at org.springframework.beans.factory.support.AbstractAutowireCapableBeanFactory.createBeanInstance(AbstractAutowireCapableBeanFactory.java:1160) [spring-beans-5.1.7.RELEASE.jar:5.1.7.RELEASE]
	at org.springframework.beans.factory.support.AbstractAutowireCapableBeanFactory.doCreateBean(AbstractAutowireCapableBeanFactory.java:555) [spring-beans-5.1.7.RELEASE.jar:5.1.7.RELEASE]
	at org.springframework.beans.factory.support.AbstractAutowireCapableBeanFactory.createBean(AbstractAutowireCapableBeanFactory.java:515) [spring-beans-5.1.7.RELEASE.jar:5.1.7.RELEASE]
	at org.springframework.beans.factory.support.AbstractBeanFactory.lambda$doGetBean$0(AbstractBeanFactory.java:320) [spring-beans-5.1.7.RELEASE.jar:5.1.7.RELEASE]
	at org.springframework.beans.factory.support.DefaultSingletonBeanRegistry.getSingleton(DefaultSingletonBeanRegistry.java:222) ~[spring-beans-5.1.7.RELEASE.jar:5.1.7.RELEASE]
	at org.springframework.beans.factory.support.AbstractBeanFactory.doGetBean(AbstractBeanFactory.java:318) [spring-beans-5.1.7.RELEASE.jar:5.1.7.RELEASE]
	at org.springframework.beans.factory.support.AbstractBeanFactory.getBean(AbstractBeanFactory.java:199) [spring-beans-5.1.7.RELEASE.jar:5.1.7.RELEASE]
	at org.springframework.beans.factory.support.DefaultListableBeanFactory.preInstantiateSingletons(DefaultListableBeanFactory.java:843) ~[spring-beans-5.1.7.RELEASE.jar:5.1.7.RELEASE]
	at org.springframework.context.support.AbstractApplicationContext.finishBeanFactoryInitialization(AbstractApplicationContext.java:877) ~[spring-context-5.1.7.RELEASE.jar:5.1.7.RELEASE]
	at org.springframework.context.support.AbstractApplicationContext.refresh(AbstractApplicationContext.java:549) ~[spring-context-5.1.7.RELEASE.jar:5.1.7.RELEASE]
	at org.springframework.cloud.context.named.NamedContextFactory.createContext(NamedContextFactory.java:136) ~[spring-cloud-context-2.1.1.RELEASE.jar:2.1.1.RELEASE]
	at org.springframework.cloud.context.named.NamedContextFactory.getContext(NamedContextFactory.java:101) ~[spring-cloud-context-2.1.1.RELEASE.jar:2.1.1.RELEASE]
	at org.springframework.cloud.netflix.ribbon.SpringClientFactory.getContext(SpringClientFactory.java:131) ~[spring-cloud-netflix-ribbon-2.1.1.RELEASE.jar:2.1.1.RELEASE]
	at org.springframework.cloud.netflix.ribbon.RibbonApplicationContextInitializer.initialize(RibbonApplicationContextInitializer.java:47) ~[spring-cloud-netflix-ribbon-2.1.1.RELEASE.jar:2.1.1.RELEASE]
	at org.springframework.cloud.netflix.ribbon.RibbonApplicationContextInitializer.onApplicationEvent(RibbonApplicationContextInitializer.java:54) ~[spring-cloud-netflix-ribbon-2.1.1.RELEASE.jar:2.1.1.RELEASE]
	at org.springframework.cloud.netflix.ribbon.RibbonApplicationContextInitializer.onApplicationEvent(RibbonApplicationContextInitializer.java:30) ~[spring-cloud-netflix-ribbon-2.1.1.RELEASE.jar:2.1.1.RELEASE]
	at org.springframework.context.event.SimpleApplicationEventMulticaster.doInvokeListener(SimpleApplicationEventMulticaster.java:172) ~[spring-context-5.1.7.RELEASE.jar:5.1.7.RELEASE]
	at org.springframework.context.event.SimpleApplicationEventMulticaster.invokeListener(SimpleApplicationEventMulticaster.java:165) ~[spring-context-5.1.7.RELEASE.jar:5.1.7.RELEASE]
	at org.springframework.context.event.SimpleApplicationEventMulticaster.multicastEvent(SimpleApplicationEventMulticaster.java:139) ~[spring-context-5.1.7.RELEASE.jar:5.1.7.RELEASE]
	at org.springframework.context.support.AbstractApplicationContext.publishEvent(AbstractApplicationContext.java:402) ~[spring-context-5.1.7.RELEASE.jar:5.1.7.RELEASE]
	at org.springframework.context.support.AbstractApplicationContext.publishEvent(AbstractApplicationContext.java:408) ~[spring-context-5.1.7.RELEASE.jar:5.1.7.RELEASE]
	at org.springframework.context.support.AbstractApplicationContext.publishEvent(AbstractApplicationContext.java:359) ~[spring-context-5.1.7.RELEASE.jar:5.1.7.RELEASE]
	at org.springframework.boot.context.event.EventPublishingRunListener.running(EventPublishingRunListener.java:105) ~[spring-boot-2.1.5.RELEASE.jar:2.1.5.RELEASE]
	at org.springframework.boot.SpringApplicationRunListeners.running(SpringApplicationRunListeners.java:78) ~[spring-boot-2.1.5.RELEASE.jar:2.1.5.RELEASE]
	at org.springframework.boot.SpringApplication.run(SpringApplication.java:332) ~[spring-boot-2.1.5.RELEASE.jar:2.1.5.RELEASE]
	at org.springframework.boot.builder.SpringApplicationBuilder.run(SpringApplicationBuilder.java:139) ~[spring-boot-2.1.5.RELEASE.jar:2.1.5.RELEASE]
	at org.springframework.cloud.stream.binder.DefaultBinderFactory.getBinderInstance(DefaultBinderFactory.java:291) ~[spring-cloud-stream-2.1.2.RELEASE.jar:2.1.2.RELEASE]
	at org.springframework.cloud.stream.binder.DefaultBinderFactory.doGetBinder(DefaultBinderFactory.java:192) ~[spring-cloud-stream-2.1.2.RELEASE.jar:2.1.2.RELEASE]
	at org.springframework.cloud.stream.binder.DefaultBinderFactory.getBinder(DefaultBinderFactory.java:130) ~[spring-cloud-stream-2.1.2.RELEASE.jar:2.1.2.RELEASE]
	at org.springframework.cloud.stream.binding.BindingService.getBinder(BindingService.java:337) ~[spring-cloud-stream-2.1.2.RELEASE.jar:2.1.2.RELEASE]
	at org.springframework.cloud.stream.binding.BindingService.bindProducer(BindingService.java:229) ~[spring-cloud-stream-2.1.2.RELEASE.jar:2.1.2.RELEASE]
	at org.springframework.cloud.stream.binding.BindableProxyFactory.createAndBindOutputs(BindableProxyFactory.java:287) ~[spring-cloud-stream-2.1.2.RELEASE.jar:2.1.2.RELEASE]
	at org.springframework.cloud.stream.binding.OutputBindingLifecycle.doStartWithBindable(OutputBindingLifecycle.java:58) ~[spring-cloud-stream-2.1.2.RELEASE.jar:2.1.2.RELEASE]
	at java.util.LinkedHashMap$LinkedValues.forEach(LinkedHashMap.java:608) ~[na:1.8.0_202]
	at org.springframework.cloud.stream.binding.AbstractBindingLifecycle.start(AbstractBindingLifecycle.java:48) ~[spring-cloud-stream-2.1.2.RELEASE.jar:2.1.2.RELEASE]
	at org.springframework.cloud.stream.binding.OutputBindingLifecycle.start(OutputBindingLifecycle.java:34) ~[spring-cloud-stream-2.1.2.RELEASE.jar:2.1.2.RELEASE]
	at org.springframework.context.support.DefaultLifecycleProcessor.doStart(DefaultLifecycleProcessor.java:182) ~[spring-context-5.1.7.RELEASE.jar:5.1.7.RELEASE]
	at org.springframework.context.support.DefaultLifecycleProcessor.access$200(DefaultLifecycleProcessor.java:53) ~[spring-context-5.1.7.RELEASE.jar:5.1.7.RELEASE]
	at org.springframework.context.support.DefaultLifecycleProcessor$LifecycleGroup.start(DefaultLifecycleProcessor.java:360) ~[spring-context-5.1.7.RELEASE.jar:5.1.7.RELEASE]
	at org.springframework.context.support.DefaultLifecycleProcessor.startBeans(DefaultLifecycleProcessor.java:158) ~[spring-context-5.1.7.RELEASE.jar:5.1.7.RELEASE]
	at org.springframework.context.support.DefaultLifecycleProcessor.onRefresh(DefaultLifecycleProcessor.java:122) ~[spring-context-5.1.7.RELEASE.jar:5.1.7.RELEASE]
	at org.springframework.context.support.AbstractApplicationContext.finishRefresh(AbstractApplicationContext.java:893) ~[spring-context-5.1.7.RELEASE.jar:5.1.7.RELEASE]
	at org.springframework.context.support.AbstractApplicationContext.refresh(AbstractApplicationContext.java:552) ~[spring-context-5.1.7.RELEASE.jar:5.1.7.RELEASE]
	at org.springframework.boot.SpringApplication.refresh(SpringApplication.java:775) ~[spring-boot-2.1.5.RELEASE.jar:2.1.5.RELEASE]
	at org.springframework.boot.SpringApplication.refreshContext(SpringApplication.java:397) ~[spring-boot-2.1.5.RELEASE.jar:2.1.5.RELEASE]
	at org.springframework.boot.SpringApplication.run(SpringApplication.java:316) ~[spring-boot-2.1.5.RELEASE.jar:2.1.5.RELEASE]
	at org.springframework.boot.test.context.SpringBootContextLoader.loadContext(SpringBootContextLoader.java:127) ~[spring-boot-test-2.1.5.RELEASE.jar:2.1.5.RELEASE]
	at org.springframework.test.context.cache.DefaultCacheAwareContextLoaderDelegate.loadContextInternal(DefaultCacheAwareContextLoaderDelegate.java:99) ~[spring-test-5.1.7.RELEASE.jar:5.1.7.RELEASE]
	at org.springframework.test.context.cache.DefaultCacheAwareContextLoaderDelegate.loadContext(DefaultCacheAwareContextLoaderDelegate.java:117) ~[spring-test-5.1.7.RELEASE.jar:5.1.7.RELEASE]
	at org.springframework.test.context.support.DefaultTestContext.getApplicationContext(DefaultTestContext.java:108) ~[spring-test-5.1.7.RELEASE.jar:5.1.7.RELEASE]
	at org.springframework.test.context.web.ServletTestExecutionListener.setUpRequestContextIfNecessary(ServletTestExecutionListener.java:190) ~[spring-test-5.1.7.RELEASE.jar:5.1.7.RELEASE]
	at org.springframework.test.context.web.ServletTestExecutionListener.prepareTestInstance(ServletTestExecutionListener.java:132) ~[spring-test-5.1.7.RELEASE.jar:5.1.7.RELEASE]
	at org.springframework.test.context.TestContextManager.prepareTestInstance(TestContextManager.java:246) ~[spring-test-5.1.7.RELEASE.jar:5.1.7.RELEASE]
	at org.springframework.test.context.junit4.SpringJUnit4ClassRunner.createTest(SpringJUnit4ClassRunner.java:227) ~[spring-test-5.1.7.RELEASE.jar:5.1.7.RELEASE]
	at org.springframework.test.context.junit4.SpringJUnit4ClassRunner$1.runReflectiveCall(SpringJUnit4ClassRunner.java:289) ~[spring-test-5.1.7.RELEASE.jar:5.1.7.RELEASE]
	at org.junit.internal.runners.model.ReflectiveCallable.run(ReflectiveCallable.java:12) ~[junit-4.12.jar:4.12]
	at org.springframework.test.context.junit4.SpringJUnit4ClassRunner.methodBlock(SpringJUnit4ClassRunner.java:291) ~[spring-test-5.1.7.RELEASE.jar:5.1.7.RELEASE]
	at org.springframework.test.context.junit4.SpringJUnit4ClassRunner.runChild(SpringJUnit4ClassRunner.java:246) ~[spring-test-5.1.7.RELEASE.jar:5.1.7.RELEASE]
	at org.springframework.test.context.junit4.SpringJUnit4ClassRunner.runChild(SpringJUnit4ClassRunner.java:97) ~[spring-test-5.1.7.RELEASE.jar:5.1.7.RELEASE]
	at org.junit.runners.ParentRunner$3.run(ParentRunner.java:290) ~[junit-4.12.jar:4.12]
	at org.junit.runners.ParentRunner$1.schedule(ParentRunner.java:71) ~[junit-4.12.jar:4.12]
	at org.junit.runners.ParentRunner.runChildren(ParentRunner.java:288) ~[junit-4.12.jar:4.12]
	at org.junit.runners.ParentRunner.access$000(ParentRunner.java:58) ~[junit-4.12.jar:4.12]
	at org.junit.runners.ParentRunner$2.evaluate(ParentRunner.java:268) ~[junit-4.12.jar:4.12]
	at org.springframework.test.context.junit4.statements.RunBeforeTestClassCallbacks.evaluate(RunBeforeTestClassCallbacks.java:61) ~[spring-test-5.1.7.RELEASE.jar:5.1.7.RELEASE]
	at org.springframework.test.context.junit4.statements.RunAfterTestClassCallbacks.evaluate(RunAfterTestClassCallbacks.java:70) ~[spring-test-5.1.7.RELEASE.jar:5.1.7.RELEASE]
	at org.junit.runners.ParentRunner.run(ParentRunner.java:363) ~[junit-4.12.jar:4.12]
	at org.springframework.test.context.junit4.SpringJUnit4ClassRunner.run(SpringJUnit4ClassRunner.java:190) ~[spring-test-5.1.7.RELEASE.jar:5.1.7.RELEASE]
	at org.apache.maven.surefire.junit4.JUnit4Provider.execute(JUnit4Provider.java:365) ~[surefire-junit4-2.22.2.jar:2.22.2]
	at org.apache.maven.surefire.junit4.JUnit4Provider.executeWithRerun(JUnit4Provider.java:273) ~[surefire-junit4-2.22.2.jar:2.22.2]
	at org.apache.maven.surefire.junit4.JUnit4Provider.executeTestSet(JUnit4Provider.java:238) ~[surefire-junit4-2.22.2.jar:2.22.2]
	at org.apache.maven.surefire.junit4.JUnit4Provider.invoke(JUnit4Provider.java:159) ~[surefire-junit4-2.22.2.jar:2.22.2]
	at org.apache.maven.surefire.booter.ForkedBooter.invokeProviderInSameClassLoader(ForkedBooter.java:384) ~[surefire-booter-2.22.2.jar:2.22.2]
	at org.apache.maven.surefire.booter.ForkedBooter.runSuitesInProcess(ForkedBooter.java:345) ~[surefire-booter-2.22.2.jar:2.22.2]
	at org.apache.maven.surefire.booter.ForkedBooter.execute(ForkedBooter.java:126) ~[surefire-booter-2.22.2.jar:2.22.2]
	at org.apache.maven.surefire.booter.ForkedBooter.main(ForkedBooter.java:418) ~[surefire-booter-2.22.2.jar:2.22.2]

2021-02-18 10:24:50.073 ERROR [content-center,,,] 23693 --- [           main] com.alibaba.nacos.client.naming          : request localhost:8848 failed.

com.alibaba.nacos.api.exception.NacosException: failed to req API:http://localhost:8848/nacos/v1/ns/instance/list. code:500 msg: java.net.ConnectException: Connection refused (Connection refused)
	at com.alibaba.nacos.client.naming.net.NamingProxy.callServer(NamingProxy.java:340) [nacos-client-1.0.0.jar:na]
	at com.alibaba.nacos.client.naming.net.NamingProxy.reqAPI(NamingProxy.java:367) [nacos-client-1.0.0.jar:na]
	at com.alibaba.nacos.client.naming.net.NamingProxy.reqAPI(NamingProxy.java:304) [nacos-client-1.0.0.jar:na]
	at com.alibaba.nacos.client.naming.net.NamingProxy.queryList(NamingProxy.java:217) [nacos-client-1.0.0.jar:na]
	at com.alibaba.nacos.client.naming.core.HostReactor.updateServiceNow(HostReactor.java:273) [nacos-client-1.0.0.jar:na]
	at com.alibaba.nacos.client.naming.core.HostReactor.getServiceInfo(HostReactor.java:232) [nacos-client-1.0.0.jar:na]
	at com.alibaba.nacos.client.naming.NacosNamingService.selectInstances(NacosNamingService.java:427) [nacos-client-1.0.0.jar:na]
	at com.alibaba.nacos.client.naming.NacosNamingService.selectInstances(NacosNamingService.java:419) [nacos-client-1.0.0.jar:na]
	at com.alibaba.nacos.client.naming.NacosNamingService.selectInstances(NacosNamingService.java:408) [nacos-client-1.0.0.jar:na]
	at com.alibaba.nacos.client.naming.NacosNamingService.selectInstances(NacosNamingService.java:386) [nacos-client-1.0.0.jar:na]
	at org.springframework.cloud.alibaba.nacos.ribbon.NacosServerList.getServers(NacosServerList.java:54) [spring-cloud-alibaba-nacos-discovery-0.9.0.RELEASE.jar:0.9.0.RELEASE]
	at org.springframework.cloud.alibaba.nacos.ribbon.NacosServerList.getUpdatedListOfServers(NacosServerList.java:48) [spring-cloud-alibaba-nacos-discovery-0.9.0.RELEASE.jar:0.9.0.RELEASE]
	at com.netflix.loadbalancer.DynamicServerListLoadBalancer.updateListOfServers(DynamicServerListLoadBalancer.java:240) [ribbon-loadbalancer-2.3.0.jar:2.3.0]
	at com.netflix.loadbalancer.DynamicServerListLoadBalancer.restOfInit(DynamicServerListLoadBalancer.java:144) [ribbon-loadbalancer-2.3.0.jar:2.3.0]
	at com.netflix.loadbalancer.DynamicServerListLoadBalancer.<init>(DynamicServerListLoadBalancer.java:95) [ribbon-loadbalancer-2.3.0.jar:2.3.0]
	at com.netflix.loadbalancer.ZoneAwareLoadBalancer.<init>(ZoneAwareLoadBalancer.java:82) [ribbon-loadbalancer-2.3.0.jar:2.3.0]
	at org.springframework.cloud.netflix.ribbon.RibbonClientConfiguration.ribbonLoadBalancer(RibbonClientConfiguration.java:155) [spring-cloud-netflix-ribbon-2.1.1.RELEASE.jar:2.1.1.RELEASE]
	at org.springframework.cloud.netflix.ribbon.RibbonClientConfiguration$$EnhancerBySpringCGLIB$$2a7a3b6f.CGLIB$ribbonLoadBalancer$7(<generated>) [spring-cloud-netflix-ribbon-2.1.1.RELEASE.jar:2.1.1.RELEASE]
	at org.springframework.cloud.netflix.ribbon.RibbonClientConfiguration$$EnhancerBySpringCGLIB$$2a7a3b6f$$FastClassBySpringCGLIB$$c433e798.invoke(<generated>) [spring-cloud-netflix-ribbon-2.1.1.RELEASE.jar:2.1.1.RELEASE]
	at org.springframework.cglib.proxy.MethodProxy.invokeSuper(MethodProxy.java:244) [spring-core-5.1.7.RELEASE.jar:5.1.7.RELEASE]
	at org.springframework.context.annotation.ConfigurationClassEnhancer$BeanMethodInterceptor.intercept(ConfigurationClassEnhancer.java:363) [spring-context-5.1.7.RELEASE.jar:5.1.7.RELEASE]
	at org.springframework.cloud.netflix.ribbon.RibbonClientConfiguration$$EnhancerBySpringCGLIB$$2a7a3b6f.ribbonLoadBalancer(<generated>) [spring-cloud-netflix-ribbon-2.1.1.RELEASE.jar:2.1.1.RELEASE]
	at sun.reflect.NativeMethodAccessorImpl.invoke0(Native Method) ~[na:1.8.0_202]
	at sun.reflect.NativeMethodAccessorImpl.invoke(NativeMethodAccessorImpl.java:62) ~[na:1.8.0_202]
	at sun.reflect.DelegatingMethodAccessorImpl.invoke(DelegatingMethodAccessorImpl.java:43) ~[na:1.8.0_202]
	at java.lang.reflect.Method.invoke(Method.java:498) ~[na:1.8.0_202]
	at org.springframework.beans.factory.support.SimpleInstantiationStrategy.instantiate(SimpleInstantiationStrategy.java:154) [spring-beans-5.1.7.RELEASE.jar:5.1.7.RELEASE]
	at org.springframework.beans.factory.support.ConstructorResolver.instantiate(ConstructorResolver.java:622) [spring-beans-5.1.7.RELEASE.jar:5.1.7.RELEASE]
	at org.springframework.beans.factory.support.ConstructorResolver.instantiateUsingFactoryMethod(ConstructorResolver.java:607) [spring-beans-5.1.7.RELEASE.jar:5.1.7.RELEASE]
	at org.springframework.beans.factory.support.AbstractAutowireCapableBeanFactory.instantiateUsingFactoryMethod(AbstractAutowireCapableBeanFactory.java:1321) [spring-beans-5.1.7.RELEASE.jar:5.1.7.RELEASE]
	at org.springframework.beans.factory.support.AbstractAutowireCapableBeanFactory.createBeanInstance(AbstractAutowireCapableBeanFactory.java:1160) [spring-beans-5.1.7.RELEASE.jar:5.1.7.RELEASE]
	at org.springframework.beans.factory.support.AbstractAutowireCapableBeanFactory.doCreateBean(AbstractAutowireCapableBeanFactory.java:555) [spring-beans-5.1.7.RELEASE.jar:5.1.7.RELEASE]
	at org.springframework.beans.factory.support.AbstractAutowireCapableBeanFactory.createBean(AbstractAutowireCapableBeanFactory.java:515) [spring-beans-5.1.7.RELEASE.jar:5.1.7.RELEASE]
	at org.springframework.beans.factory.support.AbstractBeanFactory.lambda$doGetBean$0(AbstractBeanFactory.java:320) [spring-beans-5.1.7.RELEASE.jar:5.1.7.RELEASE]
	at org.springframework.beans.factory.support.DefaultSingletonBeanRegistry.getSingleton(DefaultSingletonBeanRegistry.java:222) ~[spring-beans-5.1.7.RELEASE.jar:5.1.7.RELEASE]
	at org.springframework.beans.factory.support.AbstractBeanFactory.doGetBean(AbstractBeanFactory.java:318) [spring-beans-5.1.7.RELEASE.jar:5.1.7.RELEASE]
	at org.springframework.beans.factory.support.AbstractBeanFactory.getBean(AbstractBeanFactory.java:199) [spring-beans-5.1.7.RELEASE.jar:5.1.7.RELEASE]
	at org.springframework.beans.factory.config.DependencyDescriptor.resolveCandidate(DependencyDescriptor.java:277) ~[spring-beans-5.1.7.RELEASE.jar:5.1.7.RELEASE]
	at org.springframework.beans.factory.support.DefaultListableBeanFactory.doResolveDependency(DefaultListableBeanFactory.java:1248) ~[spring-beans-5.1.7.RELEASE.jar:5.1.7.RELEASE]
	at org.springframework.beans.factory.support.DefaultListableBeanFactory.resolveDependency(DefaultListableBeanFactory.java:1168) ~[spring-beans-5.1.7.RELEASE.jar:5.1.7.RELEASE]
	at org.springframework.beans.factory.support.ConstructorResolver.resolveAutowiredArgument(ConstructorResolver.java:857) [spring-beans-5.1.7.RELEASE.jar:5.1.7.RELEASE]
	at org.springframework.beans.factory.support.ConstructorResolver.createArgumentArray(ConstructorResolver.java:760) [spring-beans-5.1.7.RELEASE.jar:5.1.7.RELEASE]
	at org.springframework.beans.factory.support.ConstructorResolver.instantiateUsingFactoryMethod(ConstructorResolver.java:509) [spring-beans-5.1.7.RELEASE.jar:5.1.7.RELEASE]
	at org.springframework.beans.factory.support.AbstractAutowireCapableBeanFactory.instantiateUsingFactoryMethod(AbstractAutowireCapableBeanFactory.java:1321) [spring-beans-5.1.7.RELEASE.jar:5.1.7.RELEASE]
	at org.springframework.beans.factory.support.AbstractAutowireCapableBeanFactory.createBeanInstance(AbstractAutowireCapableBeanFactory.java:1160) [spring-beans-5.1.7.RELEASE.jar:5.1.7.RELEASE]
	at org.springframework.beans.factory.support.AbstractAutowireCapableBeanFactory.doCreateBean(AbstractAutowireCapableBeanFactory.java:555) [spring-beans-5.1.7.RELEASE.jar:5.1.7.RELEASE]
	at org.springframework.beans.factory.support.AbstractAutowireCapableBeanFactory.createBean(AbstractAutowireCapableBeanFactory.java:515) [spring-beans-5.1.7.RELEASE.jar:5.1.7.RELEASE]
	at org.springframework.beans.factory.support.AbstractBeanFactory.lambda$doGetBean$0(AbstractBeanFactory.java:320) [spring-beans-5.1.7.RELEASE.jar:5.1.7.RELEASE]
	at org.springframework.beans.factory.support.DefaultSingletonBeanRegistry.getSingleton(DefaultSingletonBeanRegistry.java:222) ~[spring-beans-5.1.7.RELEASE.jar:5.1.7.RELEASE]
	at org.springframework.beans.factory.support.AbstractBeanFactory.doGetBean(AbstractBeanFactory.java:318) [spring-beans-5.1.7.RELEASE.jar:5.1.7.RELEASE]
	at org.springframework.beans.factory.support.AbstractBeanFactory.getBean(AbstractBeanFactory.java:199) [spring-beans-5.1.7.RELEASE.jar:5.1.7.RELEASE]
	at org.springframework.beans.factory.support.DefaultListableBeanFactory.preInstantiateSingletons(DefaultListableBeanFactory.java:843) ~[spring-beans-5.1.7.RELEASE.jar:5.1.7.RELEASE]
	at org.springframework.context.support.AbstractApplicationContext.finishBeanFactoryInitialization(AbstractApplicationContext.java:877) ~[spring-context-5.1.7.RELEASE.jar:5.1.7.RELEASE]
	at org.springframework.context.support.AbstractApplicationContext.refresh(AbstractApplicationContext.java:549) ~[spring-context-5.1.7.RELEASE.jar:5.1.7.RELEASE]
	at org.springframework.cloud.context.named.NamedContextFactory.createContext(NamedContextFactory.java:136) ~[spring-cloud-context-2.1.1.RELEASE.jar:2.1.1.RELEASE]
	at org.springframework.cloud.context.named.NamedContextFactory.getContext(NamedContextFactory.java:101) ~[spring-cloud-context-2.1.1.RELEASE.jar:2.1.1.RELEASE]
	at org.springframework.cloud.netflix.ribbon.SpringClientFactory.getContext(SpringClientFactory.java:131) ~[spring-cloud-netflix-ribbon-2.1.1.RELEASE.jar:2.1.1.RELEASE]
	at org.springframework.cloud.netflix.ribbon.RibbonApplicationContextInitializer.initialize(RibbonApplicationContextInitializer.java:47) ~[spring-cloud-netflix-ribbon-2.1.1.RELEASE.jar:2.1.1.RELEASE]
	at org.springframework.cloud.netflix.ribbon.RibbonApplicationContextInitializer.onApplicationEvent(RibbonApplicationContextInitializer.java:54) ~[spring-cloud-netflix-ribbon-2.1.1.RELEASE.jar:2.1.1.RELEASE]
	at org.springframework.cloud.netflix.ribbon.RibbonApplicationContextInitializer.onApplicationEvent(RibbonApplicationContextInitializer.java:30) ~[spring-cloud-netflix-ribbon-2.1.1.RELEASE.jar:2.1.1.RELEASE]
	at org.springframework.context.event.SimpleApplicationEventMulticaster.doInvokeListener(SimpleApplicationEventMulticaster.java:172) ~[spring-context-5.1.7.RELEASE.jar:5.1.7.RELEASE]
	at org.springframework.context.event.SimpleApplicationEventMulticaster.invokeListener(SimpleApplicationEventMulticaster.java:165) ~[spring-context-5.1.7.RELEASE.jar:5.1.7.RELEASE]
	at org.springframework.context.event.SimpleApplicationEventMulticaster.multicastEvent(SimpleApplicationEventMulticaster.java:139) ~[spring-context-5.1.7.RELEASE.jar:5.1.7.RELEASE]
	at org.springframework.context.support.AbstractApplicationContext.publishEvent(AbstractApplicationContext.java:402) ~[spring-context-5.1.7.RELEASE.jar:5.1.7.RELEASE]
	at org.springframework.context.support.AbstractApplicationContext.publishEvent(AbstractApplicationContext.java:408) ~[spring-context-5.1.7.RELEASE.jar:5.1.7.RELEASE]
	at org.springframework.context.support.AbstractApplicationContext.publishEvent(AbstractApplicationContext.java:359) ~[spring-context-5.1.7.RELEASE.jar:5.1.7.RELEASE]
	at org.springframework.boot.context.event.EventPublishingRunListener.running(EventPublishingRunListener.java:105) ~[spring-boot-2.1.5.RELEASE.jar:2.1.5.RELEASE]
	at org.springframework.boot.SpringApplicationRunListeners.running(SpringApplicationRunListeners.java:78) ~[spring-boot-2.1.5.RELEASE.jar:2.1.5.RELEASE]
	at org.springframework.boot.SpringApplication.run(SpringApplication.java:332) ~[spring-boot-2.1.5.RELEASE.jar:2.1.5.RELEASE]
	at org.springframework.boot.builder.SpringApplicationBuilder.run(SpringApplicationBuilder.java:139) ~[spring-boot-2.1.5.RELEASE.jar:2.1.5.RELEASE]
	at org.springframework.cloud.stream.binder.DefaultBinderFactory.getBinderInstance(DefaultBinderFactory.java:291) ~[spring-cloud-stream-2.1.2.RELEASE.jar:2.1.2.RELEASE]
	at org.springframework.cloud.stream.binder.DefaultBinderFactory.doGetBinder(DefaultBinderFactory.java:192) ~[spring-cloud-stream-2.1.2.RELEASE.jar:2.1.2.RELEASE]
	at org.springframework.cloud.stream.binder.DefaultBinderFactory.getBinder(DefaultBinderFactory.java:130) ~[spring-cloud-stream-2.1.2.RELEASE.jar:2.1.2.RELEASE]
	at org.springframework.cloud.stream.binding.BindingService.getBinder(BindingService.java:337) ~[spring-cloud-stream-2.1.2.RELEASE.jar:2.1.2.RELEASE]
	at org.springframework.cloud.stream.binding.BindingService.bindProducer(BindingService.java:229) ~[spring-cloud-stream-2.1.2.RELEASE.jar:2.1.2.RELEASE]
	at org.springframework.cloud.stream.binding.BindableProxyFactory.createAndBindOutputs(BindableProxyFactory.java:287) ~[spring-cloud-stream-2.1.2.RELEASE.jar:2.1.2.RELEASE]
	at org.springframework.cloud.stream.binding.OutputBindingLifecycle.doStartWithBindable(OutputBindingLifecycle.java:58) ~[spring-cloud-stream-2.1.2.RELEASE.jar:2.1.2.RELEASE]
	at java.util.LinkedHashMap$LinkedValues.forEach(LinkedHashMap.java:608) ~[na:1.8.0_202]
	at org.springframework.cloud.stream.binding.AbstractBindingLifecycle.start(AbstractBindingLifecycle.java:48) ~[spring-cloud-stream-2.1.2.RELEASE.jar:2.1.2.RELEASE]
	at org.springframework.cloud.stream.binding.OutputBindingLifecycle.start(OutputBindingLifecycle.java:34) ~[spring-cloud-stream-2.1.2.RELEASE.jar:2.1.2.RELEASE]
	at org.springframework.context.support.DefaultLifecycleProcessor.doStart(DefaultLifecycleProcessor.java:182) ~[spring-context-5.1.7.RELEASE.jar:5.1.7.RELEASE]
	at org.springframework.context.support.DefaultLifecycleProcessor.access$200(DefaultLifecycleProcessor.java:53) ~[spring-context-5.1.7.RELEASE.jar:5.1.7.RELEASE]
	at org.springframework.context.support.DefaultLifecycleProcessor$LifecycleGroup.start(DefaultLifecycleProcessor.java:360) ~[spring-context-5.1.7.RELEASE.jar:5.1.7.RELEASE]
	at org.springframework.context.support.DefaultLifecycleProcessor.startBeans(DefaultLifecycleProcessor.java:158) ~[spring-context-5.1.7.RELEASE.jar:5.1.7.RELEASE]
	at org.springframework.context.support.DefaultLifecycleProcessor.onRefresh(DefaultLifecycleProcessor.java:122) ~[spring-context-5.1.7.RELEASE.jar:5.1.7.RELEASE]
	at org.springframework.context.support.AbstractApplicationContext.finishRefresh(AbstractApplicationContext.java:893) ~[spring-context-5.1.7.RELEASE.jar:5.1.7.RELEASE]
	at org.springframework.context.support.AbstractApplicationContext.refresh(AbstractApplicationContext.java:552) ~[spring-context-5.1.7.RELEASE.jar:5.1.7.RELEASE]
	at org.springframework.boot.SpringApplication.refresh(SpringApplication.java:775) ~[spring-boot-2.1.5.RELEASE.jar:2.1.5.RELEASE]
	at org.springframework.boot.SpringApplication.refreshContext(SpringApplication.java:397) ~[spring-boot-2.1.5.RELEASE.jar:2.1.5.RELEASE]
	at org.springframework.boot.SpringApplication.run(SpringApplication.java:316) ~[spring-boot-2.1.5.RELEASE.jar:2.1.5.RELEASE]
	at org.springframework.boot.test.context.SpringBootContextLoader.loadContext(SpringBootContextLoader.java:127) ~[spring-boot-test-2.1.5.RELEASE.jar:2.1.5.RELEASE]
	at org.springframework.test.context.cache.DefaultCacheAwareContextLoaderDelegate.loadContextInternal(DefaultCacheAwareContextLoaderDelegate.java:99) ~[spring-test-5.1.7.RELEASE.jar:5.1.7.RELEASE]
	at org.springframework.test.context.cache.DefaultCacheAwareContextLoaderDelegate.loadContext(DefaultCacheAwareContextLoaderDelegate.java:117) ~[spring-test-5.1.7.RELEASE.jar:5.1.7.RELEASE]
	at org.springframework.test.context.support.DefaultTestContext.getApplicationContext(DefaultTestContext.java:108) ~[spring-test-5.1.7.RELEASE.jar:5.1.7.RELEASE]
	at org.springframework.test.context.web.ServletTestExecutionListener.setUpRequestContextIfNecessary(ServletTestExecutionListener.java:190) ~[spring-test-5.1.7.RELEASE.jar:5.1.7.RELEASE]
	at org.springframework.test.context.web.ServletTestExecutionListener.prepareTestInstance(ServletTestExecutionListener.java:132) ~[spring-test-5.1.7.RELEASE.jar:5.1.7.RELEASE]
	at org.springframework.test.context.TestContextManager.prepareTestInstance(TestContextManager.java:246) ~[spring-test-5.1.7.RELEASE.jar:5.1.7.RELEASE]
	at org.springframework.test.context.junit4.SpringJUnit4ClassRunner.createTest(SpringJUnit4ClassRunner.java:227) ~[spring-test-5.1.7.RELEASE.jar:5.1.7.RELEASE]
	at org.springframework.test.context.junit4.SpringJUnit4ClassRunner$1.runReflectiveCall(SpringJUnit4ClassRunner.java:289) ~[spring-test-5.1.7.RELEASE.jar:5.1.7.RELEASE]
	at org.junit.internal.runners.model.ReflectiveCallable.run(ReflectiveCallable.java:12) ~[junit-4.12.jar:4.12]
	at org.springframework.test.context.junit4.SpringJUnit4ClassRunner.methodBlock(SpringJUnit4ClassRunner.java:291) ~[spring-test-5.1.7.RELEASE.jar:5.1.7.RELEASE]
	at org.springframework.test.context.junit4.SpringJUnit4ClassRunner.runChild(SpringJUnit4ClassRunner.java:246) ~[spring-test-5.1.7.RELEASE.jar:5.1.7.RELEASE]
	at org.springframework.test.context.junit4.SpringJUnit4ClassRunner.runChild(SpringJUnit4ClassRunner.java:97) ~[spring-test-5.1.7.RELEASE.jar:5.1.7.RELEASE]
	at org.junit.runners.ParentRunner$3.run(ParentRunner.java:290) ~[junit-4.12.jar:4.12]
	at org.junit.runners.ParentRunner$1.schedule(ParentRunner.java:71) ~[junit-4.12.jar:4.12]
	at org.junit.runners.ParentRunner.runChildren(ParentRunner.java:288) ~[junit-4.12.jar:4.12]
	at org.junit.runners.ParentRunner.access$000(ParentRunner.java:58) ~[junit-4.12.jar:4.12]
	at org.junit.runners.ParentRunner$2.evaluate(ParentRunner.java:268) ~[junit-4.12.jar:4.12]
	at org.springframework.test.context.junit4.statements.RunBeforeTestClassCallbacks.evaluate(RunBeforeTestClassCallbacks.java:61) ~[spring-test-5.1.7.RELEASE.jar:5.1.7.RELEASE]
	at org.springframework.test.context.junit4.statements.RunAfterTestClassCallbacks.evaluate(RunAfterTestClassCallbacks.java:70) ~[spring-test-5.1.7.RELEASE.jar:5.1.7.RELEASE]
	at org.junit.runners.ParentRunner.run(ParentRunner.java:363) ~[junit-4.12.jar:4.12]
	at org.springframework.test.context.junit4.SpringJUnit4ClassRunner.run(SpringJUnit4ClassRunner.java:190) ~[spring-test-5.1.7.RELEASE.jar:5.1.7.RELEASE]
	at org.apache.maven.surefire.junit4.JUnit4Provider.execute(JUnit4Provider.java:365) ~[surefire-junit4-2.22.2.jar:2.22.2]
	at org.apache.maven.surefire.junit4.JUnit4Provider.executeWithRerun(JUnit4Provider.java:273) ~[surefire-junit4-2.22.2.jar:2.22.2]
	at org.apache.maven.surefire.junit4.JUnit4Provider.executeTestSet(JUnit4Provider.java:238) ~[surefire-junit4-2.22.2.jar:2.22.2]
	at org.apache.maven.surefire.junit4.JUnit4Provider.invoke(JUnit4Provider.java:159) ~[surefire-junit4-2.22.2.jar:2.22.2]
	at org.apache.maven.surefire.booter.ForkedBooter.invokeProviderInSameClassLoader(ForkedBooter.java:384) ~[surefire-booter-2.22.2.jar:2.22.2]
	at org.apache.maven.surefire.booter.ForkedBooter.runSuitesInProcess(ForkedBooter.java:345) ~[surefire-booter-2.22.2.jar:2.22.2]
	at org.apache.maven.surefire.booter.ForkedBooter.execute(ForkedBooter.java:126) ~[surefire-booter-2.22.2.jar:2.22.2]
	at org.apache.maven.surefire.booter.ForkedBooter.main(ForkedBooter.java:418) ~[surefire-booter-2.22.2.jar:2.22.2]

2021-02-18 10:24:50.076 ERROR [content-center,,,] 23693 --- [           main] com.alibaba.nacos.client.naming          : [NA] failed to update serviceName: DEFAULT_GROUP@@user-center

java.lang.IllegalStateException: failed to req API:/nacos/v1/ns/instance/list after all servers([localhost:8848]) tried: failed to req API:http://localhost:8848/nacos/v1/ns/instance/list. code:500 msg: java.net.ConnectException: Connection refused (Connection refused)
	at com.alibaba.nacos.client.naming.net.NamingProxy.reqAPI(NamingProxy.java:380) ~[nacos-client-1.0.0.jar:na]
	at com.alibaba.nacos.client.naming.net.NamingProxy.reqAPI(NamingProxy.java:304) ~[nacos-client-1.0.0.jar:na]
	at com.alibaba.nacos.client.naming.net.NamingProxy.queryList(NamingProxy.java:217) ~[nacos-client-1.0.0.jar:na]
	at com.alibaba.nacos.client.naming.core.HostReactor.updateServiceNow(HostReactor.java:273) [nacos-client-1.0.0.jar:na]
	at com.alibaba.nacos.client.naming.core.HostReactor.getServiceInfo(HostReactor.java:232) [nacos-client-1.0.0.jar:na]
	at com.alibaba.nacos.client.naming.NacosNamingService.selectInstances(NacosNamingService.java:427) [nacos-client-1.0.0.jar:na]
	at com.alibaba.nacos.client.naming.NacosNamingService.selectInstances(NacosNamingService.java:419) [nacos-client-1.0.0.jar:na]
	at com.alibaba.nacos.client.naming.NacosNamingService.selectInstances(NacosNamingService.java:408) [nacos-client-1.0.0.jar:na]
	at com.alibaba.nacos.client.naming.NacosNamingService.selectInstances(NacosNamingService.java:386) [nacos-client-1.0.0.jar:na]
	at org.springframework.cloud.alibaba.nacos.ribbon.NacosServerList.getServers(NacosServerList.java:54) [spring-cloud-alibaba-nacos-discovery-0.9.0.RELEASE.jar:0.9.0.RELEASE]
	at org.springframework.cloud.alibaba.nacos.ribbon.NacosServerList.getUpdatedListOfServers(NacosServerList.java:48) [spring-cloud-alibaba-nacos-discovery-0.9.0.RELEASE.jar:0.9.0.RELEASE]
	at com.netflix.loadbalancer.DynamicServerListLoadBalancer.updateListOfServers(DynamicServerListLoadBalancer.java:240) [ribbon-loadbalancer-2.3.0.jar:2.3.0]
	at com.netflix.loadbalancer.DynamicServerListLoadBalancer.restOfInit(DynamicServerListLoadBalancer.java:144) [ribbon-loadbalancer-2.3.0.jar:2.3.0]
	at com.netflix.loadbalancer.DynamicServerListLoadBalancer.<init>(DynamicServerListLoadBalancer.java:95) [ribbon-loadbalancer-2.3.0.jar:2.3.0]
	at com.netflix.loadbalancer.ZoneAwareLoadBalancer.<init>(ZoneAwareLoadBalancer.java:82) [ribbon-loadbalancer-2.3.0.jar:2.3.0]
	at org.springframework.cloud.netflix.ribbon.RibbonClientConfiguration.ribbonLoadBalancer(RibbonClientConfiguration.java:155) [spring-cloud-netflix-ribbon-2.1.1.RELEASE.jar:2.1.1.RELEASE]
	at org.springframework.cloud.netflix.ribbon.RibbonClientConfiguration$$EnhancerBySpringCGLIB$$2a7a3b6f.CGLIB$ribbonLoadBalancer$7(<generated>) [spring-cloud-netflix-ribbon-2.1.1.RELEASE.jar:2.1.1.RELEASE]
	at org.springframework.cloud.netflix.ribbon.RibbonClientConfiguration$$EnhancerBySpringCGLIB$$2a7a3b6f$$FastClassBySpringCGLIB$$c433e798.invoke(<generated>) [spring-cloud-netflix-ribbon-2.1.1.RELEASE.jar:2.1.1.RELEASE]
	at org.springframework.cglib.proxy.MethodProxy.invokeSuper(MethodProxy.java:244) [spring-core-5.1.7.RELEASE.jar:5.1.7.RELEASE]
	at org.springframework.context.annotation.ConfigurationClassEnhancer$BeanMethodInterceptor.intercept(ConfigurationClassEnhancer.java:363) [spring-context-5.1.7.RELEASE.jar:5.1.7.RELEASE]
	at org.springframework.cloud.netflix.ribbon.RibbonClientConfiguration$$EnhancerBySpringCGLIB$$2a7a3b6f.ribbonLoadBalancer(<generated>) [spring-cloud-netflix-ribbon-2.1.1.RELEASE.jar:2.1.1.RELEASE]
	at sun.reflect.NativeMethodAccessorImpl.invoke0(Native Method) ~[na:1.8.0_202]
	at sun.reflect.NativeMethodAccessorImpl.invoke(NativeMethodAccessorImpl.java:62) ~[na:1.8.0_202]
	at sun.reflect.DelegatingMethodAccessorImpl.invoke(DelegatingMethodAccessorImpl.java:43) ~[na:1.8.0_202]
	at java.lang.reflect.Method.invoke(Method.java:498) ~[na:1.8.0_202]
	at org.springframework.beans.factory.support.SimpleInstantiationStrategy.instantiate(SimpleInstantiationStrategy.java:154) [spring-beans-5.1.7.RELEASE.jar:5.1.7.RELEASE]
	at org.springframework.beans.factory.support.ConstructorResolver.instantiate(ConstructorResolver.java:622) [spring-beans-5.1.7.RELEASE.jar:5.1.7.RELEASE]
	at org.springframework.beans.factory.support.ConstructorResolver.instantiateUsingFactoryMethod(ConstructorResolver.java:607) [spring-beans-5.1.7.RELEASE.jar:5.1.7.RELEASE]
	at org.springframework.beans.factory.support.AbstractAutowireCapableBeanFactory.instantiateUsingFactoryMethod(AbstractAutowireCapableBeanFactory.java:1321) [spring-beans-5.1.7.RELEASE.jar:5.1.7.RELEASE]
	at org.springframework.beans.factory.support.AbstractAutowireCapableBeanFactory.createBeanInstance(AbstractAutowireCapableBeanFactory.java:1160) [spring-beans-5.1.7.RELEASE.jar:5.1.7.RELEASE]
	at org.springframework.beans.factory.support.AbstractAutowireCapableBeanFactory.doCreateBean(AbstractAutowireCapableBeanFactory.java:555) [spring-beans-5.1.7.RELEASE.jar:5.1.7.RELEASE]
	at org.springframework.beans.factory.support.AbstractAutowireCapableBeanFactory.createBean(AbstractAutowireCapableBeanFactory.java:515) [spring-beans-5.1.7.RELEASE.jar:5.1.7.RELEASE]
	at org.springframework.beans.factory.support.AbstractBeanFactory.lambda$doGetBean$0(AbstractBeanFactory.java:320) [spring-beans-5.1.7.RELEASE.jar:5.1.7.RELEASE]
	at org.springframework.beans.factory.support.DefaultSingletonBeanRegistry.getSingleton(DefaultSingletonBeanRegistry.java:222) ~[spring-beans-5.1.7.RELEASE.jar:5.1.7.RELEASE]
	at org.springframework.beans.factory.support.AbstractBeanFactory.doGetBean(AbstractBeanFactory.java:318) [spring-beans-5.1.7.RELEASE.jar:5.1.7.RELEASE]
	at org.springframework.beans.factory.support.AbstractBeanFactory.getBean(AbstractBeanFactory.java:199) [spring-beans-5.1.7.RELEASE.jar:5.1.7.RELEASE]
	at org.springframework.beans.factory.config.DependencyDescriptor.resolveCandidate(DependencyDescriptor.java:277) ~[spring-beans-5.1.7.RELEASE.jar:5.1.7.RELEASE]
	at org.springframework.beans.factory.support.DefaultListableBeanFactory.doResolveDependency(DefaultListableBeanFactory.java:1248) ~[spring-beans-5.1.7.RELEASE.jar:5.1.7.RELEASE]
	at org.springframework.beans.factory.support.DefaultListableBeanFactory.resolveDependency(DefaultListableBeanFactory.java:1168) ~[spring-beans-5.1.7.RELEASE.jar:5.1.7.RELEASE]
	at org.springframework.beans.factory.support.ConstructorResolver.resolveAutowiredArgument(ConstructorResolver.java:857) [spring-beans-5.1.7.RELEASE.jar:5.1.7.RELEASE]
	at org.springframework.beans.factory.support.ConstructorResolver.createArgumentArray(ConstructorResolver.java:760) [spring-beans-5.1.7.RELEASE.jar:5.1.7.RELEASE]
	at org.springframework.beans.factory.support.ConstructorResolver.instantiateUsingFactoryMethod(ConstructorResolver.java:509) [spring-beans-5.1.7.RELEASE.jar:5.1.7.RELEASE]
	at org.springframework.beans.factory.support.AbstractAutowireCapableBeanFactory.instantiateUsingFactoryMethod(AbstractAutowireCapableBeanFactory.java:1321) [spring-beans-5.1.7.RELEASE.jar:5.1.7.RELEASE]
	at org.springframework.beans.factory.support.AbstractAutowireCapableBeanFactory.createBeanInstance(AbstractAutowireCapableBeanFactory.java:1160) [spring-beans-5.1.7.RELEASE.jar:5.1.7.RELEASE]
	at org.springframework.beans.factory.support.AbstractAutowireCapableBeanFactory.doCreateBean(AbstractAutowireCapableBeanFactory.java:555) [spring-beans-5.1.7.RELEASE.jar:5.1.7.RELEASE]
	at org.springframework.beans.factory.support.AbstractAutowireCapableBeanFactory.createBean(AbstractAutowireCapableBeanFactory.java:515) [spring-beans-5.1.7.RELEASE.jar:5.1.7.RELEASE]
	at org.springframework.beans.factory.support.AbstractBeanFactory.lambda$doGetBean$0(AbstractBeanFactory.java:320) [spring-beans-5.1.7.RELEASE.jar:5.1.7.RELEASE]
	at org.springframework.beans.factory.support.DefaultSingletonBeanRegistry.getSingleton(DefaultSingletonBeanRegistry.java:222) ~[spring-beans-5.1.7.RELEASE.jar:5.1.7.RELEASE]
	at org.springframework.beans.factory.support.AbstractBeanFactory.doGetBean(AbstractBeanFactory.java:318) [spring-beans-5.1.7.RELEASE.jar:5.1.7.RELEASE]
	at org.springframework.beans.factory.support.AbstractBeanFactory.getBean(AbstractBeanFactory.java:199) [spring-beans-5.1.7.RELEASE.jar:5.1.7.RELEASE]
	at org.springframework.beans.factory.support.DefaultListableBeanFactory.preInstantiateSingletons(DefaultListableBeanFactory.java:843) ~[spring-beans-5.1.7.RELEASE.jar:5.1.7.RELEASE]
	at org.springframework.context.support.AbstractApplicationContext.finishBeanFactoryInitialization(AbstractApplicationContext.java:877) ~[spring-context-5.1.7.RELEASE.jar:5.1.7.RELEASE]
	at org.springframework.context.support.AbstractApplicationContext.refresh(AbstractApplicationContext.java:549) ~[spring-context-5.1.7.RELEASE.jar:5.1.7.RELEASE]
	at org.springframework.cloud.context.named.NamedContextFactory.createContext(NamedContextFactory.java:136) ~[spring-cloud-context-2.1.1.RELEASE.jar:2.1.1.RELEASE]
	at org.springframework.cloud.context.named.NamedContextFactory.getContext(NamedContextFactory.java:101) ~[spring-cloud-context-2.1.1.RELEASE.jar:2.1.1.RELEASE]
	at org.springframework.cloud.netflix.ribbon.SpringClientFactory.getContext(SpringClientFactory.java:131) ~[spring-cloud-netflix-ribbon-2.1.1.RELEASE.jar:2.1.1.RELEASE]
	at org.springframework.cloud.netflix.ribbon.RibbonApplicationContextInitializer.initialize(RibbonApplicationContextInitializer.java:47) ~[spring-cloud-netflix-ribbon-2.1.1.RELEASE.jar:2.1.1.RELEASE]
	at org.springframework.cloud.netflix.ribbon.RibbonApplicationContextInitializer.onApplicationEvent(RibbonApplicationContextInitializer.java:54) ~[spring-cloud-netflix-ribbon-2.1.1.RELEASE.jar:2.1.1.RELEASE]
	at org.springframework.cloud.netflix.ribbon.RibbonApplicationContextInitializer.onApplicationEvent(RibbonApplicationContextInitializer.java:30) ~[spring-cloud-netflix-ribbon-2.1.1.RELEASE.jar:2.1.1.RELEASE]
	at org.springframework.context.event.SimpleApplicationEventMulticaster.doInvokeListener(SimpleApplicationEventMulticaster.java:172) ~[spring-context-5.1.7.RELEASE.jar:5.1.7.RELEASE]
	at org.springframework.context.event.SimpleApplicationEventMulticaster.invokeListener(SimpleApplicationEventMulticaster.java:165) ~[spring-context-5.1.7.RELEASE.jar:5.1.7.RELEASE]
	at org.springframework.context.event.SimpleApplicationEventMulticaster.multicastEvent(SimpleApplicationEventMulticaster.java:139) ~[spring-context-5.1.7.RELEASE.jar:5.1.7.RELEASE]
	at org.springframework.context.support.AbstractApplicationContext.publishEvent(AbstractApplicationContext.java:402) ~[spring-context-5.1.7.RELEASE.jar:5.1.7.RELEASE]
	at org.springframework.context.support.AbstractApplicationContext.publishEvent(AbstractApplicationContext.java:408) ~[spring-context-5.1.7.RELEASE.jar:5.1.7.RELEASE]
	at org.springframework.context.support.AbstractApplicationContext.publishEvent(AbstractApplicationContext.java:359) ~[spring-context-5.1.7.RELEASE.jar:5.1.7.RELEASE]
	at org.springframework.boot.context.event.EventPublishingRunListener.running(EventPublishingRunListener.java:105) ~[spring-boot-2.1.5.RELEASE.jar:2.1.5.RELEASE]
	at org.springframework.boot.SpringApplicationRunListeners.running(SpringApplicationRunListeners.java:78) ~[spring-boot-2.1.5.RELEASE.jar:2.1.5.RELEASE]
	at org.springframework.boot.SpringApplication.run(SpringApplication.java:332) ~[spring-boot-2.1.5.RELEASE.jar:2.1.5.RELEASE]
	at org.springframework.boot.builder.SpringApplicationBuilder.run(SpringApplicationBuilder.java:139) ~[spring-boot-2.1.5.RELEASE.jar:2.1.5.RELEASE]
	at org.springframework.cloud.stream.binder.DefaultBinderFactory.getBinderInstance(DefaultBinderFactory.java:291) ~[spring-cloud-stream-2.1.2.RELEASE.jar:2.1.2.RELEASE]
	at org.springframework.cloud.stream.binder.DefaultBinderFactory.doGetBinder(DefaultBinderFactory.java:192) ~[spring-cloud-stream-2.1.2.RELEASE.jar:2.1.2.RELEASE]
	at org.springframework.cloud.stream.binder.DefaultBinderFactory.getBinder(DefaultBinderFactory.java:130) ~[spring-cloud-stream-2.1.2.RELEASE.jar:2.1.2.RELEASE]
	at org.springframework.cloud.stream.binding.BindingService.getBinder(BindingService.java:337) ~[spring-cloud-stream-2.1.2.RELEASE.jar:2.1.2.RELEASE]
	at org.springframework.cloud.stream.binding.BindingService.bindProducer(BindingService.java:229) ~[spring-cloud-stream-2.1.2.RELEASE.jar:2.1.2.RELEASE]
	at org.springframework.cloud.stream.binding.BindableProxyFactory.createAndBindOutputs(BindableProxyFactory.java:287) ~[spring-cloud-stream-2.1.2.RELEASE.jar:2.1.2.RELEASE]
	at org.springframework.cloud.stream.binding.OutputBindingLifecycle.doStartWithBindable(OutputBindingLifecycle.java:58) ~[spring-cloud-stream-2.1.2.RELEASE.jar:2.1.2.RELEASE]
	at java.util.LinkedHashMap$LinkedValues.forEach(LinkedHashMap.java:608) ~[na:1.8.0_202]
	at org.springframework.cloud.stream.binding.AbstractBindingLifecycle.start(AbstractBindingLifecycle.java:48) ~[spring-cloud-stream-2.1.2.RELEASE.jar:2.1.2.RELEASE]
	at org.springframework.cloud.stream.binding.OutputBindingLifecycle.start(OutputBindingLifecycle.java:34) ~[spring-cloud-stream-2.1.2.RELEASE.jar:2.1.2.RELEASE]
	at org.springframework.context.support.DefaultLifecycleProcessor.doStart(DefaultLifecycleProcessor.java:182) ~[spring-context-5.1.7.RELEASE.jar:5.1.7.RELEASE]
	at org.springframework.context.support.DefaultLifecycleProcessor.access$200(DefaultLifecycleProcessor.java:53) ~[spring-context-5.1.7.RELEASE.jar:5.1.7.RELEASE]
	at org.springframework.context.support.DefaultLifecycleProcessor$LifecycleGroup.start(DefaultLifecycleProcessor.java:360) ~[spring-context-5.1.7.RELEASE.jar:5.1.7.RELEASE]
	at org.springframework.context.support.DefaultLifecycleProcessor.startBeans(DefaultLifecycleProcessor.java:158) ~[spring-context-5.1.7.RELEASE.jar:5.1.7.RELEASE]
	at org.springframework.context.support.DefaultLifecycleProcessor.onRefresh(DefaultLifecycleProcessor.java:122) ~[spring-context-5.1.7.RELEASE.jar:5.1.7.RELEASE]
	at org.springframework.context.support.AbstractApplicationContext.finishRefresh(AbstractApplicationContext.java:893) ~[spring-context-5.1.7.RELEASE.jar:5.1.7.RELEASE]
	at org.springframework.context.support.AbstractApplicationContext.refresh(AbstractApplicationContext.java:552) ~[spring-context-5.1.7.RELEASE.jar:5.1.7.RELEASE]
	at org.springframework.boot.SpringApplication.refresh(SpringApplication.java:775) ~[spring-boot-2.1.5.RELEASE.jar:2.1.5.RELEASE]
	at org.springframework.boot.SpringApplication.refreshContext(SpringApplication.java:397) ~[spring-boot-2.1.5.RELEASE.jar:2.1.5.RELEASE]
	at org.springframework.boot.SpringApplication.run(SpringApplication.java:316) ~[spring-boot-2.1.5.RELEASE.jar:2.1.5.RELEASE]
	at org.springframework.boot.test.context.SpringBootContextLoader.loadContext(SpringBootContextLoader.java:127) ~[spring-boot-test-2.1.5.RELEASE.jar:2.1.5.RELEASE]
	at org.springframework.test.context.cache.DefaultCacheAwareContextLoaderDelegate.loadContextInternal(DefaultCacheAwareContextLoaderDelegate.java:99) ~[spring-test-5.1.7.RELEASE.jar:5.1.7.RELEASE]
	at org.springframework.test.context.cache.DefaultCacheAwareContextLoaderDelegate.loadContext(DefaultCacheAwareContextLoaderDelegate.java:117) ~[spring-test-5.1.7.RELEASE.jar:5.1.7.RELEASE]
	at org.springframework.test.context.support.DefaultTestContext.getApplicationContext(DefaultTestContext.java:108) ~[spring-test-5.1.7.RELEASE.jar:5.1.7.RELEASE]
	at org.springframework.test.context.web.ServletTestExecutionListener.setUpRequestContextIfNecessary(ServletTestExecutionListener.java:190) ~[spring-test-5.1.7.RELEASE.jar:5.1.7.RELEASE]
	at org.springframework.test.context.web.ServletTestExecutionListener.prepareTestInstance(ServletTestExecutionListener.java:132) ~[spring-test-5.1.7.RELEASE.jar:5.1.7.RELEASE]
	at org.springframework.test.context.TestContextManager.prepareTestInstance(TestContextManager.java:246) ~[spring-test-5.1.7.RELEASE.jar:5.1.7.RELEASE]
	at org.springframework.test.context.junit4.SpringJUnit4ClassRunner.createTest(SpringJUnit4ClassRunner.java:227) ~[spring-test-5.1.7.RELEASE.jar:5.1.7.RELEASE]
	at org.springframework.test.context.junit4.SpringJUnit4ClassRunner$1.runReflectiveCall(SpringJUnit4ClassRunner.java:289) ~[spring-test-5.1.7.RELEASE.jar:5.1.7.RELEASE]
	at org.junit.internal.runners.model.ReflectiveCallable.run(ReflectiveCallable.java:12) ~[junit-4.12.jar:4.12]
	at org.springframework.test.context.junit4.SpringJUnit4ClassRunner.methodBlock(SpringJUnit4ClassRunner.java:291) ~[spring-test-5.1.7.RELEASE.jar:5.1.7.RELEASE]
	at org.springframework.test.context.junit4.SpringJUnit4ClassRunner.runChild(SpringJUnit4ClassRunner.java:246) ~[spring-test-5.1.7.RELEASE.jar:5.1.7.RELEASE]
	at org.springframework.test.context.junit4.SpringJUnit4ClassRunner.runChild(SpringJUnit4ClassRunner.java:97) ~[spring-test-5.1.7.RELEASE.jar:5.1.7.RELEASE]
	at org.junit.runners.ParentRunner$3.run(ParentRunner.java:290) ~[junit-4.12.jar:4.12]
	at org.junit.runners.ParentRunner$1.schedule(ParentRunner.java:71) ~[junit-4.12.jar:4.12]
	at org.junit.runners.ParentRunner.runChildren(ParentRunner.java:288) ~[junit-4.12.jar:4.12]
	at org.junit.runners.ParentRunner.access$000(ParentRunner.java:58) ~[junit-4.12.jar:4.12]
	at org.junit.runners.ParentRunner$2.evaluate(ParentRunner.java:268) ~[junit-4.12.jar:4.12]
	at org.springframework.test.context.junit4.statements.RunBeforeTestClassCallbacks.evaluate(RunBeforeTestClassCallbacks.java:61) ~[spring-test-5.1.7.RELEASE.jar:5.1.7.RELEASE]
	at org.springframework.test.context.junit4.statements.RunAfterTestClassCallbacks.evaluate(RunAfterTestClassCallbacks.java:70) ~[spring-test-5.1.7.RELEASE.jar:5.1.7.RELEASE]
	at org.junit.runners.ParentRunner.run(ParentRunner.java:363) ~[junit-4.12.jar:4.12]
	at org.springframework.test.context.junit4.SpringJUnit4ClassRunner.run(SpringJUnit4ClassRunner.java:190) ~[spring-test-5.1.7.RELEASE.jar:5.1.7.RELEASE]
	at org.apache.maven.surefire.junit4.JUnit4Provider.execute(JUnit4Provider.java:365) ~[surefire-junit4-2.22.2.jar:2.22.2]
	at org.apache.maven.surefire.junit4.JUnit4Provider.executeWithRerun(JUnit4Provider.java:273) ~[surefire-junit4-2.22.2.jar:2.22.2]
	at org.apache.maven.surefire.junit4.JUnit4Provider.executeTestSet(JUnit4Provider.java:238) ~[surefire-junit4-2.22.2.jar:2.22.2]
	at org.apache.maven.surefire.junit4.JUnit4Provider.invoke(JUnit4Provider.java:159) ~[surefire-junit4-2.22.2.jar:2.22.2]
	at org.apache.maven.surefire.booter.ForkedBooter.invokeProviderInSameClassLoader(ForkedBooter.java:384) ~[surefire-booter-2.22.2.jar:2.22.2]
	at org.apache.maven.surefire.booter.ForkedBooter.runSuitesInProcess(ForkedBooter.java:345) ~[surefire-booter-2.22.2.jar:2.22.2]
	at org.apache.maven.surefire.booter.ForkedBooter.execute(ForkedBooter.java:126) ~[surefire-booter-2.22.2.jar:2.22.2]
	at org.apache.maven.surefire.booter.ForkedBooter.main(ForkedBooter.java:418) ~[surefire-booter-2.22.2.jar:2.22.2]

2021-02-18 10:24:50.078  INFO [content-center,,,] 23693 --- [           main] c.n.l.DynamicServerListLoadBalancer      : DynamicServerListLoadBalancer for client user-center initialized: DynamicServerListLoadBalancer:{NFLoadBalancer:name=user-center,current list of Servers=[],Load balancer stats=Zone stats: {},Server stats: []}ServerList:org.springframework.cloud.alibaba.nacos.ribbon.NacosServerList@4f86cd50
2021-02-18 10:24:50.182  INFO [content-center,,,] 23693 --- [           main] o.s.c.s.m.DirectWithAttributesChannel    : Channel 'content-center-1.output' has 1 subscriber(s).
2021-02-18 10:24:50.284  WARN [content-center,,,] 23693 --- [           main] o.s.w.c.s.GenericWebApplicationContext   : Exception encountered during context initialization - cancelling refresh attempt: org.springframework.beans.factory.BeanCreationException: Error creating bean with name 'scopedTarget.testController': Injection of autowired dependencies failed; nested exception is java.lang.IllegalArgumentException: Could not resolve placeholder 'your.configuration' in value "${your.configuration}"
2021-02-18 10:24:50.287  INFO [content-center,,,] 23693 --- [           main] o.s.s.concurrent.ThreadPoolTaskExecutor  : Shutting down ExecutorService 'applicationTaskExecutor'
2021-02-18 10:24:50.841 ERROR [content-center,,,] 23693 --- [-127.0.0.1_8848] c.a.n.c.config.http.ServerHttpAgent      : [NACOS ConnectException] currentServerAddr: 127.0.0.1:8848
2021-02-18 10:24:51.192 ERROR [content-center,,,] 23693 --- [TaskScheduler-1] com.alibaba.nacos.client.naming          : [NA] failed to request 

java.net.ConnectException: Connection refused (Connection refused)
	at java.net.PlainSocketImpl.socketConnect(Native Method) ~[na:1.8.0_202]
	at java.net.AbstractPlainSocketImpl.doConnect(AbstractPlainSocketImpl.java:350) ~[na:1.8.0_202]
	at java.net.AbstractPlainSocketImpl.connectToAddress(AbstractPlainSocketImpl.java:206) ~[na:1.8.0_202]
	at java.net.AbstractPlainSocketImpl.connect(AbstractPlainSocketImpl.java:188) ~[na:1.8.0_202]
	at java.net.SocksSocketImpl.connect(SocksSocketImpl.java:392) ~[na:1.8.0_202]
	at java.net.Socket.connect(Socket.java:589) ~[na:1.8.0_202]
	at sun.net.NetworkClient.doConnect(NetworkClient.java:175) ~[na:1.8.0_202]
	at sun.net.www.http.HttpClient.openServer(HttpClient.java:463) ~[na:1.8.0_202]
	at sun.net.www.http.HttpClient.openServer(HttpClient.java:558) ~[na:1.8.0_202]
	at sun.net.www.http.HttpClient.<init>(HttpClient.java:242) ~[na:1.8.0_202]
	at sun.net.www.http.HttpClient.New(HttpClient.java:339) ~[na:1.8.0_202]
	at sun.net.www.http.HttpClient.New(HttpClient.java:357) ~[na:1.8.0_202]
	at sun.net.www.protocol.http.HttpURLConnection.getNewHttpClient(HttpURLConnection.java:1220) ~[na:1.8.0_202]
	at sun.net.www.protocol.http.HttpURLConnection.plainConnect0(HttpURLConnection.java:1156) ~[na:1.8.0_202]
	at sun.net.www.protocol.http.HttpURLConnection.plainConnect(HttpURLConnection.java:1050) ~[na:1.8.0_202]
	at sun.net.www.protocol.http.HttpURLConnection.connect(HttpURLConnection.java:984) ~[na:1.8.0_202]
	at com.alibaba.nacos.client.naming.net.HttpClient.request(HttpClient.java:89) ~[nacos-client-1.0.0.jar:na]
	at com.alibaba.nacos.client.naming.net.NamingProxy.callServer(NamingProxy.java:326) [nacos-client-1.0.0.jar:na]
	at com.alibaba.nacos.client.naming.net.NamingProxy.reqAPI(NamingProxy.java:367) [nacos-client-1.0.0.jar:na]
	at com.alibaba.nacos.client.naming.net.NamingProxy.reqAPI(NamingProxy.java:346) [nacos-client-1.0.0.jar:na]
	at com.alibaba.nacos.client.naming.net.NamingProxy.reqAPI(NamingProxy.java:294) [nacos-client-1.0.0.jar:na]
	at com.alibaba.nacos.client.naming.net.NamingProxy.getServiceList(NamingProxy.java:276) [nacos-client-1.0.0.jar:na]
	at com.alibaba.nacos.client.naming.net.NamingProxy.getServiceList(NamingProxy.java:252) [nacos-client-1.0.0.jar:na]
	at com.alibaba.nacos.client.naming.NacosNamingService.getServicesOfServer(NacosNamingService.java:525) [nacos-client-1.0.0.jar:na]
	at org.springframework.cloud.alibaba.nacos.discovery.NacosWatch.nacosServicesWatch(NacosWatch.java:127) [spring-cloud-alibaba-nacos-discovery-0.9.0.RELEASE.jar:0.9.0.RELEASE]
	at org.springframework.scheduling.support.DelegatingErrorHandlingRunnable.run(DelegatingErrorHandlingRunnable.java:54) ~[spring-context-5.1.7.RELEASE.jar:5.1.7.RELEASE]
	at java.util.concurrent.Executors$RunnableAdapter.call(Executors.java:511) ~[na:1.8.0_202]
	at java.util.concurrent.FutureTask.runAndReset(FutureTask.java:308) ~[na:1.8.0_202]
	at java.util.concurrent.ScheduledThreadPoolExecutor$ScheduledFutureTask.access$301(ScheduledThreadPoolExecutor.java:180) ~[na:1.8.0_202]
	at java.util.concurrent.ScheduledThreadPoolExecutor$ScheduledFutureTask.run(ScheduledThreadPoolExecutor.java:294) ~[na:1.8.0_202]
	at java.util.concurrent.ThreadPoolExecutor.runWorker(ThreadPoolExecutor.java:1149) ~[na:1.8.0_202]
	at java.util.concurrent.ThreadPoolExecutor$Worker.run(ThreadPoolExecutor.java:624) ~[na:1.8.0_202]
	at java.lang.Thread.run(Thread.java:748) ~[na:1.8.0_202]

2021-02-18 10:24:51.193 ERROR [content-center,,,] 23693 --- [TaskScheduler-1] com.alibaba.nacos.client.naming          : request localhost:8848 failed.

com.alibaba.nacos.api.exception.NacosException: failed to req API:http://localhost:8848/nacos/v1/ns/service/list. code:500 msg: java.net.ConnectException: Connection refused (Connection refused)
	at com.alibaba.nacos.client.naming.net.NamingProxy.callServer(NamingProxy.java:340) [nacos-client-1.0.0.jar:na]
	at com.alibaba.nacos.client.naming.net.NamingProxy.reqAPI(NamingProxy.java:367) [nacos-client-1.0.0.jar:na]
	at com.alibaba.nacos.client.naming.net.NamingProxy.reqAPI(NamingProxy.java:346) [nacos-client-1.0.0.jar:na]
	at com.alibaba.nacos.client.naming.net.NamingProxy.reqAPI(NamingProxy.java:294) [nacos-client-1.0.0.jar:na]
	at com.alibaba.nacos.client.naming.net.NamingProxy.getServiceList(NamingProxy.java:276) [nacos-client-1.0.0.jar:na]
	at com.alibaba.nacos.client.naming.net.NamingProxy.getServiceList(NamingProxy.java:252) [nacos-client-1.0.0.jar:na]
	at com.alibaba.nacos.client.naming.NacosNamingService.getServicesOfServer(NacosNamingService.java:525) [nacos-client-1.0.0.jar:na]
	at org.springframework.cloud.alibaba.nacos.discovery.NacosWatch.nacosServicesWatch(NacosWatch.java:127) [spring-cloud-alibaba-nacos-discovery-0.9.0.RELEASE.jar:0.9.0.RELEASE]
	at org.springframework.scheduling.support.DelegatingErrorHandlingRunnable.run(DelegatingErrorHandlingRunnable.java:54) ~[spring-context-5.1.7.RELEASE.jar:5.1.7.RELEASE]
	at java.util.concurrent.Executors$RunnableAdapter.call(Executors.java:511) ~[na:1.8.0_202]
	at java.util.concurrent.FutureTask.runAndReset(FutureTask.java:308) ~[na:1.8.0_202]
	at java.util.concurrent.ScheduledThreadPoolExecutor$ScheduledFutureTask.access$301(ScheduledThreadPoolExecutor.java:180) ~[na:1.8.0_202]
	at java.util.concurrent.ScheduledThreadPoolExecutor$ScheduledFutureTask.run(ScheduledThreadPoolExecutor.java:294) ~[na:1.8.0_202]
	at java.util.concurrent.ThreadPoolExecutor.runWorker(ThreadPoolExecutor.java:1149) ~[na:1.8.0_202]
	at java.util.concurrent.ThreadPoolExecutor$Worker.run(ThreadPoolExecutor.java:624) ~[na:1.8.0_202]
	at java.lang.Thread.run(Thread.java:748) ~[na:1.8.0_202]

2021-02-18 10:24:51.194 ERROR [content-center,,,] 23693 --- [TaskScheduler-1] o.s.c.a.nacos.discovery.NacosWatch       : Error watching Nacos Service change

java.lang.IllegalStateException: failed to req API:/nacos/v1/ns/service/list after all servers([localhost:8848]) tried: failed to req API:http://localhost:8848/nacos/v1/ns/service/list. code:500 msg: java.net.ConnectException: Connection refused (Connection refused)
	at com.alibaba.nacos.client.naming.net.NamingProxy.reqAPI(NamingProxy.java:380) ~[nacos-client-1.0.0.jar:na]
	at com.alibaba.nacos.client.naming.net.NamingProxy.reqAPI(NamingProxy.java:346) ~[nacos-client-1.0.0.jar:na]
	at com.alibaba.nacos.client.naming.net.NamingProxy.reqAPI(NamingProxy.java:294) ~[nacos-client-1.0.0.jar:na]
	at com.alibaba.nacos.client.naming.net.NamingProxy.getServiceList(NamingProxy.java:276) ~[nacos-client-1.0.0.jar:na]
	at com.alibaba.nacos.client.naming.net.NamingProxy.getServiceList(NamingProxy.java:252) ~[nacos-client-1.0.0.jar:na]
	at com.alibaba.nacos.client.naming.NacosNamingService.getServicesOfServer(NacosNamingService.java:525) ~[nacos-client-1.0.0.jar:na]
	at org.springframework.cloud.alibaba.nacos.discovery.NacosWatch.nacosServicesWatch(NacosWatch.java:127) ~[spring-cloud-alibaba-nacos-discovery-0.9.0.RELEASE.jar:0.9.0.RELEASE]
	at org.springframework.scheduling.support.DelegatingErrorHandlingRunnable.run(DelegatingErrorHandlingRunnable.java:54) ~[spring-context-5.1.7.RELEASE.jar:5.1.7.RELEASE]
	at java.util.concurrent.Executors$RunnableAdapter.call(Executors.java:511) ~[na:1.8.0_202]
	at java.util.concurrent.FutureTask.runAndReset(FutureTask.java:308) ~[na:1.8.0_202]
	at java.util.concurrent.ScheduledThreadPoolExecutor$ScheduledFutureTask.access$301(ScheduledThreadPoolExecutor.java:180) ~[na:1.8.0_202]
	at java.util.concurrent.ScheduledThreadPoolExecutor$ScheduledFutureTask.run(ScheduledThreadPoolExecutor.java:294) ~[na:1.8.0_202]
	at java.util.concurrent.ThreadPoolExecutor.runWorker(ThreadPoolExecutor.java:1149) ~[na:1.8.0_202]
	at java.util.concurrent.ThreadPoolExecutor$Worker.run(ThreadPoolExecutor.java:624) ~[na:1.8.0_202]
	at java.lang.Thread.run(Thread.java:748) ~[na:1.8.0_202]

2021-02-18 10:24:51.298  WARN [content-center,,,] 23693 --- [           main] z.r.AsyncReporter$BoundedAsyncReporter   : Timed out waiting for in-flight spans to send
2021-02-18 10:24:51.303  INFO [content-center,,,] 23693 --- [           main] o.s.s.c.ThreadPoolTaskScheduler          : Shutting down ExecutorService 'taskScheduler'
2021-02-18 10:24:51.312  INFO [content-center,,,] 23693 --- [lientSelector_1] RocketmqRemoting                         : closeChannel: close the connection to remote address[] result: true
2021-02-18 10:24:51.315  INFO [content-center,,,] 23693 --- [lientSelector_1] RocketmqRemoting                         : closeChannel: close the connection to remote address[] result: true
2021-02-18 10:24:51.319  INFO [content-center,,,] 23693 --- [lientSelector_1] RocketmqRemoting                         : closeChannel: close the connection to remote address[] result: true
2021-02-18 10:24:51.322  INFO [content-center,,,] 23693 --- [lientSelector_1] RocketmqRemoting                         : closeChannel: close the connection to remote address[127.0.0.1:9876] result: true
2021-02-18 10:24:51.346  INFO [content-center,,,] 23693 --- [           main] ConditionEvaluationReportLoggingListener : 

Error starting ApplicationContext. To display the conditions report re-run your application with 'debug' enabled.
2021-02-18 10:24:51.349 ERROR [content-center,,,] 23693 --- [           main] o.s.boot.SpringApplication               : Application run failed

org.springframework.beans.factory.BeanCreationException: Error creating bean with name 'scopedTarget.testController': Injection of autowired dependencies failed; nested exception is java.lang.IllegalArgumentException: Could not resolve placeholder 'your.configuration' in value "${your.configuration}"
	at org.springframework.beans.factory.annotation.AutowiredAnnotationBeanPostProcessor.postProcessProperties(AutowiredAnnotationBeanPostProcessor.java:380) ~[spring-beans-5.1.7.RELEASE.jar:5.1.7.RELEASE]
	at org.springframework.beans.factory.support.AbstractAutowireCapableBeanFactory.populateBean(AbstractAutowireCapableBeanFactory.java:1411) ~[spring-beans-5.1.7.RELEASE.jar:5.1.7.RELEASE]
	at org.springframework.beans.factory.support.AbstractAutowireCapableBeanFactory.doCreateBean(AbstractAutowireCapableBeanFactory.java:592) ~[spring-beans-5.1.7.RELEASE.jar:5.1.7.RELEASE]
	at org.springframework.beans.factory.support.AbstractAutowireCapableBeanFactory.createBean(AbstractAutowireCapableBeanFactory.java:515) ~[spring-beans-5.1.7.RELEASE.jar:5.1.7.RELEASE]
	at org.springframework.beans.factory.support.AbstractBeanFactory.lambda$doGetBean$1(AbstractBeanFactory.java:356) ~[spring-beans-5.1.7.RELEASE.jar:5.1.7.RELEASE]
	at org.springframework.cloud.context.scope.GenericScope$BeanLifecycleWrapper.getBean(GenericScope.java:389) ~[spring-cloud-context-2.1.1.RELEASE.jar:2.1.1.RELEASE]
	at org.springframework.cloud.context.scope.GenericScope.get(GenericScope.java:186) ~[spring-cloud-context-2.1.1.RELEASE.jar:2.1.1.RELEASE]
	at org.springframework.beans.factory.support.AbstractBeanFactory.doGetBean(AbstractBeanFactory.java:353) ~[spring-beans-5.1.7.RELEASE.jar:5.1.7.RELEASE]
	at org.springframework.beans.factory.support.AbstractBeanFactory.getBean(AbstractBeanFactory.java:199) ~[spring-beans-5.1.7.RELEASE.jar:5.1.7.RELEASE]
	at org.springframework.context.support.AbstractApplicationContext.getBean(AbstractApplicationContext.java:1105) ~[spring-context-5.1.7.RELEASE.jar:5.1.7.RELEASE]
	at org.springframework.cloud.context.scope.refresh.RefreshScope.eagerlyInitialize(RefreshScope.java:134) ~[spring-cloud-context-2.1.1.RELEASE.jar:2.1.1.RELEASE]
	at org.springframework.cloud.context.scope.refresh.RefreshScope.start(RefreshScope.java:125) ~[spring-cloud-context-2.1.1.RELEASE.jar:2.1.1.RELEASE]
	at org.springframework.cloud.context.scope.refresh.RefreshScope.onApplicationEvent(RefreshScope.java:119) ~[spring-cloud-context-2.1.1.RELEASE.jar:2.1.1.RELEASE]
	at org.springframework.cloud.context.scope.refresh.RefreshScope.onApplicationEvent(RefreshScope.java:73) ~[spring-cloud-context-2.1.1.RELEASE.jar:2.1.1.RELEASE]
	at org.springframework.context.event.SimpleApplicationEventMulticaster.doInvokeListener(SimpleApplicationEventMulticaster.java:172) ~[spring-context-5.1.7.RELEASE.jar:5.1.7.RELEASE]
	at org.springframework.context.event.SimpleApplicationEventMulticaster.invokeListener(SimpleApplicationEventMulticaster.java:165) ~[spring-context-5.1.7.RELEASE.jar:5.1.7.RELEASE]
	at org.springframework.context.event.SimpleApplicationEventMulticaster.multicastEvent(SimpleApplicationEventMulticaster.java:139) ~[spring-context-5.1.7.RELEASE.jar:5.1.7.RELEASE]
	at org.springframework.context.support.AbstractApplicationContext.publishEvent(AbstractApplicationContext.java:402) ~[spring-context-5.1.7.RELEASE.jar:5.1.7.RELEASE]
	at org.springframework.context.support.AbstractApplicationContext.publishEvent(AbstractApplicationContext.java:359) ~[spring-context-5.1.7.RELEASE.jar:5.1.7.RELEASE]
	at org.springframework.context.support.AbstractApplicationContext.finishRefresh(AbstractApplicationContext.java:896) ~[spring-context-5.1.7.RELEASE.jar:5.1.7.RELEASE]
	at org.springframework.context.support.AbstractApplicationContext.refresh(AbstractApplicationContext.java:552) ~[spring-context-5.1.7.RELEASE.jar:5.1.7.RELEASE]
	at org.springframework.boot.SpringApplication.refresh(SpringApplication.java:775) ~[spring-boot-2.1.5.RELEASE.jar:2.1.5.RELEASE]
	at org.springframework.boot.SpringApplication.refreshContext(SpringApplication.java:397) ~[spring-boot-2.1.5.RELEASE.jar:2.1.5.RELEASE]
	at org.springframework.boot.SpringApplication.run(SpringApplication.java:316) ~[spring-boot-2.1.5.RELEASE.jar:2.1.5.RELEASE]
	at org.springframework.boot.test.context.SpringBootContextLoader.loadContext(SpringBootContextLoader.java:127) [spring-boot-test-2.1.5.RELEASE.jar:2.1.5.RELEASE]
	at org.springframework.test.context.cache.DefaultCacheAwareContextLoaderDelegate.loadContextInternal(DefaultCacheAwareContextLoaderDelegate.java:99) [spring-test-5.1.7.RELEASE.jar:5.1.7.RELEASE]
	at org.springframework.test.context.cache.DefaultCacheAwareContextLoaderDelegate.loadContext(DefaultCacheAwareContextLoaderDelegate.java:117) [spring-test-5.1.7.RELEASE.jar:5.1.7.RELEASE]
	at org.springframework.test.context.support.DefaultTestContext.getApplicationContext(DefaultTestContext.java:108) [spring-test-5.1.7.RELEASE.jar:5.1.7.RELEASE]
	at org.springframework.test.context.web.ServletTestExecutionListener.setUpRequestContextIfNecessary(ServletTestExecutionListener.java:190) [spring-test-5.1.7.RELEASE.jar:5.1.7.RELEASE]
	at org.springframework.test.context.web.ServletTestExecutionListener.prepareTestInstance(ServletTestExecutionListener.java:132) [spring-test-5.1.7.RELEASE.jar:5.1.7.RELEASE]
	at org.springframework.test.context.TestContextManager.prepareTestInstance(TestContextManager.java:246) [spring-test-5.1.7.RELEASE.jar:5.1.7.RELEASE]
	at org.springframework.test.context.junit4.SpringJUnit4ClassRunner.createTest(SpringJUnit4ClassRunner.java:227) [spring-test-5.1.7.RELEASE.jar:5.1.7.RELEASE]
	at org.springframework.test.context.junit4.SpringJUnit4ClassRunner$1.runReflectiveCall(SpringJUnit4ClassRunner.java:289) [spring-test-5.1.7.RELEASE.jar:5.1.7.RELEASE]
	at org.junit.internal.runners.model.ReflectiveCallable.run(ReflectiveCallable.java:12) [junit-4.12.jar:4.12]
	at org.springframework.test.context.junit4.SpringJUnit4ClassRunner.methodBlock(SpringJUnit4ClassRunner.java:291) [spring-test-5.1.7.RELEASE.jar:5.1.7.RELEASE]
	at org.springframework.test.context.junit4.SpringJUnit4ClassRunner.runChild(SpringJUnit4ClassRunner.java:246) [spring-test-5.1.7.RELEASE.jar:5.1.7.RELEASE]
	at org.springframework.test.context.junit4.SpringJUnit4ClassRunner.runChild(SpringJUnit4ClassRunner.java:97) [spring-test-5.1.7.RELEASE.jar:5.1.7.RELEASE]
	at org.junit.runners.ParentRunner$3.run(ParentRunner.java:290) [junit-4.12.jar:4.12]
	at org.junit.runners.ParentRunner$1.schedule(ParentRunner.java:71) [junit-4.12.jar:4.12]
	at org.junit.runners.ParentRunner.runChildren(ParentRunner.java:288) [junit-4.12.jar:4.12]
	at org.junit.runners.ParentRunner.access$000(ParentRunner.java:58) [junit-4.12.jar:4.12]
	at org.junit.runners.ParentRunner$2.evaluate(ParentRunner.java:268) [junit-4.12.jar:4.12]
	at org.springframework.test.context.junit4.statements.RunBeforeTestClassCallbacks.evaluate(RunBeforeTestClassCallbacks.java:61) [spring-test-5.1.7.RELEASE.jar:5.1.7.RELEASE]
	at org.springframework.test.context.junit4.statements.RunAfterTestClassCallbacks.evaluate(RunAfterTestClassCallbacks.java:70) [spring-test-5.1.7.RELEASE.jar:5.1.7.RELEASE]
	at org.junit.runners.ParentRunner.run(ParentRunner.java:363) [junit-4.12.jar:4.12]
	at org.springframework.test.context.junit4.SpringJUnit4ClassRunner.run(SpringJUnit4ClassRunner.java:190) [spring-test-5.1.7.RELEASE.jar:5.1.7.RELEASE]
	at org.apache.maven.surefire.junit4.JUnit4Provider.execute(JUnit4Provider.java:365) [surefire-junit4-2.22.2.jar:2.22.2]
	at org.apache.maven.surefire.junit4.JUnit4Provider.executeWithRerun(JUnit4Provider.java:273) [surefire-junit4-2.22.2.jar:2.22.2]
	at org.apache.maven.surefire.junit4.JUnit4Provider.executeTestSet(JUnit4Provider.java:238) [surefire-junit4-2.22.2.jar:2.22.2]
	at org.apache.maven.surefire.junit4.JUnit4Provider.invoke(JUnit4Provider.java:159) [surefire-junit4-2.22.2.jar:2.22.2]
	at org.apache.maven.surefire.booter.ForkedBooter.invokeProviderInSameClassLoader(ForkedBooter.java:384) [surefire-booter-2.22.2.jar:2.22.2]
	at org.apache.maven.surefire.booter.ForkedBooter.runSuitesInProcess(ForkedBooter.java:345) [surefire-booter-2.22.2.jar:2.22.2]
	at org.apache.maven.surefire.booter.ForkedBooter.execute(ForkedBooter.java:126) [surefire-booter-2.22.2.jar:2.22.2]
	at org.apache.maven.surefire.booter.ForkedBooter.main(ForkedBooter.java:418) [surefire-booter-2.22.2.jar:2.22.2]
Caused by: java.lang.IllegalArgumentException: Could not resolve placeholder 'your.configuration' in value "${your.configuration}"
	at org.springframework.util.PropertyPlaceholderHelper.parseStringValue(PropertyPlaceholderHelper.java:178) ~[spring-core-5.1.7.RELEASE.jar:5.1.7.RELEASE]
	at org.springframework.util.PropertyPlaceholderHelper.replacePlaceholders(PropertyPlaceholderHelper.java:124) ~[spring-core-5.1.7.RELEASE.jar:5.1.7.RELEASE]
	at org.springframework.core.env.AbstractPropertyResolver.doResolvePlaceholders(AbstractPropertyResolver.java:237) ~[spring-core-5.1.7.RELEASE.jar:5.1.7.RELEASE]
	at org.springframework.core.env.AbstractPropertyResolver.resolveRequiredPlaceholders(AbstractPropertyResolver.java:211) ~[spring-core-5.1.7.RELEASE.jar:5.1.7.RELEASE]
	at org.springframework.context.support.PropertySourcesPlaceholderConfigurer.lambda$processProperties$0(PropertySourcesPlaceholderConfigurer.java:175) ~[spring-context-5.1.7.RELEASE.jar:5.1.7.RELEASE]
	at org.springframework.beans.factory.support.AbstractBeanFactory.resolveEmbeddedValue(AbstractBeanFactory.java:851) ~[spring-beans-5.1.7.RELEASE.jar:5.1.7.RELEASE]
	at org.springframework.beans.factory.support.DefaultListableBeanFactory.doResolveDependency(DefaultListableBeanFactory.java:1189) ~[spring-beans-5.1.7.RELEASE.jar:5.1.7.RELEASE]
	at org.springframework.beans.factory.support.DefaultListableBeanFactory.resolveDependency(DefaultListableBeanFactory.java:1168) ~[spring-beans-5.1.7.RELEASE.jar:5.1.7.RELEASE]
	at org.springframework.beans.factory.annotation.AutowiredAnnotationBeanPostProcessor$AutowiredFieldElement.inject(AutowiredAnnotationBeanPostProcessor.java:593) ~[spring-beans-5.1.7.RELEASE.jar:5.1.7.RELEASE]
	at org.springframework.beans.factory.annotation.InjectionMetadata.inject(InjectionMetadata.java:90) ~[spring-beans-5.1.7.RELEASE.jar:5.1.7.RELEASE]
	at org.springframework.beans.factory.annotation.AutowiredAnnotationBeanPostProcessor.postProcessProperties(AutowiredAnnotationBeanPostProcessor.java:374) ~[spring-beans-5.1.7.RELEASE.jar:5.1.7.RELEASE]
	... 53 common frames omitted

2021-02-18 10:24:51.351 ERROR [content-center,,,] 23693 --- [           main] o.s.test.context.TestContextManager      : Caught exception while allowing TestExecutionListener [org.springframework.test.context.web.ServletTestExecutionListener@1dac5ef] to prepare test instance [com.itmuch.contentcenter.ContentCenterApplicationTests@65595be7]

java.lang.IllegalStateException: Failed to load ApplicationContext
	at org.springframework.test.context.cache.DefaultCacheAwareContextLoaderDelegate.loadContext(DefaultCacheAwareContextLoaderDelegate.java:125) ~[spring-test-5.1.7.RELEASE.jar:5.1.7.RELEASE]
	at org.springframework.test.context.support.DefaultTestContext.getApplicationContext(DefaultTestContext.java:108) ~[spring-test-5.1.7.RELEASE.jar:5.1.7.RELEASE]
	at org.springframework.test.context.web.ServletTestExecutionListener.setUpRequestContextIfNecessary(ServletTestExecutionListener.java:190) ~[spring-test-5.1.7.RELEASE.jar:5.1.7.RELEASE]
	at org.springframework.test.context.web.ServletTestExecutionListener.prepareTestInstance(ServletTestExecutionListener.java:132) ~[spring-test-5.1.7.RELEASE.jar:5.1.7.RELEASE]
	at org.springframework.test.context.TestContextManager.prepareTestInstance(TestContextManager.java:246) ~[spring-test-5.1.7.RELEASE.jar:5.1.7.RELEASE]
	at org.springframework.test.context.junit4.SpringJUnit4ClassRunner.createTest(SpringJUnit4ClassRunner.java:227) [spring-test-5.1.7.RELEASE.jar:5.1.7.RELEASE]
	at org.springframework.test.context.junit4.SpringJUnit4ClassRunner$1.runReflectiveCall(SpringJUnit4ClassRunner.java:289) [spring-test-5.1.7.RELEASE.jar:5.1.7.RELEASE]
	at org.junit.internal.runners.model.ReflectiveCallable.run(ReflectiveCallable.java:12) [junit-4.12.jar:4.12]
	at org.springframework.test.context.junit4.SpringJUnit4ClassRunner.methodBlock(SpringJUnit4ClassRunner.java:291) [spring-test-5.1.7.RELEASE.jar:5.1.7.RELEASE]
	at org.springframework.test.context.junit4.SpringJUnit4ClassRunner.runChild(SpringJUnit4ClassRunner.java:246) [spring-test-5.1.7.RELEASE.jar:5.1.7.RELEASE]
	at org.springframework.test.context.junit4.SpringJUnit4ClassRunner.runChild(SpringJUnit4ClassRunner.java:97) [spring-test-5.1.7.RELEASE.jar:5.1.7.RELEASE]
	at org.junit.runners.ParentRunner$3.run(ParentRunner.java:290) [junit-4.12.jar:4.12]
	at org.junit.runners.ParentRunner$1.schedule(ParentRunner.java:71) [junit-4.12.jar:4.12]
	at org.junit.runners.ParentRunner.runChildren(ParentRunner.java:288) [junit-4.12.jar:4.12]
	at org.junit.runners.ParentRunner.access$000(ParentRunner.java:58) [junit-4.12.jar:4.12]
	at org.junit.runners.ParentRunner$2.evaluate(ParentRunner.java:268) [junit-4.12.jar:4.12]
	at org.springframework.test.context.junit4.statements.RunBeforeTestClassCallbacks.evaluate(RunBeforeTestClassCallbacks.java:61) [spring-test-5.1.7.RELEASE.jar:5.1.7.RELEASE]
	at org.springframework.test.context.junit4.statements.RunAfterTestClassCallbacks.evaluate(RunAfterTestClassCallbacks.java:70) [spring-test-5.1.7.RELEASE.jar:5.1.7.RELEASE]
	at org.junit.runners.ParentRunner.run(ParentRunner.java:363) [junit-4.12.jar:4.12]
	at org.springframework.test.context.junit4.SpringJUnit4ClassRunner.run(SpringJUnit4ClassRunner.java:190) [spring-test-5.1.7.RELEASE.jar:5.1.7.RELEASE]
	at org.apache.maven.surefire.junit4.JUnit4Provider.execute(JUnit4Provider.java:365) [surefire-junit4-2.22.2.jar:2.22.2]
	at org.apache.maven.surefire.junit4.JUnit4Provider.executeWithRerun(JUnit4Provider.java:273) [surefire-junit4-2.22.2.jar:2.22.2]
	at org.apache.maven.surefire.junit4.JUnit4Provider.executeTestSet(JUnit4Provider.java:238) [surefire-junit4-2.22.2.jar:2.22.2]
	at org.apache.maven.surefire.junit4.JUnit4Provider.invoke(JUnit4Provider.java:159) [surefire-junit4-2.22.2.jar:2.22.2]
	at org.apache.maven.surefire.booter.ForkedBooter.invokeProviderInSameClassLoader(ForkedBooter.java:384) [surefire-booter-2.22.2.jar:2.22.2]
	at org.apache.maven.surefire.booter.ForkedBooter.runSuitesInProcess(ForkedBooter.java:345) [surefire-booter-2.22.2.jar:2.22.2]
	at org.apache.maven.surefire.booter.ForkedBooter.execute(ForkedBooter.java:126) [surefire-booter-2.22.2.jar:2.22.2]
	at org.apache.maven.surefire.booter.ForkedBooter.main(ForkedBooter.java:418) [surefire-booter-2.22.2.jar:2.22.2]
Caused by: org.springframework.beans.factory.BeanCreationException: Error creating bean with name 'scopedTarget.testController': Injection of autowired dependencies failed; nested exception is java.lang.IllegalArgumentException: Could not resolve placeholder 'your.configuration' in value "${your.configuration}"
	at org.springframework.beans.factory.annotation.AutowiredAnnotationBeanPostProcessor.postProcessProperties(AutowiredAnnotationBeanPostProcessor.java:380) ~[spring-beans-5.1.7.RELEASE.jar:5.1.7.RELEASE]
	at org.springframework.beans.factory.support.AbstractAutowireCapableBeanFactory.populateBean(AbstractAutowireCapableBeanFactory.java:1411) ~[spring-beans-5.1.7.RELEASE.jar:5.1.7.RELEASE]
	at org.springframework.beans.factory.support.AbstractAutowireCapableBeanFactory.doCreateBean(AbstractAutowireCapableBeanFactory.java:592) ~[spring-beans-5.1.7.RELEASE.jar:5.1.7.RELEASE]
	at org.springframework.beans.factory.support.AbstractAutowireCapableBeanFactory.createBean(AbstractAutowireCapableBeanFactory.java:515) ~[spring-beans-5.1.7.RELEASE.jar:5.1.7.RELEASE]
	at org.springframework.beans.factory.support.AbstractBeanFactory.lambda$doGetBean$1(AbstractBeanFactory.java:356) ~[spring-beans-5.1.7.RELEASE.jar:5.1.7.RELEASE]
	at org.springframework.cloud.context.scope.GenericScope$BeanLifecycleWrapper.getBean(GenericScope.java:389) ~[spring-cloud-context-2.1.1.RELEASE.jar:2.1.1.RELEASE]
	at org.springframework.cloud.context.scope.GenericScope.get(GenericScope.java:186) ~[spring-cloud-context-2.1.1.RELEASE.jar:2.1.1.RELEASE]
	at org.springframework.beans.factory.support.AbstractBeanFactory.doGetBean(AbstractBeanFactory.java:353) ~[spring-beans-5.1.7.RELEASE.jar:5.1.7.RELEASE]
	at org.springframework.beans.factory.support.AbstractBeanFactory.getBean(AbstractBeanFactory.java:199) ~[spring-beans-5.1.7.RELEASE.jar:5.1.7.RELEASE]
	at org.springframework.context.support.AbstractApplicationContext.getBean(AbstractApplicationContext.java:1105) ~[spring-context-5.1.7.RELEASE.jar:5.1.7.RELEASE]
	at org.springframework.cloud.context.scope.refresh.RefreshScope.eagerlyInitialize(RefreshScope.java:134) ~[spring-cloud-context-2.1.1.RELEASE.jar:2.1.1.RELEASE]
	at org.springframework.cloud.context.scope.refresh.RefreshScope.start(RefreshScope.java:125) ~[spring-cloud-context-2.1.1.RELEASE.jar:2.1.1.RELEASE]
	at org.springframework.cloud.context.scope.refresh.RefreshScope.onApplicationEvent(RefreshScope.java:119) ~[spring-cloud-context-2.1.1.RELEASE.jar:2.1.1.RELEASE]
	at org.springframework.cloud.context.scope.refresh.RefreshScope.onApplicationEvent(RefreshScope.java:73) ~[spring-cloud-context-2.1.1.RELEASE.jar:2.1.1.RELEASE]
	at org.springframework.context.event.SimpleApplicationEventMulticaster.doInvokeListener(SimpleApplicationEventMulticaster.java:172) ~[spring-context-5.1.7.RELEASE.jar:5.1.7.RELEASE]
	at org.springframework.context.event.SimpleApplicationEventMulticaster.invokeListener(SimpleApplicationEventMulticaster.java:165) ~[spring-context-5.1.7.RELEASE.jar:5.1.7.RELEASE]
	at org.springframework.context.event.SimpleApplicationEventMulticaster.multicastEvent(SimpleApplicationEventMulticaster.java:139) ~[spring-context-5.1.7.RELEASE.jar:5.1.7.RELEASE]
	at org.springframework.context.support.AbstractApplicationContext.publishEvent(AbstractApplicationContext.java:402) ~[spring-context-5.1.7.RELEASE.jar:5.1.7.RELEASE]
	at org.springframework.context.support.AbstractApplicationContext.publishEvent(AbstractApplicationContext.java:359) ~[spring-context-5.1.7.RELEASE.jar:5.1.7.RELEASE]
	at org.springframework.context.support.AbstractApplicationContext.finishRefresh(AbstractApplicationContext.java:896) ~[spring-context-5.1.7.RELEASE.jar:5.1.7.RELEASE]
	at org.springframework.context.support.AbstractApplicationContext.refresh(AbstractApplicationContext.java:552) ~[spring-context-5.1.7.RELEASE.jar:5.1.7.RELEASE]
	at org.springframework.boot.SpringApplication.refresh(SpringApplication.java:775) ~[spring-boot-2.1.5.RELEASE.jar:2.1.5.RELEASE]
	at org.springframework.boot.SpringApplication.refreshContext(SpringApplication.java:397) ~[spring-boot-2.1.5.RELEASE.jar:2.1.5.RELEASE]
	at org.springframework.boot.SpringApplication.run(SpringApplication.java:316) ~[spring-boot-2.1.5.RELEASE.jar:2.1.5.RELEASE]
	at org.springframework.boot.test.context.SpringBootContextLoader.loadContext(SpringBootContextLoader.java:127) ~[spring-boot-test-2.1.5.RELEASE.jar:2.1.5.RELEASE]
	at org.springframework.test.context.cache.DefaultCacheAwareContextLoaderDelegate.loadContextInternal(DefaultCacheAwareContextLoaderDelegate.java:99) ~[spring-test-5.1.7.RELEASE.jar:5.1.7.RELEASE]
	at org.springframework.test.context.cache.DefaultCacheAwareContextLoaderDelegate.loadContext(DefaultCacheAwareContextLoaderDelegate.java:117) ~[spring-test-5.1.7.RELEASE.jar:5.1.7.RELEASE]
	... 27 common frames omitted
Caused by: java.lang.IllegalArgumentException: Could not resolve placeholder 'your.configuration' in value "${your.configuration}"
	at org.springframework.util.PropertyPlaceholderHelper.parseStringValue(PropertyPlaceholderHelper.java:178) ~[spring-core-5.1.7.RELEASE.jar:5.1.7.RELEASE]
	at org.springframework.util.PropertyPlaceholderHelper.replacePlaceholders(PropertyPlaceholderHelper.java:124) ~[spring-core-5.1.7.RELEASE.jar:5.1.7.RELEASE]
	at org.springframework.core.env.AbstractPropertyResolver.doResolvePlaceholders(AbstractPropertyResolver.java:237) ~[spring-core-5.1.7.RELEASE.jar:5.1.7.RELEASE]
	at org.springframework.core.env.AbstractPropertyResolver.resolveRequiredPlaceholders(AbstractPropertyResolver.java:211) ~[spring-core-5.1.7.RELEASE.jar:5.1.7.RELEASE]
	at org.springframework.context.support.PropertySourcesPlaceholderConfigurer.lambda$processProperties$0(PropertySourcesPlaceholderConfigurer.java:175) ~[spring-context-5.1.7.RELEASE.jar:5.1.7.RELEASE]
	at org.springframework.beans.factory.support.AbstractBeanFactory.resolveEmbeddedValue(AbstractBeanFactory.java:851) ~[spring-beans-5.1.7.RELEASE.jar:5.1.7.RELEASE]
	at org.springframework.beans.factory.support.DefaultListableBeanFactory.doResolveDependency(DefaultListableBeanFactory.java:1189) ~[spring-beans-5.1.7.RELEASE.jar:5.1.7.RELEASE]
	at org.springframework.beans.factory.support.DefaultListableBeanFactory.resolveDependency(DefaultListableBeanFactory.java:1168) ~[spring-beans-5.1.7.RELEASE.jar:5.1.7.RELEASE]
	at org.springframework.beans.factory.annotation.AutowiredAnnotationBeanPostProcessor$AutowiredFieldElement.inject(AutowiredAnnotationBeanPostProcessor.java:593) ~[spring-beans-5.1.7.RELEASE.jar:5.1.7.RELEASE]
	at org.springframework.beans.factory.annotation.InjectionMetadata.inject(InjectionMetadata.java:90) ~[spring-beans-5.1.7.RELEASE.jar:5.1.7.RELEASE]
	at org.springframework.beans.factory.annotation.AutowiredAnnotationBeanPostProcessor.postProcessProperties(AutowiredAnnotationBeanPostProcessor.java:374) ~[spring-beans-5.1.7.RELEASE.jar:5.1.7.RELEASE]
	... 53 common frames omitted

]]></system-out>
  </testcase>
</testsuite>